#
# A fatal error has been detected by the Java Runtime Environment:
#
#  EXCEPTION_UNCAUGHT_CXX_EXCEPTION (0xe06d7363) at pc=0x00007ffc33277788, pid=6944, tid=4332
#
# JRE version: Java(TM) SE Runtime Environment (8.0_65-b17) (build 1.8.0_65-b17)
# Java VM: Java HotSpot(TM) 64-Bit Server VM (25.65-b01 mixed mode windows-amd64 compressed oops)
# Problematic frame:
# C  [KERNELBASE.dll+0x17788]
#
# Failed to write core dump. Minidumps are not enabled by default on client versions of Windows
#
# If you would like to submit a bug report, please visit:
#   http://bugreport.java.com/bugreport/crash.jsp
# The crash happened outside the Java Virtual Machine in native code.
# See problematic frame for where to report the bug.
#

---------------  T H R E A D  ---------------

Current thread (0x000000001935d000):  JavaThread "AWT-EventQueue-0" [_thread_in_native, id=4332, stack(0x000000001a2e0000,0x000000001a3e0000)]

siginfo: ExceptionCode=0xe06d7363, ExceptionInformation=0x0000000019930520 0x000000001a3cc990 0x00007ffc0771cd78 0x00007ffc074d0000 

Registers:
RAX=0x0000000016c346a8, RBX=0x000000001a3cc1f0, RCX=0x00000000029af4d0, RDX=0x000000006ef0b202
RSP=0x000000001a3ca330, RBP=0x000000001a3ca9e0, RSI=0x000000001a3cc820, RDI=0x000000001a3cb140
R8 =0x000000006ef05005, R9 =0x000000001a3c9e48, R10=0x0000000016e47ee8, R11=0x0000000002a97ced
R12=0x000000001a3ca488, R13=0x0000000000000000, R14=0x000000001a3cb758, R15=0x0000000000000000
RIP=0x00007ffc33277788, EFLAGS=0x0000000000000206

Top of Stack: (sp=0x000000001a3ca330)
0x000000001a3ca330:   000000001efc2df0 000000001a3cc1f0
0x000000001a3ca340:   000000001a3cc820 000000001a3cb140
0x000000001a3ca350:   00000001e06d7363 0000000000000000
0x000000001a3ca360:   00007ffc33277788 0000000000000004
0x000000001a3ca370:   0000000019930520 000000001a3cc990
0x000000001a3ca380:   00007ffc0771cd78 00007ffc074d0000
0x000000001a3ca390:   0000dfb30e4d7278 000000001a3cc1f0
0x000000001a3ca3a0:   000000001a3cb140 00007ffc11e93490
0x000000001a3ca3b0:   0000000000000000 0000000016e5c630
0x000000001a3ca3c0:   00000000172de930 00000000172ccf90
0x000000001a3ca3d0:   000000001a3cb140 00007ffc11e93403
0x000000001a3ca3e0:   000000001a3cc1f0 000000001a3dce70
0x000000001a3ca3f0:   00003b3210a8bef2 0000000016e47e48
0x000000001a3ca400:   000000001a3cc1f0 00007ffc11ece3d9
0x000000001a3ca410:   00007ffc07343c08 000000001a3cb758
0x000000001a3ca420:   0000000000000100 0000000016e3cec0 

Instructions: (pc=0x00007ffc33277788)
0x00007ffc33277768:   49 8b d1 44 0f 47 c0 44 89 44 24 38 49 c1 e0 03
0x00007ffc33277778:   e8 07 55 06 00 48 8d 4c 24 20 ff 15 e0 08 13 00
0x00007ffc33277788:   48 8b 8c 24 c0 00 00 00 48 33 cc e8 98 1a 06 00
0x00007ffc33277798:   48 81 c4 d8 00 00 00 c3 83 64 24 38 00 eb d6 cc 


Register to memory mapping:

RAX={method} {0x0000000016c346b0} 'loadClass' '(Ljava/lang/String;)Ljava/lang/Class;' in 'java/lang/ClassLoader'
RBX=0x000000001a3cc1f0 is pointing into the stack for thread: 0x000000001935d000
RCX=0x00000000029af4d0 is an unknown value
RDX=0x000000006ef0b202 is an unknown value
RSP=0x000000001a3ca330 is pointing into the stack for thread: 0x000000001935d000
RBP=0x000000001a3ca9e0 is pointing into the stack for thread: 0x000000001935d000
RSI=0x000000001a3cc820 is pointing into the stack for thread: 0x000000001935d000
RDI=0x000000001a3cb140 is pointing into the stack for thread: 0x000000001935d000
R8 =0x000000006ef05005 is an unknown value
R9 =0x000000001a3c9e48 is pointing into the stack for thread: 0x000000001935d000
R10=0x0000000016e47ee8 is pointing into metadata
R11=0x0000000002a97ced is at code_begin+2093 in an Interpreter codelet
invoke return entry points  [0x0000000002a974c0, 0x0000000002a97dc0]  2304 bytes
R12=0x000000001a3ca488 is pointing into the stack for thread: 0x000000001935d000
R13=0x0000000000000000 is an unknown value
R14=0x000000001a3cb758 is pointing into the stack for thread: 0x000000001935d000
R15=0x0000000000000000 is an unknown value


Stack: [0x000000001a2e0000,0x000000001a3e0000],  sp=0x000000001a3ca330,  free space=936k
Native frames: (J=compiled Java code, j=interpreted, Vv=VM code, C=native code)
C  [KERNELBASE.dll+0x17788]
