#
# A fatal error has been detected by the Java Runtime Environment:
#
#  EXCEPTION_UNCAUGHT_CXX_EXCEPTION (0xe06d7363) at pc=0x00007ffc33277788, pid=6044, tid=12936
#
# JRE version: Java(TM) SE Runtime Environment (8.0_65-b17) (build 1.8.0_65-b17)
# Java VM: Java HotSpot(TM) 64-Bit Server VM (25.65-b01 mixed mode windows-amd64 compressed oops)
# Problematic frame:
# C  [KERNELBASE.dll+0x17788]
#
# Failed to write core dump. Minidumps are not enabled by default on client versions of Windows
#
# If you would like to submit a bug report, please visit:
#   http://bugreport.java.com/bugreport/crash.jsp
# The crash happened outside the Java Virtual Machine in native code.
# See problematic frame for where to report the bug.
#

---------------  T H R E A D  ---------------

Current thread (0x0000000018ebd800):  JavaThread "AWT-EventQueue-0" [_thread_in_native, id=12936, stack(0x0000000019df0000,0x0000000019ef0000)]

siginfo: ExceptionCode=0xe06d7363, ExceptionInformation=0x0000000019930520 0x0000000019edc2c0 0x00007ffc071ccd78 0x00007ffc06f80000 

Registers:
RAX=0x0000000016a2dcf0, RBX=0x00007ffc071ccd78, RCX=0x0000000000000000, RDX=0x0000030303030303
RSP=0x0000000019edc130, RBP=0x0000000019edc270, RSI=0x00007ffc06e4bfc8, RDI=0x0000000019edc2c0
R8 =0x0000000019edbc88, R9 =0x0000000002b7db00, R10=0x0000000002b7dc78, R11=0x0000000000000000
R12=0x00000000ffffff32, R13=0x0000000000000000, R14=0x00007ffc06e4bec0, R15=0x0000000019eec4c0
RIP=0x00007ffc33277788, EFLAGS=0x0000000000000202

Top of Stack: (sp=0x0000000019edc130)
0x0000000019edc130:   0000000018ebd800 00007ffc071ccd78
0x0000000019edc140:   00007ffc06e4bfc8 0000000019edc2c0
0x0000000019edc150:   00000001e06d7363 0000000000000000
0x0000000019edc160:   00007ffc33277788 0000000000000004
0x0000000019edc170:   0000000019930520 0000000019edc2c0
0x0000000019edc180:   00007ffc071ccd78 00007ffc06f80000
0x0000000019edc190:   0000000000000000 00000000ffffff32
0x0000000019edc1a0:   0000000019edc2c0 00007ffc06e4bfc8
0x0000000019edc1b0:   0000000019edc270 00007ffc369fc26f
0x0000000019edc1c0:   0000000019edc280 00007ffc00000000
0x0000000019edc1d0:   0000000019edc2c0 00007ffc11ecd306
0x0000000019edc1e0:   00007ffc071ef000 00007ffc06f80000
0x0000000019edc1f0:   00000ea3be51a485 00007ffc11f4c4d0
0x0000000019edc200:   00007ffc071ccd78 00007ffc11ecef63
0x0000000019edc210:   0000000019edc2c0 00007ffc11e9eb8d
0x0000000019edc220:   00007ffc11f4c4d0 00007ffc06e4bfc8 

Instructions: (pc=0x00007ffc33277788)
0x00007ffc33277768:   49 8b d1 44 0f 47 c0 44 89 44 24 38 49 c1 e0 03
0x00007ffc33277778:   e8 07 55 06 00 48 8d 4c 24 20 ff 15 e0 08 13 00
0x00007ffc33277788:   48 8b 8c 24 c0 00 00 00 48 33 cc e8 98 1a 06 00
0x00007ffc33277798:   48 81 c4 d8 00 00 00 c3 83 64 24 38 00 eb d6 cc 


Register to memory mapping:

RAX=0x0000000016a2dcf0 is pointing into metadata
RBX=0x00007ffc071ccd78 is an unknown value
RCX=0x0000000000000000 is an unknown value
RDX=0x0000030303030303 is an unknown value
RSP=0x0000000019edc130 is pointing into the stack for thread: 0x0000000018ebd800
RBP=0x0000000019edc270 is pointing into the stack for thread: 0x0000000018ebd800
RSI=0x00007ffc06e4bfc8 is an unknown value
RDI=0x0000000019edc2c0 is pointing into the stack for thread: 0x0000000018ebd800
R8 =0x0000000019edbc88 is pointing into the stack for thread: 0x0000000018ebd800
R9 =0x0000000002b7db00 is at entry_point+1376 in (nmethod*)0x0000000002b7d410
R10=0x0000000002b7dc78 is at entry_point+1752 in (nmethod*)0x0000000002b7d410
R11=0x0000000000000000 is an unknown value
R12=0x00000000ffffff32 is an unallocated location in the heap
R13=0x0000000000000000 is an unknown value
R14=0x00007ffc06e4bec0 is an unknown value
R15=0x0000000019eec4c0 is pointing into the stack for thread: 0x0000000018ebd800


Stack: [0x0000000019df0000,0x0000000019ef0000],  sp=0x0000000019edc130,  free space=944k
Native frames: (J=compiled Java code, j=interpreted, Vv=VM code, C=native code)
C  [KERNELBASE.dll+0x17788]
C  [MSVCR120.dll+0x5ef63]
C  [opencv_core320.dll+0x1a2c34]
C  [opencv_core320.dll+0x1a2d76]
C  [opencv_imgproc320.dll+0x1c37cd]
C  [opencv_imgproc320.dll+0x1c767d]
C  [jniopencv_imgproc.dll+0x79c68]
C  0x0000000002675e34

Java frames: (J=compiled Java code, j=interpreted, Vv=VM code)
j  org.bytedeco.javacpp.opencv_imgproc.cvAdaptiveThreshold(Lorg/bytedeco/javacpp/helper/opencv_core$CvArr;Lorg/bytedeco/javacpp/helper/opencv_core$CvArr;DIIID)V+0
j  com.talcorp.pfe.Logique.toB_W(Ljavax/swing/JLabel;)V+59
j  fenetres.Principal.jLabelTransformeEnLigneMouseClicked(Ljava/awt/event/MouseEvent;)V+19
j  fenetres.Principal.access$200(Lfenetres/Principal;Ljava/awt/event/MouseEvent;)V+2
j  fenetres.Principal$3.mouseClicked(Ljava/awt/event/MouseEvent;)V+5
j  java.awt.AWTEventMulticaster.mouseClicked(Ljava/awt/event/MouseEvent;)V+21
j  java.awt.Component.processMouseEvent(Ljava/awt/event/MouseEvent;)V+74
j  javax.swing.JComponent.processMouseEvent(Ljava/awt/event/MouseEvent;)V+23
j  java.awt.Component.processEvent(Ljava/awt/AWTEvent;)V+81
j  java.awt.Container.processEvent(Ljava/awt/AWTEvent;)V+18
j  java.awt.Component.dispatchEventImpl(Ljava/awt/AWTEvent;)V+589
J 1520 C1 java.awt.Container.dispatchEventImpl(Ljava/awt/AWTEvent;)V (129 bytes) @ 0x0000000002af9544 [0x0000000002af9400+0x144]
j  java.awt.Component.dispatchEvent(Ljava/awt/AWTEvent;)V+2
j  java.awt.LightweightDispatcher.retargetMouseEvent(Ljava/awt/Component;ILjava/awt/event/MouseEvent;)V+327
j  java.awt.LightweightDispatcher.processMouseEvent(Ljava/awt/event/MouseEvent;)Z+171
j  java.awt.LightweightDispatcher.dispatchEvent(Ljava/awt/AWTEvent;)Z+50
J 1520 C1 java.awt.Container.dispatchEventImpl(Ljava/awt/AWTEvent;)V (129 bytes) @ 0x0000000002af94e4 [0x0000000002af9400+0xe4]
j  java.awt.Window.dispatchEventImpl(Ljava/awt/AWTEvent;)V+19
J 1458 C1 java.awt.EventQueue.dispatchEventImpl(Ljava/awt/AWTEvent;Ljava/lang/Object;)V (149 bytes) @ 0x0000000002ad137c [0x0000000002acfb40+0x183c]
J 1456 C1 java.awt.EventQueue$3.run()Ljava/lang/Void; (60 bytes) @ 0x0000000002acf30c [0x0000000002acf100+0x20c]
J 1455 C1 java.awt.EventQueue$3.run()Ljava/lang/Object; (5 bytes) @ 0x0000000002aca98c [0x0000000002aca900+0x8c]
v  ~StubRoutines::call_stub
J 1138  java.security.AccessController.doPrivileged(Ljava/security/PrivilegedAction;Ljava/security/AccessControlContext;)Ljava/lang/Object; (0 bytes) @ 0x0000000002a09f26 [0x0000000002a09ec0+0x66]
J 1145 C1 java.security.ProtectionDomain$JavaSecurityAccessImpl.doIntersectionPrivilege(Ljava/security/PrivilegedAction;Ljava/security/AccessControlContext;Ljava/security/AccessControlContext;)Ljava/lang/Object; (22 bytes) @ 0x0000000002a0bc6c [0x0000000002a0b800+0x46c]
j  java.security.ProtectionDomain$JavaSecurityAccessImpl.doIntersectionPrivilege(Ljava/security/PrivilegedAction;Ljava/security/AccessControlContext;)Ljava/lang/Object;+6
j  java.awt.EventQueue$4.run()Ljava/lang/Void;+11
j  java.awt.EventQueue$4.run()Ljava/lang/Object;+1
v  ~StubRoutines::call_stub
J 1138  java.security.AccessController.doPrivileged(Ljava/security/PrivilegedAction;Ljava/security/AccessControlContext;)Ljava/lang/Object; (0 bytes) @ 0x0000000002a09f26 [0x0000000002a09ec0+0x66]
J 1289 C1 java.awt.EventQueue.dispatchEvent(Ljava/awt/AWTEvent;)V (80 bytes) @ 0x0000000002a69bfc [0x0000000002a68d80+0xe7c]
J 1298 C1 java.awt.EventDispatchThread.pumpOneEventForFilters(I)V (295 bytes) @ 0x0000000002a71464 [0x0000000002a6f900+0x1b64]
j  java.awt.EventDispatchThread.pumpEventsForFilter(ILjava/awt/Conditional;Ljava/awt/EventFilter;)V+35
j  java.awt.EventDispatchThread.pumpEventsForHierarchy(ILjava/awt/Conditional;Ljava/awt/Component;)V+11
j  java.awt.EventDispatchThread.pumpEvents(ILjava/awt/Conditional;)V+4
j  java.awt.EventDispatchThread.pumpEvents(Ljava/awt/Conditional;)V+3
j  java.awt.EventDispatchThread.run()V+9
v  ~StubRoutines::call_stub

---------------  P R O C E S S  ---------------

Java Threads: ( => current thread )
  0x000000001a487800 JavaThread "JavaCPP Deallocator" daemon [_thread_blocked, id=1128, stack(0x000000001cf80000,0x000000001d080000)]
  0x000000001a06b800 JavaThread "Swing-Shell" daemon [_thread_blocked, id=7288, stack(0x000000001b430000,0x000000001b530000)]
  0x000000001a05f000 JavaThread "TimerQueue" daemon [_thread_blocked, id=5328, stack(0x000000001b060000,0x000000001b160000)]
  0x000000001a049000 JavaThread "Image Fetcher 1" daemon [_thread_blocked, id=3744, stack(0x000000001ab00000,0x000000001ac00000)]
  0x0000000000d0e800 JavaThread "DestroyJavaVM" [_thread_blocked, id=11340, stack(0x0000000002460000,0x0000000002560000)]
=>0x0000000018ebd800 JavaThread "AWT-EventQueue-0" [_thread_in_native, id=12936, stack(0x0000000019df0000,0x0000000019ef0000)]
  0x0000000018e57000 JavaThread "AWT-Windows" daemon [_thread_in_native, id=13360, stack(0x0000000019680000,0x0000000019780000)]
  0x0000000018e54800 JavaThread "AWT-Shutdown" [_thread_blocked, id=696, stack(0x0000000019580000,0x0000000019680000)]
  0x0000000018e53800 JavaThread "Java2D Disposer" daemon [_thread_blocked, id=14748, stack(0x0000000019480000,0x0000000019580000)]
  0x00000000171ed800 JavaThread "Service Thread" daemon [_thread_blocked, id=12476, stack(0x0000000018f00000,0x0000000019000000)]
  0x000000001719c000 JavaThread "C1 CompilerThread2" daemon [_thread_blocked, id=6484, stack(0x0000000018a00000,0x0000000018b00000)]
  0x0000000017193000 JavaThread "C2 CompilerThread1" daemon [_thread_in_native, id=6360, stack(0x0000000018900000,0x0000000018a00000)]
  0x0000000017191000 JavaThread "C2 CompilerThread0" daemon [_thread_blocked, id=14332, stack(0x0000000018800000,0x0000000018900000)]
  0x000000001718f000 JavaThread "Attach Listener" daemon [_thread_blocked, id=7620, stack(0x0000000018700000,0x0000000018800000)]
  0x000000001718d800 JavaThread "Signal Dispatcher" daemon [_thread_blocked, id=12788, stack(0x0000000018600000,0x0000000018700000)]
  0x0000000002658800 JavaThread "Finalizer" daemon [_thread_blocked, id=10696, stack(0x00000000183f0000,0x00000000184f0000)]
  0x0000000017158800 JavaThread "Reference Handler" daemon [_thread_blocked, id=13948, stack(0x00000000182f0000,0x00000000183f0000)]

Other Threads:
  0x0000000017157000 VMThread [stack: 0x00000000181f0000,0x00000000182f0000] [id=14288]
  0x0000000018b53800 WatcherThread [stack: 0x0000000019000000,0x0000000019100000] [id=11056]

VM state:not at safepoint (normal execution)

VM Mutex/Monitor currently owned by a thread: None

Heap:
 PSYoungGen      total 38400K, used 18802K [0x00000000d5f00000, 0x00000000d8980000, 0x0000000100000000)
  eden space 33280K, 41% used [0x00000000d5f00000,0x00000000d6c61ba8,0x00000000d7f80000)
  from space 5120K, 99% used [0x00000000d7f80000,0x00000000d847acf0,0x00000000d8480000)
  to   space 5120K, 0% used [0x00000000d8480000,0x00000000d8480000,0x00000000d8980000)
 ParOldGen       total 87552K, used 5665K [0x0000000081c00000, 0x0000000087180000, 0x00000000d5f00000)
  object space 87552K, 6% used [0x0000000081c00000,0x00000000821886f8,0x0000000087180000)
 Metaspace       used 17863K, capacity 18122K, committed 18432K, reserved 1064960K
  class space    used 2202K, capacity 2284K, committed 2304K, reserved 1048576K

Card table byte_map: [0x0000000011a20000,0x0000000011e20000] byte_map_base: 0x0000000011612000

Marking Bits: (ParMarkBitMap*) 0x000000006f4fa5b0
 Begin Bits: [0x00000000124d0000, 0x0000000014460000)
 End Bits:   [0x0000000014460000, 0x00000000163f0000)

Polling page: 0x0000000000c70000

CodeCache: size=245760Kb used=6271Kb max_used=6271Kb free=239488Kb
 bounds [0x0000000002660000, 0x0000000002c90000, 0x0000000011660000]
 total_blobs=2702 nmethods=1958 adapters=656
 compilation: enabled

Compilation events (10 events):
Event: 11.271 Thread 0x000000001719c000 1953       3       java.lang.ClassLoader::getResource (36 bytes)
Event: 11.272 Thread 0x000000001719c000 nmethod 1953 0x0000000002c7ff10 code [0x0000000002c800e0, 0x0000000002c80758]
Event: 11.272 Thread 0x000000001719c000 1956       3       java.lang.Character::isLetterOrDigit (5 bytes)
Event: 11.272 Thread 0x000000001719c000 nmethod 1956 0x0000000002c82790 code [0x0000000002c82920, 0x0000000002c82c78]
Event: 11.272 Thread 0x000000001719c000 1957       3       java.lang.Character::isLetterOrDigit (19 bytes)
Event: 11.272 Thread 0x000000001719c000 nmethod 1957 0x0000000002c7f910 code [0x0000000002c7faa0, 0x0000000002c7fd98]
Event: 11.273 Thread 0x000000001719c000 1958       3       java.net.URLClassLoader::findResource (37 bytes)
Event: 11.274 Thread 0x000000001719c000 nmethod 1958 0x0000000002c82e10 code [0x0000000002c82fc0, 0x0000000002c834d8]
Event: 11.274 Thread 0x000000001719c000 1959       3       java.net.URLClassLoader$2::<init> (15 bytes)
Event: 11.274 Thread 0x000000001719c000 nmethod 1959 0x0000000002c836d0 code [0x0000000002c83820, 0x0000000002c839f0]

GC Heap History (2 events):
Event: 6.723 GC heap before
{Heap before GC invocations=1 (full 0):
 PSYoungGen      total 38400K, used 33280K [0x00000000d5f00000, 0x00000000d8980000, 0x0000000100000000)
  eden space 33280K, 100% used [0x00000000d5f00000,0x00000000d7f80000,0x00000000d7f80000)
  from space 5120K, 0% used [0x00000000d8480000,0x00000000d8480000,0x00000000d8980000)
  to   space 5120K, 0% used [0x00000000d7f80000,0x00000000d7f80000,0x00000000d8480000)
 ParOldGen       total 87552K, used 0K [0x0000000081c00000, 0x0000000087180000, 0x00000000d5f00000)
  object space 87552K, 0% used [0x0000000081c00000,0x0000000081c00000,0x0000000087180000)
 Metaspace       used 17052K, capacity 17290K, committed 17664K, reserved 1064960K
  class space    used 2156K, capacity 2220K, committed 2304K, reserved 1048576K
Event: 6.731 GC heap after
Heap after GC invocations=1 (full 0):
 PSYoungGen      total 38400K, used 5099K [0x00000000d5f00000, 0x00000000d8980000, 0x0000000100000000)
  eden space 33280K, 0% used [0x00000000d5f00000,0x00000000d5f00000,0x00000000d7f80000)
  from space 5120K, 99% used [0x00000000d7f80000,0x00000000d847acf0,0x00000000d8480000)
  to   space 5120K, 0% used [0x00000000d8480000,0x00000000d8480000,0x00000000d8980000)
 ParOldGen       total 87552K, used 5665K [0x0000000081c00000, 0x0000000087180000, 0x00000000d5f00000)
  object space 87552K, 6% used [0x0000000081c00000,0x00000000821886f8,0x0000000087180000)
 Metaspace       used 17052K, capacity 17290K, committed 17664K, reserved 1064960K
  class space    used 2156K, capacity 2220K, committed 2304K, reserved 1048576K
}

Deoptimization events (10 events):
Event: 6.580 Thread 0x0000000018ebd800 Uncommon trap: reason=bimorphic action=maybe_recompile pc=0x00000000029f9804 method=java.util.HashMap.putVal(ILjava/lang/Object;Ljava/lang/Object;ZZ)Ljava/lang/Object; @ 91
Event: 6.580 Thread 0x0000000018ebd800 Uncommon trap: reason=bimorphic action=maybe_recompile pc=0x00000000029f9804 method=java.util.HashMap.putVal(ILjava/lang/Object;Ljava/lang/Object;ZZ)Ljava/lang/Object; @ 91
Event: 6.580 Thread 0x0000000018ebd800 Uncommon trap: reason=bimorphic action=maybe_recompile pc=0x00000000029f9804 method=java.util.HashMap.putVal(ILjava/lang/Object;Ljava/lang/Object;ZZ)Ljava/lang/Object; @ 91
Event: 6.716 Thread 0x0000000018ebd800 Uncommon trap: reason=unstable_if action=reinterpret pc=0x00000000028e1390 method=java.lang.ThreadLocal$ThreadLocalMap.getEntry(Ljava/lang/ThreadLocal;)Ljava/lang/ThreadLocal$ThreadLocalMap$Entry; @ 21
Event: 6.731 Thread 0x0000000018ebd800 Uncommon trap: reason=unstable_if action=reinterpret pc=0x0000000002a32480 method=java.lang.ref.SoftReference.get()Ljava/lang/Object; @ 17
Event: 6.799 Thread 0x0000000018ebd800 Uncommon trap: reason=class_check action=maybe_recompile pc=0x0000000002bcd3d8 method=sun.misc.URLClassPath.getLoader(I)Lsun/misc/URLClassPath$Loader; @ 94
Event: 6.801 Thread 0x0000000018ebd800 Uncommon trap: reason=class_check action=maybe_recompile pc=0x0000000002bcd3d8 method=sun.misc.URLClassPath.getLoader(I)Lsun/misc/URLClassPath$Loader; @ 94
Event: 6.802 Thread 0x0000000018ebd800 Uncommon trap: reason=class_check action=maybe_recompile pc=0x0000000002bcd3d8 method=sun.misc.URLClassPath.getLoader(I)Lsun/misc/URLClassPath$Loader; @ 94
Event: 6.803 Thread 0x0000000018ebd800 Uncommon trap: reason=class_check action=maybe_recompile pc=0x0000000002bcd3d8 method=sun.misc.URLClassPath.getLoader(I)Lsun/misc/URLClassPath$Loader; @ 94
Event: 6.804 Thread 0x0000000018ebd800 Uncommon trap: reason=class_check action=maybe_recompile pc=0x0000000002bcfca4 method=sun.misc.URLClassPath.getLoader(I)Lsun/misc/URLClassPath$Loader; @ 94

Internal exceptions (10 events):
Event: 6.806 Thread 0x0000000018ebd800 Exception <a 'java/security/PrivilegedActionException'> (0x00000000d63581c8) thrown at [C:\workspace\8-2-build-windows-amd64-cygwin\jdk8u65\4987\hotspot\src\share\vm\prims\jvm.cpp, line 1386]
Event: 6.806 Thread 0x0000000018ebd800 Exception <a 'java/security/PrivilegedActionException'> (0x00000000d63585c0) thrown at [C:\workspace\8-2-build-windows-amd64-cygwin\jdk8u65\4987\hotspot\src\share\vm\prims\jvm.cpp, line 1386]
Event: 6.807 Thread 0x0000000018ebd800 Exception <a 'java/security/PrivilegedActionException'> (0x00000000d63616f8) thrown at [C:\workspace\8-2-build-windows-amd64-cygwin\jdk8u65\4987\hotspot\src\share\vm\prims\jvm.cpp, line 1386]
Event: 6.807 Thread 0x0000000018ebd800 Exception <a 'java/security/PrivilegedActionException'> (0x00000000d6361af0) thrown at [C:\workspace\8-2-build-windows-amd64-cygwin\jdk8u65\4987\hotspot\src\share\vm\prims\jvm.cpp, line 1386]
Event: 6.808 Thread 0x0000000018ebd800 Exception <a 'java/security/PrivilegedActionException'> (0x00000000d636a6f0) thrown at [C:\workspace\8-2-build-windows-amd64-cygwin\jdk8u65\4987\hotspot\src\share\vm\prims\jvm.cpp, line 1386]
Event: 6.808 Thread 0x0000000018ebd800 Exception <a 'java/security/PrivilegedActionException'> (0x00000000d636aae8) thrown at [C:\workspace\8-2-build-windows-amd64-cygwin\jdk8u65\4987\hotspot\src\share\vm\prims\jvm.cpp, line 1386]
Event: 6.809 Thread 0x0000000018ebd800 Exception <a 'java/security/PrivilegedActionException'> (0x00000000d6373990) thrown at [C:\workspace\8-2-build-windows-amd64-cygwin\jdk8u65\4987\hotspot\src\share\vm\prims\jvm.cpp, line 1386]
Event: 6.809 Thread 0x0000000018ebd800 Exception <a 'java/security/PrivilegedActionException'> (0x00000000d6373d88) thrown at [C:\workspace\8-2-build-windows-amd64-cygwin\jdk8u65\4987\hotspot\src\share\vm\prims\jvm.cpp, line 1386]
Event: 6.810 Thread 0x0000000018ebd800 Exception <a 'java/security/PrivilegedActionException'> (0x00000000d637c818) thrown at [C:\workspace\8-2-build-windows-amd64-cygwin\jdk8u65\4987\hotspot\src\share\vm\prims\jvm.cpp, line 1386]
Event: 6.810 Thread 0x0000000018ebd800 Exception <a 'java/security/PrivilegedActionException'> (0x00000000d637cc10) thrown at [C:\workspace\8-2-build-windows-amd64-cygwin\jdk8u65\4987\hotspot\src\share\vm\prims\jvm.cpp, line 1386]

Events (10 events):
Event: 9.721 loading class javax/swing/JOptionPane$1
Event: 9.721 loading class javax/swing/JOptionPane$1 done
Event: 9.721 loading class javax/swing/JOptionPane$2
Event: 9.721 loading class javax/swing/JOptionPane$2 done
Event: 9.721 loading class javax/swing/JOptionPane$3
Event: 9.721 loading class javax/swing/JOptionPane$3 done
Event: 11.261 Thread 0x0000000018ebd800 DEOPT PACKING pc=0x0000000002b366fd sp=0x0000000019eec050
Event: 11.261 Thread 0x0000000018ebd800 DEOPT UNPACKING pc=0x00000000026a787f sp=0x0000000019eebe08 mode 0
Event: 11.274 loading class org/bytedeco/javacpp/helper/opencv_core$AbstractIplImage$ReleaseDeallocator
Event: 11.274 loading class org/bytedeco/javacpp/helper/opencv_core$AbstractIplImage$ReleaseDeallocator done


Dynamic libraries:
0x00007ff727660000 - 0x00007ff727697000 	C:\Program Files\Java\jdk1.8.0_65\bin\java.exe
0x00007ffc369b0000 - 0x00007ffc36b81000 	C:\WINDOWS\SYSTEM32\ntdll.dll
0x00007ffc33f40000 - 0x00007ffc33feb000 	C:\WINDOWS\System32\KERNEL32.DLL
0x00007ffc33260000 - 0x00007ffc3347d000 	C:\WINDOWS\System32\KERNELBASE.dll
0x00007ffc356a0000 - 0x00007ffc35742000 	C:\WINDOWS\System32\ADVAPI32.dll
0x00007ffc35750000 - 0x00007ffc357ee000 	C:\WINDOWS\System32\msvcrt.dll
0x00007ffc36790000 - 0x00007ffc367e9000 	C:\WINDOWS\System32\sechost.dll
0x00007ffc35500000 - 0x00007ffc35621000 	C:\WINDOWS\System32\RPCRT4.dll
0x00007ffc35800000 - 0x00007ffc35965000 	C:\WINDOWS\System32\USER32.dll
0x00007ffc33f20000 - 0x00007ffc33f3e000 	C:\WINDOWS\System32\win32u.dll
0x00007ffc36970000 - 0x00007ffc369a4000 	C:\WINDOWS\System32\GDI32.dll
0x00007ffc330d0000 - 0x00007ffc33252000 	C:\WINDOWS\System32\gdi32full.dll
0x00007ffc26130000 - 0x00007ffc263aa000 	C:\WINDOWS\WinSxS\amd64_microsoft.windows.common-controls_6595b64144ccf1df_6.0.14393.953_none_42151e83c686086b\COMCTL32.dll
0x00007ffc364c0000 - 0x00007ffc36788000 	C:\WINDOWS\System32\combase.dll
0x00007ffc33dd0000 - 0x00007ffc33ec5000 	C:\WINDOWS\System32\ucrtbase.dll
0x00007ffc32ea0000 - 0x00007ffc32f0a000 	C:\WINDOWS\System32\bcryptPrimitives.dll
0x00007ffc36330000 - 0x00007ffc3635e000 	C:\WINDOWS\System32\IMM32.DLL
0x000000006ec10000 - 0x000000006ece2000 	C:\Program Files\Java\jdk1.8.0_65\jre\bin\msvcr100.dll
0x000000006ecf0000 - 0x000000006f579000 	C:\Program Files\Java\jdk1.8.0_65\jre\bin\server\jvm.dll
0x00007ffc357f0000 - 0x00007ffc357f8000 	C:\WINDOWS\System32\PSAPI.DLL
0x00007ffc2d4c0000 - 0x00007ffc2d4c9000 	C:\WINDOWS\SYSTEM32\WSOCK32.dll
0x00007ffc30760000 - 0x00007ffc30783000 	C:\WINDOWS\SYSTEM32\WINMM.dll
0x00007ffc35cf0000 - 0x00007ffc35d5a000 	C:\WINDOWS\System32\WS2_32.dll
0x00007ffc31340000 - 0x00007ffc3134a000 	C:\WINDOWS\SYSTEM32\VERSION.dll
0x00007ffc30670000 - 0x00007ffc3069b000 	C:\WINDOWS\SYSTEM32\WINMMBASE.dll
0x00007ffc33ed0000 - 0x00007ffc33f12000 	C:\WINDOWS\System32\cfgmgr32.dll
0x000000006ebc0000 - 0x000000006ebcf000 	C:\Program Files\Java\jdk1.8.0_65\jre\bin\verify.dll
0x000000006eb90000 - 0x000000006ebb9000 	C:\Program Files\Java\jdk1.8.0_65\jre\bin\java.dll
0x000000006eb70000 - 0x000000006eb86000 	C:\Program Files\Java\jdk1.8.0_65\jre\bin\zip.dll
0x00007ffc33ff0000 - 0x00007ffc354f9000 	C:\WINDOWS\System32\SHELL32.dll
0x00007ffc33480000 - 0x00007ffc33b5a000 	C:\WINDOWS\System32\windows.storage.dll
0x00007ffc32e40000 - 0x00007ffc32e8c000 	C:\WINDOWS\System32\powrprof.dll
0x00007ffc35bf0000 - 0x00007ffc35c42000 	C:\WINDOWS\System32\shlwapi.dll
0x00007ffc32e10000 - 0x00007ffc32e1f000 	C:\WINDOWS\System32\kernel.appcore.dll
0x00007ffc33020000 - 0x00007ffc330c9000 	C:\WINDOWS\System32\shcore.dll
0x00007ffc32e20000 - 0x00007ffc32e34000 	C:\WINDOWS\System32\profapi.dll
0x000000006e990000 - 0x000000006eb28000 	C:\Program Files\Java\jdk1.8.0_65\jre\bin\awt.dll
0x00007ffc359d0000 - 0x00007ffc35a8f000 	C:\WINDOWS\System32\OLEAUT32.dll
0x00007ffc33d30000 - 0x00007ffc33dcc000 	C:\WINDOWS\System32\msvcp_win.dll
0x00007ffc306e0000 - 0x00007ffc3075a000 	C:\WINDOWS\SYSTEM32\apphelp.dll
0x00007ffc30be0000 - 0x00007ffc30c75000 	C:\WINDOWS\system32\uxtheme.dll
0x00007ffc36800000 - 0x00007ffc3695a000 	C:\WINDOWS\System32\MSCTF.dll
0x00007ffc305c0000 - 0x00007ffc305e6000 	C:\WINDOWS\system32\dwmapi.dll
0x00007ffc36380000 - 0x00007ffc364b7000 	C:\WINDOWS\System32\ole32.dll
0x000000006e940000 - 0x000000006e987000 	C:\Program Files\Java\jdk1.8.0_65\jre\bin\fontmanager.dll
0x000000006eb50000 - 0x000000006eb6a000 	C:\Program Files\Java\jdk1.8.0_65\jre\bin\net.dll
0x00007ffc323e0000 - 0x00007ffc3243c000 	C:\WINDOWS\system32\mswsock.dll
0x000000006eb30000 - 0x000000006eb41000 	C:\Program Files\Java\jdk1.8.0_65\jre\bin\nio.dll
0x00007ffc017e0000 - 0x00007ffc036d7000 	C:\opencv\build\java\x64\opencv_java320.dll
0x00007ffc298a0000 - 0x00007ffc298b8000 	C:\WINDOWS\SYSTEM32\AVICAP32.dll
0x00007ffc28b30000 - 0x00007ffc28b50000 	C:\WINDOWS\SYSTEM32\AVIFIL32.dll
0x00007ffc264e0000 - 0x00007ffc26509000 	C:\WINDOWS\SYSTEM32\MSVFW32.dll
0x00007ffc15360000 - 0x00007ffc1537c000 	C:\WINDOWS\SYSTEM32\MSACM32.dll
0x000000006e8f0000 - 0x000000006e932000 	C:\Program Files\Java\jdk1.8.0_65\jre\bin\t2k.dll
0x00007ffc215e0000 - 0x00007ffc2168c000 	C:\WINDOWS\WinSxS\amd64_microsoft.windows.common-controls_6595b64144ccf1df_5.82.14393.447_none_0d5aa7fbb6d35646\comctl32.dll
0x00007ffc35c50000 - 0x00007ffc35cef000 	C:\WINDOWS\System32\clbcatq.dll
0x00007ffc2fde0000 - 0x00007ffc2ff65000 	C:\WINDOWS\system32\propsys.dll
0x00007ffc12d40000 - 0x00007ffc12e67000 	C:\WINDOWS\system32\NetworkExplorer.dll
0x00007ffc1ed90000 - 0x00007ffc1f0f5000 	C:\Windows\System32\ActXPrxy.dll
0x00007ffc2fba0000 - 0x00007ffc2fd48000 	C:\WINDOWS\SYSTEM32\WindowsCodecs.dll
0x00007ffc19750000 - 0x00007ffc197a3000 	C:\Windows\System32\thumbcache.dll
0x00007ffc29600000 - 0x00007ffc29643000 	C:\WINDOWS\SYSTEM32\policymanager.dll
0x00007ffc30e10000 - 0x00007ffc30ea1000 	C:\WINDOWS\SYSTEM32\msvcp110_win.dll
0x00007ffc20370000 - 0x00007ffc2038b000 	C:\WINDOWS\SYSTEM32\MPR.dll
0x00007ffc28a40000 - 0x00007ffc28a56000 	C:\WINDOWS\System32\ntlanman.dll
0x00007ffc28a30000 - 0x00007ffc28a3b000 	C:\WINDOWS\System32\drprov.dll
0x00007ffc32c50000 - 0x00007ffc32ca6000 	C:\WINDOWS\System32\WINSTA.dll
0x00007ffc28a10000 - 0x00007ffc28a30000 	C:\WINDOWS\System32\davclnt.dll
0x00007ffc28a00000 - 0x00007ffc28a0c000 	C:\WINDOWS\System32\DAVHLPR.dll
0x00007ffc32640000 - 0x00007ffc32656000 	C:\WINDOWS\System32\wkscli.dll
0x00007ffc32d50000 - 0x00007ffc32d7b000 	C:\WINDOWS\System32\bcrypt.dll
0x00007ffc1e6e0000 - 0x00007ffc1e6f2000 	C:\WINDOWS\SYSTEM32\cscapi.dll
0x00007ffc32250000 - 0x00007ffc3225d000 	C:\WINDOWS\System32\netutils.dll
0x00007ffc00970000 - 0x00007ffc009bd000 	C:\Windows\System32\dlnashext.dll
0x00007ffc1be40000 - 0x00007ffc1beb0000 	C:\Windows\System32\PlayToDevice.dll
0x00007ffc25540000 - 0x00007ffc2555e000 	C:\Windows\System32\DevDispItemProvider.dll
0x00007ffc2c0d0000 - 0x00007ffc2c141000 	C:\WINDOWS\System32\MMDevApi.dll
0x00007ffc310e0000 - 0x00007ffc31108000 	C:\WINDOWS\System32\DEVOBJ.dll
0x00007ffc07800000 - 0x00007ffc079ff000 	C:\WINDOWS\system32\wpdshext.dll
0x00007ffc21690000 - 0x00007ffc2182a000 	C:\WINDOWS\WinSxS\amd64_microsoft.windows.gdiplus_6595b64144ccf1df_1.1.14393.953_none_7300116921188239\gdiplus.dll
0x00007ffc2f410000 - 0x00007ffc2f4ae000 	C:\Windows\System32\PortableDeviceApi.dll
0x00007ffc35d60000 - 0x00007ffc36189000 	C:\WINDOWS\System32\SETUPAPI.dll
0x00007ffc32f10000 - 0x00007ffc32f65000 	C:\WINDOWS\System32\WINTRUST.dll
0x00007ffc32e90000 - 0x00007ffc32ea0000 	C:\WINDOWS\System32\MSASN1.dll
0x00007ffc33b60000 - 0x00007ffc33d29000 	C:\WINDOWS\System32\CRYPT32.dll
0x00007ffc1d190000 - 0x00007ffc1d1c6000 	C:\Windows\System32\EhStorShell.dll
0x00007ffc24760000 - 0x00007ffc24785000 	C:\Windows\System32\EhStorAPI.dll
0x00007ffc2ff70000 - 0x00007ffc2ff83000 	C:\Windows\System32\WTSAPI32.dll
0x00007ffc31ab0000 - 0x00007ffc31ac0000 	C:\WINDOWS\SYSTEM32\LINKINFO.dll
0x00007ffc31360000 - 0x00007ffc3136c000 	C:\WINDOWS\SYSTEM32\Secur32.dll
0x00007ffc32830000 - 0x00007ffc3285c000 	C:\WINDOWS\SYSTEM32\SSPICLI.DLL
0x00007ffc28ef0000 - 0x00007ffc28f09000 	C:\WINDOWS\SYSTEM32\samcli.dll
0x00007ffc30460000 - 0x00007ffc30483000 	C:\WINDOWS\SYSTEM32\SAMLIB.dll
0x00007ffc197e0000 - 0x00007ffc19829000 	C:\WINDOWS\system32\dataexchange.dll
0x00007ffc2ecd0000 - 0x00007ffc2ef86000 	C:\WINDOWS\system32\d3d11.dll
0x00007ffc300c0000 - 0x00007ffc30211000 	C:\WINDOWS\system32\dcomp.dll
0x00007ffc31b10000 - 0x00007ffc31baf000 	C:\WINDOWS\system32\dxgi.dll
0x00007ffc30fa0000 - 0x00007ffc310bc000 	C:\WINDOWS\system32\twinapi.appcore.dll
0x00007ffc12010000 - 0x00007ffc12222000 	C:\Users\polina\AppData\Local\Microsoft\OneDrive\17.3.6798.0207\amd64\FileSyncShell64.dll
0x00007ffc25590000 - 0x00007ffc255af000 	C:\Users\polina\AppData\Local\Microsoft\OneDrive\17.3.6798.0207\amd64\LoggingPlatform64.DLL
0x00007ffc11e70000 - 0x00007ffc11f5f000 	C:\Users\polina\AppData\Local\Microsoft\OneDrive\17.3.6798.0207\amd64\MSVCR120.dll
0x00007ffc11f60000 - 0x00007ffc12006000 	C:\Users\polina\AppData\Local\Microsoft\OneDrive\17.3.6798.0207\amd64\MSVCP120.dll
0x00007ffc28110000 - 0x00007ffc283da000 	C:\WINDOWS\SYSTEM32\WININET.dll
0x00007ffc2b1b0000 - 0x00007ffc2b1bf000 	C:\WINDOWS\SYSTEM32\AcSignIcon.dll
0x00007ffc24320000 - 0x00007ffc243f4000 	C:\WINDOWS\SYSTEM32\MSVCR110.dll
0x00007ffc10e40000 - 0x00007ffc113a5000 	C:\WINDOWS\SYSTEM32\mfc110u.dll
0x00007ffc254b0000 - 0x00007ffc254b8000 	C:\Program Files (x86)\Internet Download Manager\IDMShellExt64.dll
0x000000006fa60000 - 0x000000006fa7d000 	C:\PROGRA~1\MICROS~1\Office12\MSOHEVI.DLL
0x000000006ff40000 - 0x0000000070009000 	C:\WINDOWS\WinSxS\amd64_microsoft.vc80.crt_1fc8b3b9a1e18e3b_8.0.50727.9268_none_88e0de612fadfb38\MSVCR80.dll
0x00007ffc28510000 - 0x00007ffc286d2000 	C:\Windows\System32\urlmon.dll
0x00007ffc28730000 - 0x00007ffc289d2000 	C:\Windows\System32\iertutil.dll
0x00007ffc12410000 - 0x00007ffc124ff000 	C:\Users\polina\.javacpp\cache\opencv-3.2.0-1.3-windows-x86_64.jar\org\bytedeco\javacpp\windows-x86_64\msvcr120.dll
0x00007ffc0d380000 - 0x00007ffc0d426000 	C:\Users\polina\.javacpp\cache\opencv-3.2.0-1.3-windows-x86_64.jar\org\bytedeco\javacpp\windows-x86_64\msvcp120.dll
0x00007ffc06f80000 - 0x00007ffc07208000 	C:\Users\polina\.javacpp\cache\opencv-3.2.0-1.3-windows-x86_64.jar\org\bytedeco\javacpp\windows-x86_64\opencv_core320.dll
0x00007ffc06c10000 - 0x00007ffc06f72000 	C:\Users\polina\.javacpp\cache\opencv-3.2.0-1.3-windows-x86_64.jar\org\bytedeco\javacpp\windows-x86_64\opencv_imgproc320.dll
0x00007ffc05c30000 - 0x00007ffc05e7a000 	C:\Users\polina\.javacpp\cache\opencv-3.2.0-1.3-windows-x86_64.jar\org\bytedeco\javacpp\windows-x86_64\jniopencv_core.dll
0x00007ffc0ca10000 - 0x00007ffc0cb00000 	C:\Users\polina\.javacpp\cache\opencv-3.2.0-1.3-windows-x86_64.jar\org\bytedeco\javacpp\windows-x86_64\jniopencv_imgproc.dll
0x00007ffc05960000 - 0x00007ffc05c2a000 	C:\Users\polina\.javacpp\cache\opencv-3.2.0-1.3-windows-x86_64.jar\org\bytedeco\javacpp\windows-x86_64\opencv_imgcodecs320.dll
0x00007ffc24640000 - 0x00007ffc24665000 	C:\Users\polina\.javacpp\cache\opencv-3.2.0-1.3-windows-x86_64.jar\org\bytedeco\javacpp\windows-x86_64\jniopencv_imgcodecs.dll
0x000000006c6b0000 - 0x000000006c6e1000 	C:\Program Files\Java\jdk1.8.0_65\jre\bin\jpeg.dll
0x00007ffc289e0000 - 0x00007ffc289fa000 	C:\WINDOWS\SYSTEM32\OpenCL.dll
0x00007ffc1bcd0000 - 0x00007ffc1bd37000 	C:\WINDOWS\SYSTEM32\IntelOpenCL64.dll
0x00007ffc05790000 - 0x00007ffc05952000 	C:\Program Files (x86)\Common Files\Intel\OpenCL\bin\x64\intelocl64.dll
0x00007ffc0d2e0000 - 0x00007ffc0d37d000 	C:\Program Files (x86)\Common Files\Intel\OpenCL\bin\x64\task_executor64.dll
0x00007ffc2a050000 - 0x00007ffc2a173000 	C:\WINDOWS\SYSTEM32\OPENGL32.dll
0x00007ffc305f0000 - 0x00007ffc3061d000 	C:\WINDOWS\SYSTEM32\GLU32.dll
0x00007ffc29f50000 - 0x00007ffc2a047000 	C:\WINDOWS\SYSTEM32\DDRAW.dll
0x00007ffc31440000 - 0x00007ffc31448000 	C:\WINDOWS\SYSTEM32\DCIMAN32.dll

VM Arguments:
jvm_args: -Djava.library.path=C:\opencv\build\java\x64;.\. 
java_command: com.talcorp.pfe.LanceurApplication
java_class_path (initial): C:\Users\polina\Documents\NetBeansProjects\PFE_Reconnaissance\target\classes;C:\Users\polina\.m2\repository\org\bytedeco\javacpp-presets\opencv\3.2.0-1.3\opencv-3.2.0-1.3.jar;C:\Users\polina\.m2\repository\org\bytedeco\javacpp\1.3\javacpp-1.3.jar;C:\Users\polina\.m2\repository\org\openpnp\opencv\3.2.0-1\opencv-3.2.0-1.jar;C:\Users\polina\.m2\repository\org\bytedeco\javacpp-presets\opencv-platform\3.2.0-1.3\opencv-platform-3.2.0-1.3.jar;C:\Users\polina\.m2\repository\org\bytedeco\javacpp-presets\opencv\3.2.0-1.3\opencv-3.2.0-1.3-android-arm.jar;C:\Users\polina\.m2\repository\org\bytedeco\javacpp-presets\opencv\3.2.0-1.3\opencv-3.2.0-1.3-android-x86.jar;C:\Users\polina\.m2\repository\org\bytedeco\javacpp-presets\opencv\3.2.0-1.3\opencv-3.2.0-1.3-linux-x86.jar;C:\Users\polina\.m2\repository\org\bytedeco\javacpp-presets\opencv\3.2.0-1.3\opencv-3.2.0-1.3-linux-x86_64.jar;C:\Users\polina\.m2\repository\org\bytedeco\javacpp-presets\opencv\3.2.0-1.3\opencv-3.2.0-1.3-linux-armhf.jar;C:\Users\polina\.m2\repository\org\bytedeco\javacpp-presets\opencv\3.2.0-1.3\opencv-3.2.0-1.3-linux-ppc64le.jar;C:\Users\polina\.m2\repository\org\bytedeco\javacpp-presets\opencv\3.2.0-1.3\opencv-3.2.0-1.3-macosx-x86_64.jar;C:\Users\polina\.m2\repository\org\bytedeco\javacpp-presets\opencv\3.2.0-1.3\opencv-3.2.0-1.3-windows-x86.jar;C:\Users\polina\.m2\repository\org\bytedeco\javacpp-presets\opencv\3.2.0-1.3\opencv-3.2.0-1.3-windows-x86_64.jar;C:\Users\polina\.m2\repository\org\bytedeco\javacv\1.3.2\javacv-1.3.2.jar;C:\Users\polina\.m2\repository\org\bytedeco\javacpp-presets\ffmpeg\3.2.1-1.3\ffmpeg-3.2.1-1.3.jar;C:\Users\polina\.m2\repository\org\bytedeco\javacpp-presets\flycapture\2.9.3.43-1.3\flycapture-2.9.3.43-1.3.jar;C:\Users\polina\.m2\repository\org\bytedeco\javacpp-presets\libdc1394\2.2.4-1.3\libdc1394-2.2.4-1.3.jar;C:\Users\polina\.m2\repository\org\bytedeco\javacpp-presets\libfreenect\0.5.3-1.3\libfreenect-0.5.3-1.3.jar;C:\Users\polina\.m2\repository\org\byte
Launcher Type: SUN_STANDARD

Environment Variables:
JAVA_HOME=C:\Program Files\Java\jdk1.8.0_65
CLASSPATH=.;C:\Program Files (x86)\Java\jre6\lib\ext\QTJava.zip;D:\Java\JDBC\mysql-connector-java-5.1.38-bin;C:\apache-ant-1.9.7-bin\apache-ant-1.9.7\bin
PATH=C:\oraclexe\app\oracle\product\11.2.0\server\bin;D:\Borland\Delphi7\Bin;D:\Borland\Delphi7\Projects\Bpl\;d:\Program Files (x86)\CollabNet;d:\Embarcadero\RAD Studio\12.0\bin;C:\Users\Public\Documents\RAD Studio\12.0\Bpl;d:\Embarcadero\RAD Studio\12.0\bin64;C:\Users\Public\Documents\RAD Studio\12.0\Bpl\Win64;C:\ProgramData\Oracle\Java\javapath;C:\Program Files (x86)\Intel\iCLS Client\;C:\Program Files\Intel\iCLS Client\;C:\WINDOWS\system32;C:\WINDOWS;C:\WINDOWS\System32\Wbem;C:\WINDOWS\System32\WindowsPowerShell\v1.0\;C:\Program Files\Intel\Intel(R) Management Engine Components\DAL;C:\Program Files\Intel\Intel(R) Management Engine Components\IPT;C:\Program Files (x86)\Intel\Intel(R) Management Engine Components\DAL;C:\Program Files (x86)\Intel\Intel(R) Management Engine Components\IPT;C:\Program Files (x86)\QuickTime\QTSystem\;C:\Program Files\Microsoft SQL Server\110\Tools\Binn\;C:\Program Files\Microsoft SQL Server\120\Tools\Binn\;C:\Program Files (x86)\CMake\bin;C:\Program Files (x86)\Windows Kits\8.1\Windows Performance Toolkit\;C:\Program Files (x86)\Microsoft SDKs\TypeScript\1.0\;C:\Users\polina\Downloads\Programs\opencv\build\java\x64;C:\Program Files\nodejs\;C:\Program Files (x86)\NVIDIA Corporation\PhysX\Common;C:\Program Files\MySQL\MySQL Server 5.0\bin;C:\WINDOWS\system32;C:\WINDOWS;C:\WINDOWS\System32\Wbem;C:\WINDOWS\System32\WindowsPowerShell\v1.0\;C:\apache-ant-1.9.7-bin\apache-ant-1.9.7\bin;C:\Program Files\Condusiv Technologies\ExpressCache\;D:\Borland\Embarcadero\RAD Studio\12.0\Bpl;C:\Users\Public\Documents\RAD Studio\12.0\Bpl;C:\Users\polina\AppData\Roaming\npm;C:\apache-maven-3.3.9\bin;C:\ant 197\bin;C:\Users\polina\Downloads\Programs\opencv\build\java\x64
USERNAME=Taleb
OS=Windows_NT
PROCESSOR_IDENTIFIER=Intel64 Family 6 Model 69 Stepping 1, GenuineIntel



---------------  S Y S T E M  ---------------

OS: Windows 10.0 , 64 bit Build 14393 (10.0.14393.0)

CPU:total 4 (2 cores per cpu, 2 threads per core) family 6 model 69 stepping 1, cmov, cx8, fxsr, mmx, sse, sse2, sse3, ssse3, sse4.1, sse4.2, popcnt, avx, avx2, aes, clmul, erms, lzcnt, ht, tsc, tscinvbit, bmi1, bmi2

Memory: 4k page, physical 8268888k(2988940k free), swap 9776216k(2004752k free)

vm_info: Java HotSpot(TM) 64-Bit Server VM (25.65-b01) for windows-amd64 JRE (1.8.0_65-b17), built on Oct  6 2015 16:39:20 by "java_re" with MS VC++ 10.0 (VS2010)

time: Thu Mar 23 11:02:17 2017
elapsed time: 11 seconds (0d 0h 0m 11s)

