#
# A fatal error has been detected by the Java Runtime Environment:
#
#  EXCEPTION_UNCAUGHT_CXX_EXCEPTION (0xe06d7363) at pc=0x00007ffc33277788, pid=4956, tid=14944
#
# JRE version: Java(TM) SE Runtime Environment (8.0_65-b17) (build 1.8.0_65-b17)
# Java VM: Java HotSpot(TM) 64-Bit Server VM (25.65-b01 mixed mode windows-amd64 compressed oops)
# Problematic frame:
# C  [KERNELBASE.dll+0x17788]
#
# Failed to write core dump. Minidumps are not enabled by default on client versions of Windows
#
# If you would like to submit a bug report, please visit:
#   http://bugreport.java.com/bugreport/crash.jsp
# The crash happened outside the Java Virtual Machine in native code.
# See problematic frame for where to report the bug.
#

---------------  T H R E A D  ---------------

Current thread (0x00000000192f0800):  JavaThread "AWT-EventQueue-0" [_thread_in_native, id=14944, stack(0x000000001a270000,0x000000001a370000)]

siginfo: ExceptionCode=0xe06d7363, ExceptionInformation=0x0000000019930520 0x000000001a35c9a0 0x00007ffc0771cd78 0x00007ffc074d0000 

Registers:
RAX=0x00000000170814e8, RBX=0x00007ffc0771cd78, RCX=0x00000000d5f617f8, RDX=0x000000001cdb88a0
RSP=0x000000001a35c810, RBP=0x000000001a35c950, RSI=0x00007ffc07361238, RDI=0x000000001a35c9a0
R8 =0x0000000000000000, R9 =0x0000000000000000, R10=0x0000000000000000, R11=0x0000000000000000
R12=0x00000000ffffff29, R13=0x0000000000000000, R14=0x00007ffc07360b80, R15=0x000000001a36cb40
RIP=0x00007ffc33277788, EFLAGS=0x0000000000000206

Top of Stack: (sp=0x000000001a35c810)
0x000000001a35c810:   0000000018fa4901 00007ffc0771cd78
0x000000001a35c820:   00007ffc07361238 000000001a35c9a0
0x000000001a35c830:   00000001e06d7363 0000000000000000
0x000000001a35c840:   00007ffc33277788 0000000000000004
0x000000001a35c850:   0000000019930520 000000001a35c9a0
0x000000001a35c860:   00007ffc0771cd78 00007ffc074d0000
0x000000001a35c870:   0000000000000000 00000000ffffff29
0x000000001a35c880:   000000001a35c9a0 00007ffc07361238
0x000000001a35c890:   000000001a35c950 00007ffc369fc26f
0x000000001a35c8a0:   000000001a35c960 00007ffc00000000
0x000000001a35c8b0:   000000001a35c9a0 00007ffc11ecd306
0x000000001a35c8c0:   00007ffc0773f000 00007ffc074d0000
0x000000001a35c8d0:   0000ffd19e1bb7d1 00007ffc11f4c4d0
0x000000001a35c8e0:   00007ffc0771cd78 00007ffc11ecef63
0x000000001a35c8f0:   000000001a35c9a0 00007ffc11e9eb8d
0x000000001a35c900:   00007ffc11f4c4d0 00007ffc07361238 

Instructions: (pc=0x00007ffc33277788)
0x00007ffc33277768:   49 8b d1 44 0f 47 c0 44 89 44 24 38 49 c1 e0 03
0x00007ffc33277778:   e8 07 55 06 00 48 8d 4c 24 20 ff 15 e0 08 13 00
0x00007ffc33277788:   48 8b 8c 24 c0 00 00 00 48 33 cc e8 98 1a 06 00
0x00007ffc33277798:   48 81 c4 d8 00 00 00 c3 83 64 24 38 00 eb d6 cc 


Register to memory mapping:

RAX=0x00000000170814e8 is pointing into metadata
RBX=0x00007ffc0771cd78 is an unknown value
RCX=0x00000000d5f617f8 is an oop

[error occurred during error reporting (printing register info), id 0xc0000005]

Stack: [0x000000001a270000,0x000000001a370000],  sp=0x000000001a35c810,  free space=946k
Native frames: (J=compiled Java code, j=interpreted, Vv=VM code, C=native code)
C  [KERNELBASE.dll+0x17788]
C  [MSVCR120.dll+0x5ef63]
C  [opencv_core320.dll+0x1a2c34]
C  [opencv_core320.dll+0x1a2d76]
C  [opencv_imgproc320.dll+0x46c7a]
C  [jniopencv_imgproc.dll+0x6e52d]
C  0x00000000029a5e34

Java frames: (J=compiled Java code, j=interpreted, Vv=VM code)
j  org.bytedeco.javacpp.opencv_imgproc.cvCvtColor(Lorg/bytedeco/javacpp/helper/opencv_core$CvArr;Lorg/bytedeco/javacpp/helper/opencv_core$CvArr;I)V+0
j  com.talcorp.pfe.Logique.toB_W(Ljavax/swing/JLabel;)V+38
j  fenetres.Principal.jLabelTransformeEnLigneMouseClicked(Ljava/awt/event/MouseEvent;)V+8
j  fenetres.Principal.access$200(Lfenetres/Principal;Ljava/awt/event/MouseEvent;)V+2
j  fenetres.Principal$3.mouseClicked(Ljava/awt/event/MouseEvent;)V+5
j  java.awt.AWTEventMulticaster.mouseClicked(Ljava/awt/event/MouseEvent;)V+21
j  java.awt.Component.processMouseEvent(Ljava/awt/event/MouseEvent;)V+74
j  javax.swing.JComponent.processMouseEvent(Ljava/awt/event/MouseEvent;)V+23
j  java.awt.Component.processEvent(Ljava/awt/AWTEvent;)V+81
j  java.awt.Container.processEvent(Ljava/awt/AWTEvent;)V+18
J 1923 C1 java.awt.Component.dispatchEventImpl(Ljava/awt/AWTEvent;)V (883 bytes) @ 0x0000000002f9cc9c [0x0000000002f977c0+0x54dc]
J 1455 C1 java.awt.Container.dispatchEventImpl(Ljava/awt/AWTEvent;)V (129 bytes) @ 0x0000000002e01d44 [0x0000000002e01c00+0x144]
J 1896 C1 java.awt.Component.dispatchEvent(Ljava/awt/AWTEvent;)V (6 bytes) @ 0x0000000002f55584 [0x0000000002f55480+0x104]
j  java.awt.LightweightDispatcher.retargetMouseEvent(Ljava/awt/Component;ILjava/awt/event/MouseEvent;)V+327
j  java.awt.LightweightDispatcher.processMouseEvent(Ljava/awt/event/MouseEvent;)Z+171
j  java.awt.LightweightDispatcher.dispatchEvent(Ljava/awt/AWTEvent;)Z+50
J 1455 C1 java.awt.Container.dispatchEventImpl(Ljava/awt/AWTEvent;)V (129 bytes) @ 0x0000000002e01ce4 [0x0000000002e01c00+0xe4]
j  java.awt.Window.dispatchEventImpl(Ljava/awt/AWTEvent;)V+19
J 1446 C1 java.awt.EventQueue.dispatchEventImpl(Ljava/awt/AWTEvent;Ljava/lang/Object;)V (149 bytes) @ 0x0000000002dfd23c [0x0000000002dfba00+0x183c]
J 1448 C1 java.awt.EventQueue$3.run()Ljava/lang/Void; (60 bytes) @ 0x0000000002dfe60c [0x0000000002dfe400+0x20c]
J 1287 C1 java.awt.EventQueue$3.run()Ljava/lang/Object; (5 bytes) @ 0x0000000002d8e70c [0x0000000002d8e680+0x8c]
v  ~StubRoutines::call_stub
J 1238  java.security.AccessController.doPrivileged(Ljava/security/PrivilegedAction;Ljava/security/AccessControlContext;)Ljava/lang/Object; (0 bytes) @ 0x0000000002d78066 [0x0000000002d78000+0x66]
J 1927 C1 java.awt.EventQueue$4.run()Ljava/lang/Object; (5 bytes) @ 0x0000000002fa8b6c [0x0000000002fa8740+0x42c]
v  ~StubRoutines::call_stub
J 1238  java.security.AccessController.doPrivileged(Ljava/security/PrivilegedAction;Ljava/security/AccessControlContext;)Ljava/lang/Object; (0 bytes) @ 0x0000000002d78066 [0x0000000002d78000+0x66]
J 1285 C1 java.awt.EventQueue.dispatchEvent(Ljava/awt/AWTEvent;)V (80 bytes) @ 0x0000000002d9077c [0x0000000002d8f900+0xe7c]
J 1295 C1 java.awt.EventDispatchThread.pumpOneEventForFilters(I)V (295 bytes) @ 0x0000000002d97924 [0x0000000002d95dc0+0x1b64]
j  java.awt.EventDispatchThread.pumpEventsForFilter(ILjava/awt/Conditional;Ljava/awt/EventFilter;)V+35
j  java.awt.EventDispatchThread.pumpEventsForHierarchy(ILjava/awt/Conditional;Ljava/awt/Component;)V+11
j  java.awt.EventDispatchThread.pumpEvents(ILjava/awt/Conditional;)V+4
j  java.awt.EventDispatchThread.pumpEvents(Ljava/awt/Conditional;)V+3
j  java.awt.EventDispatchThread.run()V+9
v  ~StubRoutines::call_stub

---------------  P R O C E S S  ---------------

Java Threads: ( => current thread )
  0x000000001aa5c800 JavaThread "Image Fetcher 0" daemon [_thread_blocked, id=3716, stack(0x000000001e4b0000,0x000000001e5b0000)]
  0x000000001a8d5000 JavaThread "JavaCPP Deallocator" daemon [_thread_blocked, id=8200, stack(0x000000001d3e0000,0x000000001d4e0000)]
  0x000000001a53e000 JavaThread "Swing-Shell" daemon [_thread_blocked, id=13140, stack(0x000000001b7b0000,0x000000001b8b0000)]
  0x000000001a50e000 JavaThread "TimerQueue" daemon [_thread_blocked, id=7128, stack(0x000000001b4b0000,0x000000001b5b0000)]
  0x0000000002892800 JavaThread "DestroyJavaVM" [_thread_blocked, id=2928, stack(0x0000000002790000,0x0000000002890000)]
=>0x00000000192f0800 JavaThread "AWT-EventQueue-0" [_thread_in_native, id=14944, stack(0x000000001a270000,0x000000001a370000)]
  0x000000001928d000 JavaThread "AWT-Windows" daemon [_thread_in_native, id=15044, stack(0x0000000019ac0000,0x0000000019bc0000)]
  0x000000001928a000 JavaThread "AWT-Shutdown" [_thread_blocked, id=9828, stack(0x00000000199c0000,0x0000000019ac0000)]
  0x0000000019289800 JavaThread "Java2D Disposer" daemon [_thread_blocked, id=4164, stack(0x00000000198c0000,0x00000000199c0000)]
  0x000000001751e000 JavaThread "Service Thread" daemon [_thread_blocked, id=13972, stack(0x0000000019340000,0x0000000019440000)]
  0x00000000174c9000 JavaThread "C1 CompilerThread2" daemon [_thread_blocked, id=14008, stack(0x0000000018e40000,0x0000000018f40000)]
  0x00000000174c2000 JavaThread "C2 CompilerThread1" daemon [_thread_blocked, id=5476, stack(0x0000000018d40000,0x0000000018e40000)]
  0x00000000174c0000 JavaThread "C2 CompilerThread0" daemon [_thread_blocked, id=14028, stack(0x0000000018c40000,0x0000000018d40000)]
  0x00000000174be000 JavaThread "Attach Listener" daemon [_thread_blocked, id=14420, stack(0x0000000018b40000,0x0000000018c40000)]
  0x00000000174bc800 JavaThread "Signal Dispatcher" daemon [_thread_blocked, id=9984, stack(0x0000000018a40000,0x0000000018b40000)]
  0x0000000002987800 JavaThread "Finalizer" daemon [_thread_blocked, id=13636, stack(0x0000000018730000,0x0000000018830000)]
  0x0000000017488800 JavaThread "Reference Handler" daemon [_thread_blocked, id=14012, stack(0x0000000018630000,0x0000000018730000)]

Other Threads:
  0x0000000017487000 VMThread [stack: 0x0000000018530000,0x0000000018630000] [id=13492]
  0x0000000018fa6800 WatcherThread [stack: 0x0000000019440000,0x0000000019540000] [id=6904]

VM state:not at safepoint (normal execution)

VM Mutex/Monitor currently owned by a thread: None

Heap:
 PSYoungGen      total 38400K, used 18125K [0x00000000d5f00000, 0x00000000d8980000, 0x0000000100000000)
  eden space 33280K, 39% used [0x00000000d5f00000,0x00000000d6bcc410,0x00000000d7f80000)
  from space 5120K, 98% used [0x00000000d7f80000,0x00000000d8467278,0x00000000d8480000)
  to   space 5120K, 0% used [0x00000000d8480000,0x00000000d8480000,0x00000000d8980000)
 ParOldGen       total 87552K, used 5676K [0x0000000081c00000, 0x0000000087180000, 0x00000000d5f00000)
  object space 87552K, 6% used [0x0000000081c00000,0x000000008218b060,0x0000000087180000)
 Metaspace       used 17766K, capacity 17994K, committed 18176K, reserved 1064960K
  class space    used 2184K, capacity 2284K, committed 2304K, reserved 1048576K

Card table byte_map: [0x0000000011d50000,0x0000000012150000] byte_map_base: 0x0000000011942000

Marking Bits: (ParMarkBitMap*) 0x000000006f4fa5b0
 Begin Bits: [0x0000000012800000, 0x0000000014790000)
 End Bits:   [0x0000000014790000, 0x0000000016720000)

Polling page: 0x00000000026a0000

CodeCache: size=245760Kb used=6322Kb max_used=6322Kb free=239437Kb
 bounds [0x0000000002990000, 0x0000000002fd0000, 0x0000000011990000]
 total_blobs=2703 nmethods=1959 adapters=655
 compilation: enabled

Compilation events (10 events):
Event: 11.327 Thread 0x00000000174c9000 1955       3       java.lang.Character::isLetterOrDigit (5 bytes)
Event: 11.327 Thread 0x00000000174c9000 nmethod 1955 0x0000000002fbf250 code [0x0000000002fbf3e0, 0x0000000002fbf738]
Event: 11.327 Thread 0x00000000174c9000 1956       3       java.lang.Character::isLetterOrDigit (19 bytes)
Event: 11.328 Thread 0x00000000174c9000 nmethod 1956 0x0000000002fbec90 code [0x0000000002fbee20, 0x0000000002fbf118]
Event: 11.328 Thread 0x00000000174c9000 1957       3       java.lang.System::checkKey (34 bytes)
Event: 11.328 Thread 0x00000000174c9000 nmethod 1957 0x0000000002fbe5d0 code [0x0000000002fbe760, 0x0000000002fbeb48]
Event: 11.329 Thread 0x00000000174c9000 1958       3       java.net.URLClassLoader::findResource (37 bytes)
Event: 11.329 Thread 0x00000000174c9000 nmethod 1958 0x0000000002fbdd10 code [0x0000000002fbdec0, 0x0000000002fbe3d8]
Event: 11.329 Thread 0x00000000174c9000 1959       3       java.net.URLClassLoader$2::<init> (15 bytes)
Event: 11.329 Thread 0x00000000174c9000 nmethod 1959 0x0000000002fbd950 code [0x0000000002fbdaa0, 0x0000000002fbdc70]

GC Heap History (2 events):
Event: 8.062 GC heap before
{Heap before GC invocations=1 (full 0):
 PSYoungGen      total 38400K, used 33280K [0x00000000d5f00000, 0x00000000d8980000, 0x0000000100000000)
  eden space 33280K, 100% used [0x00000000d5f00000,0x00000000d7f80000,0x00000000d7f80000)
  from space 5120K, 0% used [0x00000000d8480000,0x00000000d8480000,0x00000000d8980000)
  to   space 5120K, 0% used [0x00000000d7f80000,0x00000000d7f80000,0x00000000d8480000)
 ParOldGen       total 87552K, used 0K [0x0000000081c00000, 0x0000000087180000, 0x00000000d5f00000)
  object space 87552K, 0% used [0x0000000081c00000,0x0000000081c00000,0x0000000087180000)
 Metaspace       used 17112K, capacity 17354K, committed 17664K, reserved 1064960K
  class space    used 2156K, capacity 2220K, committed 2304K, reserved 1048576K
Event: 8.070 GC heap after
Heap after GC invocations=1 (full 0):
 PSYoungGen      total 38400K, used 5020K [0x00000000d5f00000, 0x00000000d8980000, 0x0000000100000000)
  eden space 33280K, 0% used [0x00000000d5f00000,0x00000000d5f00000,0x00000000d7f80000)
  from space 5120K, 98% used [0x00000000d7f80000,0x00000000d8467278,0x00000000d8480000)
  to   space 5120K, 0% used [0x00000000d8480000,0x00000000d8480000,0x00000000d8980000)
 ParOldGen       total 87552K, used 5676K [0x0000000081c00000, 0x0000000087180000, 0x00000000d5f00000)
  object space 87552K, 6% used [0x0000000081c00000,0x000000008218b060,0x0000000087180000)
 Metaspace       used 17112K, capacity 17354K, committed 17664K, reserved 1064960K
  class space    used 2156K, capacity 2220K, committed 2304K, reserved 1048576K
}

Deoptimization events (10 events):
Event: 7.919 Thread 0x00000000192f0800 Uncommon trap: reason=bimorphic action=maybe_recompile pc=0x0000000002d1cb64 method=java.util.HashMap.putVal(ILjava/lang/Object;Ljava/lang/Object;ZZ)Ljava/lang/Object; @ 91
Event: 7.919 Thread 0x00000000192f0800 Uncommon trap: reason=bimorphic action=maybe_recompile pc=0x0000000002d1cb64 method=java.util.HashMap.putVal(ILjava/lang/Object;Ljava/lang/Object;ZZ)Ljava/lang/Object; @ 91
Event: 7.919 Thread 0x00000000192f0800 Uncommon trap: reason=bimorphic action=maybe_recompile pc=0x0000000002d1cb64 method=java.util.HashMap.putVal(ILjava/lang/Object;Ljava/lang/Object;ZZ)Ljava/lang/Object; @ 91
Event: 8.059 Thread 0x00000000192f0800 Uncommon trap: reason=unstable_if action=reinterpret pc=0x0000000002bf46d0 method=java.lang.ThreadLocal$ThreadLocalMap.getEntry(Ljava/lang/ThreadLocal;)Ljava/lang/ThreadLocal$ThreadLocalMap$Entry; @ 21
Event: 8.075 Thread 0x00000000192f0800 Uncommon trap: reason=unstable_if action=reinterpret pc=0x0000000002d54540 method=java.lang.ref.SoftReference.get()Ljava/lang/Object; @ 17
Event: 8.124 Thread 0x00000000192f0800 Uncommon trap: reason=class_check action=maybe_recompile pc=0x0000000002f32224 method=sun.misc.URLClassPath.getLoader(I)Lsun/misc/URLClassPath$Loader; @ 94
Event: 8.126 Thread 0x00000000192f0800 Uncommon trap: reason=class_check action=maybe_recompile pc=0x0000000002f32224 method=sun.misc.URLClassPath.getLoader(I)Lsun/misc/URLClassPath$Loader; @ 94
Event: 8.128 Thread 0x00000000192f0800 Uncommon trap: reason=class_check action=maybe_recompile pc=0x0000000002f3718c method=sun.misc.URLClassPath.getLoader(I)Lsun/misc/URLClassPath$Loader; @ 94
Event: 8.130 Thread 0x00000000192f0800 Uncommon trap: reason=class_check action=maybe_recompile pc=0x0000000002f3718c method=sun.misc.URLClassPath.getLoader(I)Lsun/misc/URLClassPath$Loader; @ 94
Event: 8.132 Thread 0x00000000192f0800 Uncommon trap: reason=class_check action=maybe_recompile pc=0x0000000002f32224 method=sun.misc.URLClassPath.getLoader(I)Lsun/misc/URLClassPath$Loader; @ 94

Internal exceptions (10 events):
Event: 8.132 Thread 0x00000000192f0800 Exception <a 'java/security/PrivilegedActionException'> (0x00000000d638cd08) thrown at [C:\workspace\8-2-build-windows-amd64-cygwin\jdk8u65\4987\hotspot\src\share\vm\prims\jvm.cpp, line 1386]
Event: 8.132 Thread 0x00000000192f0800 Exception <a 'java/security/PrivilegedActionException'> (0x00000000d638d100) thrown at [C:\workspace\8-2-build-windows-amd64-cygwin\jdk8u65\4987\hotspot\src\share\vm\prims\jvm.cpp, line 1386]
Event: 8.134 Thread 0x00000000192f0800 Exception <a 'java/security/PrivilegedActionException'> (0x00000000d6395e28) thrown at [C:\workspace\8-2-build-windows-amd64-cygwin\jdk8u65\4987\hotspot\src\share\vm\prims\jvm.cpp, line 1386]
Event: 8.134 Thread 0x00000000192f0800 Exception <a 'java/security/PrivilegedActionException'> (0x00000000d6396220) thrown at [C:\workspace\8-2-build-windows-amd64-cygwin\jdk8u65\4987\hotspot\src\share\vm\prims\jvm.cpp, line 1386]
Event: 8.135 Thread 0x00000000192f0800 Exception <a 'java/security/PrivilegedActionException'> (0x00000000d639ee20) thrown at [C:\workspace\8-2-build-windows-amd64-cygwin\jdk8u65\4987\hotspot\src\share\vm\prims\jvm.cpp, line 1386]
Event: 8.135 Thread 0x00000000192f0800 Exception <a 'java/security/PrivilegedActionException'> (0x00000000d639f218) thrown at [C:\workspace\8-2-build-windows-amd64-cygwin\jdk8u65\4987\hotspot\src\share\vm\prims\jvm.cpp, line 1386]
Event: 8.137 Thread 0x00000000192f0800 Exception <a 'java/security/PrivilegedActionException'> (0x00000000d63a80c0) thrown at [C:\workspace\8-2-build-windows-amd64-cygwin\jdk8u65\4987\hotspot\src\share\vm\prims\jvm.cpp, line 1386]
Event: 8.137 Thread 0x00000000192f0800 Exception <a 'java/security/PrivilegedActionException'> (0x00000000d63a84b8) thrown at [C:\workspace\8-2-build-windows-amd64-cygwin\jdk8u65\4987\hotspot\src\share\vm\prims\jvm.cpp, line 1386]
Event: 8.138 Thread 0x00000000192f0800 Exception <a 'java/security/PrivilegedActionException'> (0x00000000d63b0f48) thrown at [C:\workspace\8-2-build-windows-amd64-cygwin\jdk8u65\4987\hotspot\src\share\vm\prims\jvm.cpp, line 1386]
Event: 8.138 Thread 0x00000000192f0800 Exception <a 'java/security/PrivilegedActionException'> (0x00000000d63b1340) thrown at [C:\workspace\8-2-build-windows-amd64-cygwin\jdk8u65\4987\hotspot\src\share\vm\prims\jvm.cpp, line 1386]

Events (10 events):
Event: 10.398 Executing VM operation: RevokeBias
Event: 10.398 Executing VM operation: RevokeBias done
Event: 10.398 Executing VM operation: RevokeBias
Event: 10.398 Executing VM operation: RevokeBias done
Event: 10.398 Executing VM operation: RevokeBias
Event: 10.398 Executing VM operation: RevokeBias done
Event: 10.403 Executing VM operation: RevokeBias
Event: 10.403 Executing VM operation: RevokeBias done
Event: 11.330 loading class org/bytedeco/javacpp/helper/opencv_core$AbstractIplImage$ReleaseDeallocator
Event: 11.330 loading class org/bytedeco/javacpp/helper/opencv_core$AbstractIplImage$ReleaseDeallocator done


Dynamic libraries:
0x00007ff727660000 - 0x00007ff727697000 	C:\Program Files\Java\jdk1.8.0_65\bin\java.exe
0x00007ffc369b0000 - 0x00007ffc36b81000 	C:\WINDOWS\SYSTEM32\ntdll.dll
0x00007ffc33f40000 - 0x00007ffc33feb000 	C:\WINDOWS\System32\KERNEL32.DLL
0x00007ffc33260000 - 0x00007ffc3347d000 	C:\WINDOWS\System32\KERNELBASE.dll
0x00007ffc356a0000 - 0x00007ffc35742000 	C:\WINDOWS\System32\ADVAPI32.dll
0x00007ffc35750000 - 0x00007ffc357ee000 	C:\WINDOWS\System32\msvcrt.dll
0x00007ffc36790000 - 0x00007ffc367e9000 	C:\WINDOWS\System32\sechost.dll
0x00007ffc35500000 - 0x00007ffc35621000 	C:\WINDOWS\System32\RPCRT4.dll
0x00007ffc35800000 - 0x00007ffc35965000 	C:\WINDOWS\System32\USER32.dll
0x00007ffc33f20000 - 0x00007ffc33f3e000 	C:\WINDOWS\System32\win32u.dll
0x00007ffc36970000 - 0x00007ffc369a4000 	C:\WINDOWS\System32\GDI32.dll
0x00007ffc330d0000 - 0x00007ffc33252000 	C:\WINDOWS\System32\gdi32full.dll
0x00007ffc26130000 - 0x00007ffc263aa000 	C:\WINDOWS\WinSxS\amd64_microsoft.windows.common-controls_6595b64144ccf1df_6.0.14393.953_none_42151e83c686086b\COMCTL32.dll
0x00007ffc364c0000 - 0x00007ffc36788000 	C:\WINDOWS\System32\combase.dll
0x00007ffc33dd0000 - 0x00007ffc33ec5000 	C:\WINDOWS\System32\ucrtbase.dll
0x00007ffc32ea0000 - 0x00007ffc32f0a000 	C:\WINDOWS\System32\bcryptPrimitives.dll
0x00007ffc36330000 - 0x00007ffc3635e000 	C:\WINDOWS\System32\IMM32.DLL
0x000000006ec10000 - 0x000000006ece2000 	C:\Program Files\Java\jdk1.8.0_65\jre\bin\msvcr100.dll
0x000000006ecf0000 - 0x000000006f579000 	C:\Program Files\Java\jdk1.8.0_65\jre\bin\server\jvm.dll
0x00007ffc357f0000 - 0x00007ffc357f8000 	C:\WINDOWS\System32\PSAPI.DLL
0x00007ffc2d4c0000 - 0x00007ffc2d4c9000 	C:\WINDOWS\SYSTEM32\WSOCK32.dll
0x00007ffc30760000 - 0x00007ffc30783000 	C:\WINDOWS\SYSTEM32\WINMM.dll
0x00007ffc35cf0000 - 0x00007ffc35d5a000 	C:\WINDOWS\System32\WS2_32.dll
0x00007ffc31340000 - 0x00007ffc3134a000 	C:\WINDOWS\SYSTEM32\VERSION.dll
0x00007ffc30670000 - 0x00007ffc3069b000 	C:\WINDOWS\SYSTEM32\WINMMBASE.dll
0x00007ffc33ed0000 - 0x00007ffc33f12000 	C:\WINDOWS\System32\cfgmgr32.dll
0x000000006ebc0000 - 0x000000006ebcf000 	C:\Program Files\Java\jdk1.8.0_65\jre\bin\verify.dll
0x000000006eb90000 - 0x000000006ebb9000 	C:\Program Files\Java\jdk1.8.0_65\jre\bin\java.dll
0x000000006eb70000 - 0x000000006eb86000 	C:\Program Files\Java\jdk1.8.0_65\jre\bin\zip.dll
0x00007ffc33ff0000 - 0x00007ffc354f9000 	C:\WINDOWS\System32\SHELL32.dll
0x00007ffc33480000 - 0x00007ffc33b5a000 	C:\WINDOWS\System32\windows.storage.dll
0x00007ffc32e40000 - 0x00007ffc32e8c000 	C:\WINDOWS\System32\powrprof.dll
0x00007ffc35bf0000 - 0x00007ffc35c42000 	C:\WINDOWS\System32\shlwapi.dll
0x00007ffc32e10000 - 0x00007ffc32e1f000 	C:\WINDOWS\System32\kernel.appcore.dll
0x00007ffc33020000 - 0x00007ffc330c9000 	C:\WINDOWS\System32\shcore.dll
0x00007ffc32e20000 - 0x00007ffc32e34000 	C:\WINDOWS\System32\profapi.dll
0x000000006e990000 - 0x000000006eb28000 	C:\Program Files\Java\jdk1.8.0_65\jre\bin\awt.dll
0x00007ffc359d0000 - 0x00007ffc35a8f000 	C:\WINDOWS\System32\OLEAUT32.dll
0x00007ffc33d30000 - 0x00007ffc33dcc000 	C:\WINDOWS\System32\msvcp_win.dll
0x00007ffc306e0000 - 0x00007ffc3075a000 	C:\WINDOWS\SYSTEM32\apphelp.dll
0x00007ffc30be0000 - 0x00007ffc30c75000 	C:\WINDOWS\system32\uxtheme.dll
0x00007ffc36800000 - 0x00007ffc3695a000 	C:\WINDOWS\System32\MSCTF.dll
0x00007ffc305c0000 - 0x00007ffc305e6000 	C:\WINDOWS\system32\dwmapi.dll
0x00007ffc36380000 - 0x00007ffc364b7000 	C:\WINDOWS\System32\ole32.dll
0x000000006e940000 - 0x000000006e987000 	C:\Program Files\Java\jdk1.8.0_65\jre\bin\fontmanager.dll
0x000000006eb50000 - 0x000000006eb6a000 	C:\Program Files\Java\jdk1.8.0_65\jre\bin\net.dll
0x00007ffc323e0000 - 0x00007ffc3243c000 	C:\WINDOWS\system32\mswsock.dll
0x000000006eb30000 - 0x000000006eb41000 	C:\Program Files\Java\jdk1.8.0_65\jre\bin\nio.dll
0x00007ffc023f0000 - 0x00007ffc042e7000 	C:\opencv\build\java\x64\opencv_java320.dll
0x00007ffc2ddd0000 - 0x00007ffc2dde8000 	C:\WINDOWS\SYSTEM32\AVICAP32.dll
0x00007ffc2ddb0000 - 0x00007ffc2ddd0000 	C:\WINDOWS\SYSTEM32\AVIFIL32.dll
0x00007ffc29890000 - 0x00007ffc298b9000 	C:\WINDOWS\SYSTEM32\MSVFW32.dll
0x00007ffc15360000 - 0x00007ffc1537c000 	C:\WINDOWS\SYSTEM32\MSACM32.dll
0x000000006e8f0000 - 0x000000006e932000 	C:\Program Files\Java\jdk1.8.0_65\jre\bin\t2k.dll
0x00007ffc215e0000 - 0x00007ffc2168c000 	C:\WINDOWS\WinSxS\amd64_microsoft.windows.common-controls_6595b64144ccf1df_5.82.14393.447_none_0d5aa7fbb6d35646\comctl32.dll
0x00007ffc35c50000 - 0x00007ffc35cef000 	C:\WINDOWS\System32\clbcatq.dll
0x00007ffc2fde0000 - 0x00007ffc2ff65000 	C:\WINDOWS\system32\propsys.dll
0x00007ffc12d40000 - 0x00007ffc12e67000 	C:\WINDOWS\system32\NetworkExplorer.dll
0x00007ffc1ed90000 - 0x00007ffc1f0f5000 	C:\Windows\System32\ActXPrxy.dll
0x00007ffc2fba0000 - 0x00007ffc2fd48000 	C:\WINDOWS\SYSTEM32\WindowsCodecs.dll
0x00007ffc19750000 - 0x00007ffc197a3000 	C:\Windows\System32\thumbcache.dll
0x00007ffc29600000 - 0x00007ffc29643000 	C:\WINDOWS\SYSTEM32\policymanager.dll
0x00007ffc30e10000 - 0x00007ffc30ea1000 	C:\WINDOWS\SYSTEM32\msvcp110_win.dll
0x00007ffc20370000 - 0x00007ffc2038b000 	C:\WINDOWS\SYSTEM32\MPR.dll
0x00007ffc28a40000 - 0x00007ffc28a56000 	C:\WINDOWS\System32\ntlanman.dll
0x00007ffc28a30000 - 0x00007ffc28a3b000 	C:\WINDOWS\System32\drprov.dll
0x00007ffc32c50000 - 0x00007ffc32ca6000 	C:\WINDOWS\System32\WINSTA.dll
0x00007ffc28a10000 - 0x00007ffc28a30000 	C:\WINDOWS\System32\davclnt.dll
0x00007ffc28a00000 - 0x00007ffc28a0c000 	C:\WINDOWS\System32\DAVHLPR.dll
0x00007ffc32640000 - 0x00007ffc32656000 	C:\WINDOWS\System32\wkscli.dll
0x00007ffc32d50000 - 0x00007ffc32d7b000 	C:\WINDOWS\System32\bcrypt.dll
0x00007ffc1e6e0000 - 0x00007ffc1e6f2000 	C:\WINDOWS\SYSTEM32\cscapi.dll
0x00007ffc32250000 - 0x00007ffc3225d000 	C:\WINDOWS\System32\netutils.dll
0x00007ffc00970000 - 0x00007ffc009bd000 	C:\Windows\System32\dlnashext.dll
0x00007ffc252b0000 - 0x00007ffc25320000 	C:\Windows\System32\PlayToDevice.dll
0x00007ffc25540000 - 0x00007ffc2555e000 	C:\Windows\System32\DevDispItemProvider.dll
0x00007ffc2c0d0000 - 0x00007ffc2c141000 	C:\WINDOWS\System32\MMDevApi.dll
0x00007ffc310e0000 - 0x00007ffc31108000 	C:\WINDOWS\System32\DEVOBJ.dll
0x00007ffc07800000 - 0x00007ffc079ff000 	C:\WINDOWS\system32\wpdshext.dll
0x00007ffc21690000 - 0x00007ffc2182a000 	C:\WINDOWS\WinSxS\amd64_microsoft.windows.gdiplus_6595b64144ccf1df_1.1.14393.953_none_7300116921188239\gdiplus.dll
0x00007ffc2f410000 - 0x00007ffc2f4ae000 	C:\Windows\System32\PortableDeviceApi.dll
0x00007ffc35d60000 - 0x00007ffc36189000 	C:\WINDOWS\System32\SETUPAPI.dll
0x00007ffc32f10000 - 0x00007ffc32f65000 	C:\WINDOWS\System32\WINTRUST.dll
0x00007ffc32e90000 - 0x00007ffc32ea0000 	C:\WINDOWS\System32\MSASN1.dll
0x00007ffc33b60000 - 0x00007ffc33d29000 	C:\WINDOWS\System32\CRYPT32.dll
0x00007ffc1d190000 - 0x00007ffc1d1c6000 	C:\Windows\System32\EhStorShell.dll
0x00007ffc28ae0000 - 0x00007ffc28b05000 	C:\Windows\System32\EhStorAPI.dll
0x00007ffc2ff70000 - 0x00007ffc2ff83000 	C:\Windows\System32\WTSAPI32.dll
0x00007ffc31ab0000 - 0x00007ffc31ac0000 	C:\WINDOWS\SYSTEM32\LINKINFO.dll
0x00007ffc31360000 - 0x00007ffc3136c000 	C:\WINDOWS\SYSTEM32\Secur32.dll
0x00007ffc32830000 - 0x00007ffc3285c000 	C:\WINDOWS\SYSTEM32\SSPICLI.DLL
0x00007ffc28ef0000 - 0x00007ffc28f09000 	C:\WINDOWS\SYSTEM32\samcli.dll
0x00007ffc30460000 - 0x00007ffc30483000 	C:\WINDOWS\SYSTEM32\SAMLIB.dll
0x00007ffc197e0000 - 0x00007ffc19829000 	C:\WINDOWS\system32\dataexchange.dll
0x00007ffc2ecd0000 - 0x00007ffc2ef86000 	C:\WINDOWS\system32\d3d11.dll
0x00007ffc31b10000 - 0x00007ffc31baf000 	C:\WINDOWS\system32\dxgi.dll
0x00007ffc300c0000 - 0x00007ffc30211000 	C:\WINDOWS\system32\dcomp.dll
0x00007ffc30fa0000 - 0x00007ffc310bc000 	C:\WINDOWS\system32\twinapi.appcore.dll
0x00007ffc12010000 - 0x00007ffc12222000 	C:\Users\polina\AppData\Local\Microsoft\OneDrive\17.3.6798.0207\amd64\FileSyncShell64.dll
0x00007ffc25590000 - 0x00007ffc255af000 	C:\Users\polina\AppData\Local\Microsoft\OneDrive\17.3.6798.0207\amd64\LoggingPlatform64.DLL
0x00007ffc11e70000 - 0x00007ffc11f5f000 	C:\Users\polina\AppData\Local\Microsoft\OneDrive\17.3.6798.0207\amd64\MSVCR120.dll
0x00007ffc28110000 - 0x00007ffc283da000 	C:\WINDOWS\SYSTEM32\WININET.dll
0x00007ffc11f60000 - 0x00007ffc12006000 	C:\Users\polina\AppData\Local\Microsoft\OneDrive\17.3.6798.0207\amd64\MSVCP120.dll
0x00007ffc2b1b0000 - 0x00007ffc2b1bf000 	C:\WINDOWS\SYSTEM32\AcSignIcon.dll
0x00007ffc10e40000 - 0x00007ffc113a5000 	C:\WINDOWS\SYSTEM32\mfc110u.dll
0x00007ffc24320000 - 0x00007ffc243f4000 	C:\WINDOWS\SYSTEM32\MSVCR110.dll
0x00007ffc254b0000 - 0x00007ffc254b8000 	C:\Program Files (x86)\Internet Download Manager\IDMShellExt64.dll
0x000000006fa60000 - 0x000000006fa7d000 	C:\PROGRA~1\MICROS~1\Office12\MSOHEVI.DLL
0x000000006ff40000 - 0x0000000070009000 	C:\WINDOWS\WinSxS\amd64_microsoft.vc80.crt_1fc8b3b9a1e18e3b_8.0.50727.9268_none_88e0de612fadfb38\MSVCR80.dll
0x00007ffc28510000 - 0x00007ffc286d2000 	C:\Windows\System32\urlmon.dll
0x00007ffc28730000 - 0x00007ffc289d2000 	C:\Windows\System32\iertutil.dll
0x00007ffc1bcf0000 - 0x00007ffc1bddf000 	C:\Users\polina\.javacpp\cache\opencv-3.2.0-1.3-windows-x86_64.jar\org\bytedeco\javacpp\windows-x86_64\msvcr120.dll
0x00007ffc1b930000 - 0x00007ffc1b9d6000 	C:\Users\polina\.javacpp\cache\opencv-3.2.0-1.3-windows-x86_64.jar\org\bytedeco\javacpp\windows-x86_64\msvcp120.dll
0x00007ffc074d0000 - 0x00007ffc07758000 	C:\Users\polina\.javacpp\cache\opencv-3.2.0-1.3-windows-x86_64.jar\org\bytedeco\javacpp\windows-x86_64\opencv_core320.dll
0x00007ffc07160000 - 0x00007ffc074c2000 	C:\Users\polina\.javacpp\cache\opencv-3.2.0-1.3-windows-x86_64.jar\org\bytedeco\javacpp\windows-x86_64\opencv_imgproc320.dll
0x00007ffc06f10000 - 0x00007ffc0715a000 	C:\Users\polina\.javacpp\cache\opencv-3.2.0-1.3-windows-x86_64.jar\org\bytedeco\javacpp\windows-x86_64\jniopencv_core.dll
0x00007ffc1b840000 - 0x00007ffc1b930000 	C:\Users\polina\.javacpp\cache\opencv-3.2.0-1.3-windows-x86_64.jar\org\bytedeco\javacpp\windows-x86_64\jniopencv_imgproc.dll
0x00007ffc06c40000 - 0x00007ffc06f0a000 	C:\Users\polina\.javacpp\cache\opencv-3.2.0-1.3-windows-x86_64.jar\org\bytedeco\javacpp\windows-x86_64\opencv_imgcodecs320.dll
0x00007ffc264e0000 - 0x00007ffc26505000 	C:\Users\polina\.javacpp\cache\opencv-3.2.0-1.3-windows-x86_64.jar\org\bytedeco\javacpp\windows-x86_64\jniopencv_imgcodecs.dll
0x000000006c6d0000 - 0x000000006c701000 	C:\Program Files\Java\jdk1.8.0_65\jre\bin\jpeg.dll
0x00007ffc2dd80000 - 0x00007ffc2dd9a000 	C:\WINDOWS\SYSTEM32\OpenCL.dll
0x00007ffc24660000 - 0x00007ffc246c7000 	C:\WINDOWS\SYSTEM32\IntelOpenCL64.dll
0x00007ffc0c930000 - 0x00007ffc0caf2000 	C:\Program Files (x86)\Common Files\Intel\OpenCL\bin\x64\intelocl64.dll
0x00007ffc0d390000 - 0x00007ffc0d42d000 	C:\Program Files (x86)\Common Files\Intel\OpenCL\bin\x64\task_executor64.dll
0x00007ffc2a050000 - 0x00007ffc2a173000 	C:\WINDOWS\SYSTEM32\OPENGL32.dll
0x00007ffc305f0000 - 0x00007ffc3061d000 	C:\WINDOWS\SYSTEM32\GLU32.dll
0x00007ffc29f50000 - 0x00007ffc2a047000 	C:\WINDOWS\SYSTEM32\DDRAW.dll
0x00007ffc31440000 - 0x00007ffc31448000 	C:\WINDOWS\SYSTEM32\DCIMAN32.dll

VM Arguments:
jvm_args: -Djava.library.path=C:\opencv\build\java\x64;.\. 
java_command: com.talcorp.pfe.LanceurApplication
java_class_path (initial): C:\Users\polina\Documents\NetBeansProjects\PFE_Reconnaissance\target\classes;C:\Users\polina\.m2\repository\org\bytedeco\javacpp-presets\opencv\3.2.0-1.3\opencv-3.2.0-1.3.jar;C:\Users\polina\.m2\repository\org\bytedeco\javacpp\1.3\javacpp-1.3.jar;C:\Users\polina\.m2\repository\org\openpnp\opencv\3.2.0-1\opencv-3.2.0-1.jar;C:\Users\polina\.m2\repository\org\bytedeco\javacpp-presets\opencv-platform\3.2.0-1.3\opencv-platform-3.2.0-1.3.jar;C:\Users\polina\.m2\repository\org\bytedeco\javacpp-presets\opencv\3.2.0-1.3\opencv-3.2.0-1.3-android-arm.jar;C:\Users\polina\.m2\repository\org\bytedeco\javacpp-presets\opencv\3.2.0-1.3\opencv-3.2.0-1.3-android-x86.jar;C:\Users\polina\.m2\repository\org\bytedeco\javacpp-presets\opencv\3.2.0-1.3\opencv-3.2.0-1.3-linux-x86.jar;C:\Users\polina\.m2\repository\org\bytedeco\javacpp-presets\opencv\3.2.0-1.3\opencv-3.2.0-1.3-linux-x86_64.jar;C:\Users\polina\.m2\repository\org\bytedeco\javacpp-presets\opencv\3.2.0-1.3\opencv-3.2.0-1.3-linux-armhf.jar;C:\Users\polina\.m2\repository\org\bytedeco\javacpp-presets\opencv\3.2.0-1.3\opencv-3.2.0-1.3-linux-ppc64le.jar;C:\Users\polina\.m2\repository\org\bytedeco\javacpp-presets\opencv\3.2.0-1.3\opencv-3.2.0-1.3-macosx-x86_64.jar;C:\Users\polina\.m2\repository\org\bytedeco\javacpp-presets\opencv\3.2.0-1.3\opencv-3.2.0-1.3-windows-x86.jar;C:\Users\polina\.m2\repository\org\bytedeco\javacpp-presets\opencv\3.2.0-1.3\opencv-3.2.0-1.3-windows-x86_64.jar;C:\Users\polina\.m2\repository\org\bytedeco\javacv\1.3.2\javacv-1.3.2.jar;C:\Users\polina\.m2\repository\org\bytedeco\javacpp-presets\ffmpeg\3.2.1-1.3\ffmpeg-3.2.1-1.3.jar;C:\Users\polina\.m2\repository\org\bytedeco\javacpp-presets\flycapture\2.9.3.43-1.3\flycapture-2.9.3.43-1.3.jar;C:\Users\polina\.m2\repository\org\bytedeco\javacpp-presets\libdc1394\2.2.4-1.3\libdc1394-2.2.4-1.3.jar;C:\Users\polina\.m2\repository\org\bytedeco\javacpp-presets\libfreenect\0.5.3-1.3\libfreenect-0.5.3-1.3.jar;C:\Users\polina\.m2\repository\org\byte
Launcher Type: SUN_STANDARD

Environment Variables:
JAVA_HOME=C:\Program Files\Java\jdk1.8.0_65
CLASSPATH=.;C:\Program Files (x86)\Java\jre6\lib\ext\QTJava.zip;D:\Java\JDBC\mysql-connector-java-5.1.38-bin;C:\apache-ant-1.9.7-bin\apache-ant-1.9.7\bin
PATH=C:\oraclexe\app\oracle\product\11.2.0\server\bin;D:\Borland\Delphi7\Bin;D:\Borland\Delphi7\Projects\Bpl\;d:\Program Files (x86)\CollabNet;d:\Embarcadero\RAD Studio\12.0\bin;C:\Users\Public\Documents\RAD Studio\12.0\Bpl;d:\Embarcadero\RAD Studio\12.0\bin64;C:\Users\Public\Documents\RAD Studio\12.0\Bpl\Win64;C:\ProgramData\Oracle\Java\javapath;C:\Program Files (x86)\Intel\iCLS Client\;C:\Program Files\Intel\iCLS Client\;C:\WINDOWS\system32;C:\WINDOWS;C:\WINDOWS\System32\Wbem;C:\WINDOWS\System32\WindowsPowerShell\v1.0\;C:\Program Files\Intel\Intel(R) Management Engine Components\DAL;C:\Program Files\Intel\Intel(R) Management Engine Components\IPT;C:\Program Files (x86)\Intel\Intel(R) Management Engine Components\DAL;C:\Program Files (x86)\Intel\Intel(R) Management Engine Components\IPT;C:\Program Files (x86)\QuickTime\QTSystem\;C:\Program Files\Microsoft SQL Server\110\Tools\Binn\;C:\Program Files\Microsoft SQL Server\120\Tools\Binn\;C:\Program Files (x86)\CMake\bin;C:\Program Files (x86)\Windows Kits\8.1\Windows Performance Toolkit\;C:\Program Files (x86)\Microsoft SDKs\TypeScript\1.0\;C:\Users\polina\Downloads\Programs\opencv\build\java\x64;C:\Program Files\nodejs\;C:\Program Files (x86)\NVIDIA Corporation\PhysX\Common;C:\Program Files\MySQL\MySQL Server 5.0\bin;C:\WINDOWS\system32;C:\WINDOWS;C:\WINDOWS\System32\Wbem;C:\WINDOWS\System32\WindowsPowerShell\v1.0\;C:\apache-ant-1.9.7-bin\apache-ant-1.9.7\bin;C:\Program Files\Condusiv Technologies\ExpressCache\;D:\Borland\Embarcadero\RAD Studio\12.0\Bpl;C:\Users\Public\Documents\RAD Studio\12.0\Bpl;C:\Users\polina\AppData\Roaming\npm;C:\apache-maven-3.3.9\bin;C:\ant 197\bin;C:\Users\polina\Downloads\Programs\opencv\build\java\x64
USERNAME=Taleb
OS=Windows_NT
PROCESSOR_IDENTIFIER=Intel64 Family 6 Model 69 Stepping 1, GenuineIntel



---------------  S Y S T E M  ---------------

OS: Windows 10.0 , 64 bit Build 14393 (10.0.14393.0)

CPU:total 4 (2 cores per cpu, 2 threads per core) family 6 model 69 stepping 1, cmov, cx8, fxsr, mmx, sse, sse2, sse3, ssse3, sse4.1, sse4.2, popcnt, avx, avx2, aes, clmul, erms, lzcnt, ht, tsc, tscinvbit, bmi1, bmi2

Memory: 4k page, physical 8268888k(3882988k free), swap 9776216k(3699980k free)

vm_info: Java HotSpot(TM) 64-Bit Server VM (25.65-b01) for windows-amd64 JRE (1.8.0_65-b17), built on Oct  6 2015 16:39:20 by "java_re" with MS VC++ 10.0 (VS2010)

time: Wed Mar 22 00:45:42 2017
elapsed time: 11 seconds (0d 0h 0m 11s)

