#
# A fatal error has been detected by the Java Runtime Environment:
#
#  EXCEPTION_UNCAUGHT_CXX_EXCEPTION (0xe06d7363) at pc=0x00007ffc33277788, pid=13196, tid=14356
#
# JRE version: Java(TM) SE Runtime Environment (8.0_65-b17) (build 1.8.0_65-b17)
# Java VM: Java HotSpot(TM) 64-Bit Server VM (25.65-b01 mixed mode windows-amd64 compressed oops)
# Problematic frame:
# C  [KERNELBASE.dll+0x17788]
#
# Failed to write core dump. Minidumps are not enabled by default on client versions of Windows
#
# If you would like to submit a bug report, please visit:
#   http://bugreport.java.com/bugreport/crash.jsp
# The crash happened outside the Java Virtual Machine in native code.
# See problematic frame for where to report the bug.
#

---------------  T H R E A D  ---------------

Current thread (0x0000000018cab800):  JavaThread "AWT-EventQueue-0" [_thread_in_native, id=14356, stack(0x0000000019600000,0x0000000019700000)]

siginfo: ExceptionCode=0xe06d7363, ExceptionInformation=0x0000000019930520 0x00000000196ec900 0x00007ffc0771cd78 0x00007ffc074d0000 

Registers:
RAX=0x00007ffc369e7a68, RBX=0x00000000196ec160, RCX=0x0000000016c6fd90, RDX=0x0000000000000000
RSP=0x00000000196ea2a0, RBP=0x00000000196ea950, RSI=0x00000000196ec790, RDI=0x00000000196eb0b0
R8 =0x0000000016d286a0, R9 =0x0000000016c6fd70, R10=0x0000000000000001, R11=0x0000000016c6fd50
R12=0x00000000196ea3f8, R13=0x0000000000000000, R14=0x00000000196eb6c8, R15=0x0000000000000000
RIP=0x00007ffc33277788, EFLAGS=0x0000000000000206

Top of Stack: (sp=0x00000000196ea2a0)
0x00000000196ea2a0:   0000000100036678 00000000196ec160
0x00000000196ea2b0:   00000000196ec790 00000000196eb0b0
0x00000000196ea2c0:   00000001e06d7363 0000000000000000
0x00000000196ea2d0:   00007ffc33277788 0000000000000004
0x00000000196ea2e0:   0000000019930520 00000000196ec900
0x00000000196ea2f0:   00007ffc0771cd78 00007ffc074d0000
0x00000000196ea300:   0000e7eb214dd884 00000000196ec160
0x00000000196ea310:   00000000196eb0b0 00007ffc11e93490
0x00000000196ea320:   0000000000000000 0000000018cab800
0x00000000196ea330:   0000000016c6fd90 000000000000fa30
0x00000000196ea340:   00000000196eb0b0 00007ffc11e93403
0x00000000196ea350:   00000000196ec160 00000000196fcb40
0x00000000196ea360:   0000f7df66594a8b 0000000018cab800
0x00000000196ea370:   00000000196ec160 00007ffc11ece3d9
0x00000000196ea380:   00007ffc07343c08 00000000196eb6c8
0x00000000196ea390:   0000000000000100 0000000016d286a0 

Instructions: (pc=0x00007ffc33277788)
0x00007ffc33277768:   49 8b d1 44 0f 47 c0 44 89 44 24 38 49 c1 e0 03
0x00007ffc33277778:   e8 07 55 06 00 48 8d 4c 24 20 ff 15 e0 08 13 00
0x00007ffc33277788:   48 8b 8c 24 c0 00 00 00 48 33 cc e8 98 1a 06 00
0x00007ffc33277798:   48 81 c4 d8 00 00 00 c3 83 64 24 38 00 eb d6 cc 


Register to memory mapping:

RAX=0x00007ffc369e7a68 is an unknown value
RBX=0x00000000196ec160 is pointing into the stack for thread: 0x0000000018cab800
RCX=0x0000000016c6fd90 is pointing into metadata
RDX=0x0000000000000000 is an unknown value
RSP=0x00000000196ea2a0 is pointing into the stack for thread: 0x0000000018cab800
RBP=0x00000000196ea950 is pointing into the stack for thread: 0x0000000018cab800
RSI=0x00000000196ec790 is pointing into the stack for thread: 0x0000000018cab800
RDI=0x00000000196eb0b0 is pointing into the stack for thread: 0x0000000018cab800
R8 =0x0000000016d286a0 is pointing into metadata
R9 =0x0000000016c6fd70 is pointing into metadata
R10=0x0000000000000001 is an unknown value
R11=0x0000000016c6fd50 is pointing into metadata
R12=0x00000000196ea3f8 is pointing into the stack for thread: 0x0000000018cab800
R13=0x0000000000000000 is an unknown value
R14=0x00000000196eb6c8 is pointing into the stack for thread: 0x0000000018cab800
R15=0x0000000000000000 is an unknown value


Stack: [0x0000000019600000,0x0000000019700000],  sp=0x00000000196ea2a0,  free space=936k
Native frames: (J=compiled Java code, j=interpreted, Vv=VM code, C=native code)
C  [KERNELBASE.dll+0x17788]
C  [MSVCR120.dll+0x5e3d9]
C  [ntdll.dll+0xaa193]
C  [opencv_imgproc320.dll+0x61cf6]
C  [opencv_imgproc320.dll+0x6474e]
C  [jniopencv_imgproc.dll+0x1ed60]
C  0x0000000002505e34

Java frames: (J=compiled Java code, j=interpreted, Vv=VM code)
j  org.bytedeco.javacpp.opencv_imgproc.cvFindContours(Lorg/bytedeco/javacpp/helper/opencv_core$CvArr;Lorg/bytedeco/javacpp/opencv_core$CvMemStorage;Lorg/bytedeco/javacpp/opencv_core$CvSeq;IIILorg/bytedeco/javacpp/opencv_core$CvPoint;)I+0
j  com.talcorp.pfe.Logique.findContours(Ljavax/swing/JLabel;)V+56
j  fenetres.Principal.jLabelDetecterLaPlaqueMouseClicked(Ljava/awt/event/MouseEvent;)V+34
j  fenetres.Principal.access$300(Lfenetres/Principal;Ljava/awt/event/MouseEvent;)V+2
j  fenetres.Principal$4.mouseClicked(Ljava/awt/event/MouseEvent;)V+5
j  java.awt.AWTEventMulticaster.mouseClicked(Ljava/awt/event/MouseEvent;)V+21
j  java.awt.Component.processMouseEvent(Ljava/awt/event/MouseEvent;)V+74
j  javax.swing.JComponent.processMouseEvent(Ljava/awt/event/MouseEvent;)V+23
j  java.awt.Component.processEvent(Ljava/awt/AWTEvent;)V+81
j  java.awt.Container.processEvent(Ljava/awt/AWTEvent;)V+18
J 1934 C1 java.awt.Component.dispatchEventImpl(Ljava/awt/AWTEvent;)V (883 bytes) @ 0x0000000002af619c [0x0000000002af0cc0+0x54dc]
J 1473 C1 java.awt.Container.dispatchEventImpl(Ljava/awt/AWTEvent;)V (129 bytes) @ 0x000000000296c3c4 [0x000000000296c280+0x144]
J 1472 C1 java.awt.Component.dispatchEvent(Ljava/awt/AWTEvent;)V (6 bytes) @ 0x000000000296d384 [0x000000000296d280+0x104]
j  java.awt.LightweightDispatcher.retargetMouseEvent(Ljava/awt/Component;ILjava/awt/event/MouseEvent;)V+327
j  java.awt.LightweightDispatcher.processMouseEvent(Ljava/awt/event/MouseEvent;)Z+171
j  java.awt.LightweightDispatcher.dispatchEvent(Ljava/awt/AWTEvent;)Z+50
J 1473 C1 java.awt.Container.dispatchEventImpl(Ljava/awt/AWTEvent;)V (129 bytes) @ 0x000000000296c364 [0x000000000296c280+0xe4]
j  java.awt.Window.dispatchEventImpl(Ljava/awt/AWTEvent;)V+19
J 1527 C1 java.awt.EventQueue.dispatchEventImpl(Ljava/awt/AWTEvent;Ljava/lang/Object;)V (149 bytes) @ 0x00000000029969bc [0x0000000002995180+0x183c]
J 1425 C1 java.awt.EventQueue$3.run()Ljava/lang/Void; (60 bytes) @ 0x000000000294768c [0x0000000002947480+0x20c]
J 1424 C1 java.awt.EventQueue$3.run()Ljava/lang/Object; (5 bytes) @ 0x0000000002947d4c [0x0000000002947cc0+0x8c]
v  ~StubRoutines::call_stub
J 1143  java.security.AccessController.doPrivileged(Ljava/security/PrivilegedAction;Ljava/security/AccessControlContext;)Ljava/lang/Object; (0 bytes) @ 0x0000000002882066 [0x0000000002882000+0x66]
J 1958 C1 java.awt.EventQueue$4.run()Ljava/lang/Object; (5 bytes) @ 0x0000000002b0f4ac [0x0000000002b0f080+0x42c]
v  ~StubRoutines::call_stub
J 1143  java.security.AccessController.doPrivileged(Ljava/security/PrivilegedAction;Ljava/security/AccessControlContext;)Ljava/lang/Object; (0 bytes) @ 0x0000000002882066 [0x0000000002882000+0x66]
J 1280 C1 java.awt.EventQueue.dispatchEvent(Ljava/awt/AWTEvent;)V (80 bytes) @ 0x00000000028f05fc [0x00000000028ef780+0xe7c]
J 1288 C1 java.awt.EventDispatchThread.pumpOneEventForFilters(I)V (295 bytes) @ 0x00000000028f82a4 [0x00000000028f6740+0x1b64]
j  java.awt.EventDispatchThread.pumpEventsForFilter(ILjava/awt/Conditional;Ljava/awt/EventFilter;)V+35
j  java.awt.EventDispatchThread.pumpEventsForHierarchy(ILjava/awt/Conditional;Ljava/awt/Component;)V+11
j  java.awt.EventDispatchThread.pumpEvents(ILjava/awt/Conditional;)V+4
j  java.awt.EventDispatchThread.pumpEvents(Ljava/awt/Conditional;)V+3
j  java.awt.EventDispatchThread.run()V+9
v  ~StubRoutines::call_stub

---------------  P R O C E S S  ---------------

Java Threads: ( => current thread )
  0x0000000019e46000 JavaThread "Image Fetcher 0" daemon [_thread_blocked, id=9528, stack(0x000000001db50000,0x000000001dc50000)]
  0x0000000019f54800 JavaThread "JavaCPP Deallocator" daemon [_thread_blocked, id=5276, stack(0x000000001ca80000,0x000000001cb80000)]
  0x0000000019e38800 JavaThread "Swing-Shell" daemon [_thread_blocked, id=12492, stack(0x000000001b1f0000,0x000000001b2f0000)]
  0x0000000019e88800 JavaThread "TimerQueue" daemon [_thread_blocked, id=4184, stack(0x000000001adf0000,0x000000001aef0000)]
  0x00000000023f2800 JavaThread "DestroyJavaVM" [_thread_blocked, id=1944, stack(0x00000000022f0000,0x00000000023f0000)]
=>0x0000000018cab800 JavaThread "AWT-EventQueue-0" [_thread_in_native, id=14356, stack(0x0000000019600000,0x0000000019700000)]
  0x0000000018d0a800 JavaThread "AWT-Windows" daemon [_thread_in_native, id=1264, stack(0x0000000019500000,0x0000000019600000)]
  0x0000000018cff800 JavaThread "AWT-Shutdown" [_thread_blocked, id=14200, stack(0x0000000019400000,0x0000000019500000)]
  0x0000000018cfe800 JavaThread "Java2D Disposer" daemon [_thread_blocked, id=11240, stack(0x0000000019300000,0x0000000019400000)]
  0x00000000189c5800 JavaThread "Service Thread" daemon [_thread_blocked, id=9212, stack(0x0000000018d80000,0x0000000018e80000)]
  0x0000000017034800 JavaThread "C1 CompilerThread2" daemon [_thread_blocked, id=10432, stack(0x0000000018880000,0x0000000018980000)]
  0x0000000017024000 JavaThread "C2 CompilerThread1" daemon [_thread_blocked, id=15084, stack(0x0000000018780000,0x0000000018880000)]
  0x0000000017020000 JavaThread "C2 CompilerThread0" daemon [_thread_in_native, id=1460, stack(0x0000000018680000,0x0000000018780000)]
  0x000000001701e000 JavaThread "Attach Listener" daemon [_thread_blocked, id=13812, stack(0x0000000018580000,0x0000000018680000)]
  0x000000001701c800 JavaThread "Signal Dispatcher" daemon [_thread_blocked, id=5288, stack(0x0000000018480000,0x0000000018580000)]
  0x00000000024e7800 JavaThread "Finalizer" daemon [_thread_blocked, id=15304, stack(0x0000000018270000,0x0000000018370000)]
  0x0000000016fe8800 JavaThread "Reference Handler" daemon [_thread_blocked, id=11952, stack(0x0000000018170000,0x0000000018270000)]

Other Threads:
  0x0000000016fe7000 VMThread [stack: 0x0000000018070000,0x0000000018170000] [id=8684]
  0x00000000189d2000 WatcherThread [stack: 0x0000000018e80000,0x0000000018f80000] [id=11104]

VM state:not at safepoint (normal execution)

VM Mutex/Monitor currently owned by a thread: None

Heap:
 PSYoungGen      total 38400K, used 25892K [0x00000000d5f00000, 0x00000000d8980000, 0x0000000100000000)
  eden space 33280K, 62% used [0x00000000d5f00000,0x00000000d736b6b0,0x00000000d7f80000)
  from space 5120K, 97% used [0x00000000d7f80000,0x00000000d845d950,0x00000000d8480000)
  to   space 5120K, 0% used [0x00000000d8480000,0x00000000d8480000,0x00000000d8980000)
 ParOldGen       total 87552K, used 5665K [0x0000000081c00000, 0x0000000087180000, 0x00000000d5f00000)
  object space 87552K, 6% used [0x0000000081c00000,0x00000000821886f8,0x0000000087180000)
 Metaspace       used 17798K, capacity 18058K, committed 18176K, reserved 1064960K
  class space    used 2185K, capacity 2284K, committed 2304K, reserved 1048576K

Card table byte_map: [0x00000000118b0000,0x0000000011cb0000] byte_map_base: 0x00000000114a2000

Marking Bits: (ParMarkBitMap*) 0x000000006f4fa5b0
 Begin Bits: [0x0000000012360000, 0x00000000142f0000)
 End Bits:   [0x00000000142f0000, 0x0000000016280000)

Polling page: 0x0000000002140000

CodeCache: size=245760Kb used=6327Kb max_used=6334Kb free=239432Kb
 bounds [0x00000000024f0000, 0x0000000002b30000, 0x00000000114f0000]
 total_blobs=2688 nmethods=1944 adapters=655
 compilation: enabled

Compilation events (10 events):
Event: 16.195 Thread 0x0000000017034800 nmethod 1992 0x0000000002719bd0 code [0x0000000002719d40, 0x0000000002719f88]
Event: 16.195 Thread 0x0000000017034800 1993       3       java.net.URLClassLoader$2::run (16 bytes)
Event: 16.195 Thread 0x0000000017034800 nmethod 1993 0x00000000026b4150 code [0x00000000026b42c0, 0x00000000026b4488]
Event: 16.195 Thread 0x0000000017034800 1995       3       java.util.ArrayList::toArray (60 bytes)
Event: 16.195 Thread 0x0000000017024000 nmethod 1994 0x000000000271e210 code [0x000000000271e360, 0x000000000271e408]
Event: 16.196 Thread 0x0000000017034800 nmethod 1995 0x0000000002709750 code [0x00000000027098e0, 0x0000000002709e98]
Event: 16.199 Thread 0x0000000017034800 1996       3       java.io.File::<init> (20 bytes)
Event: 16.199 Thread 0x0000000017034800 nmethod 1996 0x00000000026090d0 code [0x0000000002609220, 0x0000000002609410]
Event: 16.199 Thread 0x0000000017034800 1997       3       java.net.URL::openConnection (9 bytes)
Event: 16.199 Thread 0x0000000017034800 nmethod 1997 0x0000000002608c90 code [0x0000000002608e00, 0x0000000002609028]

GC Heap History (2 events):
Event: 12.361 GC heap before
{Heap before GC invocations=1 (full 0):
 PSYoungGen      total 38400K, used 33280K [0x00000000d5f00000, 0x00000000d8980000, 0x0000000100000000)
  eden space 33280K, 100% used [0x00000000d5f00000,0x00000000d7f80000,0x00000000d7f80000)
  from space 5120K, 0% used [0x00000000d8480000,0x00000000d8480000,0x00000000d8980000)
  to   space 5120K, 0% used [0x00000000d7f80000,0x00000000d7f80000,0x00000000d8480000)
 ParOldGen       total 87552K, used 0K [0x0000000081c00000, 0x0000000087180000, 0x00000000d5f00000)
  object space 87552K, 0% used [0x0000000081c00000,0x0000000081c00000,0x0000000087180000)
 Metaspace       used 16779K, capacity 17002K, committed 17408K, reserved 1064960K
  class space    used 2108K, capacity 2188K, committed 2304K, reserved 1048576K
Event: 12.369 GC heap after
Heap after GC invocations=1 (full 0):
 PSYoungGen      total 38400K, used 4982K [0x00000000d5f00000, 0x00000000d8980000, 0x0000000100000000)
  eden space 33280K, 0% used [0x00000000d5f00000,0x00000000d5f00000,0x00000000d7f80000)
  from space 5120K, 97% used [0x00000000d7f80000,0x00000000d845d950,0x00000000d8480000)
  to   space 5120K, 0% used [0x00000000d8480000,0x00000000d8480000,0x00000000d8980000)
 ParOldGen       total 87552K, used 5665K [0x0000000081c00000, 0x0000000087180000, 0x00000000d5f00000)
  object space 87552K, 6% used [0x0000000081c00000,0x00000000821886f8,0x0000000087180000)
 Metaspace       used 16779K, capacity 17002K, committed 17408K, reserved 1064960K
  class space    used 2108K, capacity 2188K, committed 2304K, reserved 1048576K
}

Deoptimization events (10 events):
Event: 12.236 Thread 0x0000000018cab800 Uncommon trap: reason=bimorphic action=maybe_recompile pc=0x0000000002886b88 method=java.util.HashMap.putVal(ILjava/lang/Object;Ljava/lang/Object;ZZ)Ljava/lang/Object; @ 91
Event: 12.237 Thread 0x0000000018cab800 Uncommon trap: reason=bimorphic action=maybe_recompile pc=0x0000000002886b88 method=java.util.HashMap.putVal(ILjava/lang/Object;Ljava/lang/Object;ZZ)Ljava/lang/Object; @ 91
Event: 12.237 Thread 0x0000000018cab800 Uncommon trap: reason=bimorphic action=maybe_recompile pc=0x0000000002886b88 method=java.util.HashMap.putVal(ILjava/lang/Object;Ljava/lang/Object;ZZ)Ljava/lang/Object; @ 91
Event: 12.370 Thread 0x0000000018cab800 Uncommon trap: reason=unstable_if action=reinterpret pc=0x00000000028bb7c0 method=java.lang.ref.SoftReference.get()Ljava/lang/Object; @ 17
Event: 12.392 Thread 0x0000000018cab800 Uncommon trap: reason=unstable_if action=reinterpret pc=0x000000000277e990 method=java.lang.ThreadLocal$ThreadLocalMap.getEntry(Ljava/lang/ThreadLocal;)Ljava/lang/ThreadLocal$ThreadLocalMap$Entry; @ 21
Event: 12.453 Thread 0x0000000018cab800 Uncommon trap: reason=class_check action=maybe_recompile pc=0x0000000002a8fa0c method=sun.misc.URLClassPath.getLoader(I)Lsun/misc/URLClassPath$Loader; @ 94
Event: 12.455 Thread 0x0000000018cab800 Uncommon trap: reason=class_check action=maybe_recompile pc=0x0000000002a8fa0c method=sun.misc.URLClassPath.getLoader(I)Lsun/misc/URLClassPath$Loader; @ 94
Event: 12.457 Thread 0x0000000018cab800 Uncommon trap: reason=class_check action=maybe_recompile pc=0x0000000002a8fa0c method=sun.misc.URLClassPath.getLoader(I)Lsun/misc/URLClassPath$Loader; @ 94
Event: 12.458 Thread 0x0000000018cab800 Uncommon trap: reason=class_check action=maybe_recompile pc=0x0000000002a8fa0c method=sun.misc.URLClassPath.getLoader(I)Lsun/misc/URLClassPath$Loader; @ 94
Event: 12.459 Thread 0x0000000018cab800 Uncommon trap: reason=class_check action=maybe_recompile pc=0x0000000002a937e4 method=sun.misc.URLClassPath.getLoader(I)Lsun/misc/URLClassPath$Loader; @ 94

Internal exceptions (10 events):
Event: 12.460 Thread 0x0000000018cab800 Exception <a 'java/security/PrivilegedActionException'> (0x00000000d6442f00) thrown at [C:\workspace\8-2-build-windows-amd64-cygwin\jdk8u65\4987\hotspot\src\share\vm\prims\jvm.cpp, line 1386]
Event: 12.460 Thread 0x0000000018cab800 Exception <a 'java/security/PrivilegedActionException'> (0x00000000d64432f8) thrown at [C:\workspace\8-2-build-windows-amd64-cygwin\jdk8u65\4987\hotspot\src\share\vm\prims\jvm.cpp, line 1386]
Event: 12.461 Thread 0x0000000018cab800 Exception <a 'java/security/PrivilegedActionException'> (0x00000000d644c020) thrown at [C:\workspace\8-2-build-windows-amd64-cygwin\jdk8u65\4987\hotspot\src\share\vm\prims\jvm.cpp, line 1386]
Event: 12.461 Thread 0x0000000018cab800 Exception <a 'java/security/PrivilegedActionException'> (0x00000000d644c418) thrown at [C:\workspace\8-2-build-windows-amd64-cygwin\jdk8u65\4987\hotspot\src\share\vm\prims\jvm.cpp, line 1386]
Event: 12.462 Thread 0x0000000018cab800 Exception <a 'java/security/PrivilegedActionException'> (0x00000000d6455018) thrown at [C:\workspace\8-2-build-windows-amd64-cygwin\jdk8u65\4987\hotspot\src\share\vm\prims\jvm.cpp, line 1386]
Event: 12.462 Thread 0x0000000018cab800 Exception <a 'java/security/PrivilegedActionException'> (0x00000000d6455410) thrown at [C:\workspace\8-2-build-windows-amd64-cygwin\jdk8u65\4987\hotspot\src\share\vm\prims\jvm.cpp, line 1386]
Event: 12.463 Thread 0x0000000018cab800 Exception <a 'java/security/PrivilegedActionException'> (0x00000000d645e2b8) thrown at [C:\workspace\8-2-build-windows-amd64-cygwin\jdk8u65\4987\hotspot\src\share\vm\prims\jvm.cpp, line 1386]
Event: 12.463 Thread 0x0000000018cab800 Exception <a 'java/security/PrivilegedActionException'> (0x00000000d645e6b0) thrown at [C:\workspace\8-2-build-windows-amd64-cygwin\jdk8u65\4987\hotspot\src\share\vm\prims\jvm.cpp, line 1386]
Event: 12.464 Thread 0x0000000018cab800 Exception <a 'java/security/PrivilegedActionException'> (0x00000000d6467140) thrown at [C:\workspace\8-2-build-windows-amd64-cygwin\jdk8u65\4987\hotspot\src\share\vm\prims\jvm.cpp, line 1386]
Event: 12.464 Thread 0x0000000018cab800 Exception <a 'java/security/PrivilegedActionException'> (0x00000000d6467538) thrown at [C:\workspace\8-2-build-windows-amd64-cygwin\jdk8u65\4987\hotspot\src\share\vm\prims\jvm.cpp, line 1386]

Events (10 events):
Event: 16.147 Thread 0x0000000017034800 flushing nmethod 0x000000000272c110
Event: 16.147 Thread 0x0000000017034800 flushing nmethod 0x000000000272d010
Event: 16.149 Executing VM operation: RevokeBias
Event: 16.150 Executing VM operation: RevokeBias done
Event: 16.163 Thread 0x0000000018cab800 DEOPT PACKING pc=0x00000000029e757d sp=0x00000000196fbfc0
Event: 16.163 Thread 0x0000000018cab800 DEOPT UNPACKING pc=0x000000000253787f sp=0x00000000196fbd78 mode 0
Event: 16.175 loading class org/bytedeco/javacpp/helper/opencv_core$AbstractCvMemStorage$ReleaseDeallocator
Event: 16.175 loading class org/bytedeco/javacpp/helper/opencv_core$AbstractCvMemStorage$ReleaseDeallocator done
Event: 16.181 Thread 0x0000000018cab800 DEOPT PACKING pc=0x00000000029e757d sp=0x00000000196fc2f0
Event: 16.181 Thread 0x0000000018cab800 DEOPT UNPACKING pc=0x000000000253787f sp=0x00000000196fc0a8 mode 0


Dynamic libraries:
0x00007ff727660000 - 0x00007ff727697000 	C:\Program Files\Java\jdk1.8.0_65\bin\java.exe
0x00007ffc369b0000 - 0x00007ffc36b81000 	C:\WINDOWS\SYSTEM32\ntdll.dll
0x00007ffc33f40000 - 0x00007ffc33feb000 	C:\WINDOWS\System32\KERNEL32.DLL
0x00007ffc33260000 - 0x00007ffc3347d000 	C:\WINDOWS\System32\KERNELBASE.dll
0x00007ffc356a0000 - 0x00007ffc35742000 	C:\WINDOWS\System32\ADVAPI32.dll
0x00007ffc35750000 - 0x00007ffc357ee000 	C:\WINDOWS\System32\msvcrt.dll
0x00007ffc36790000 - 0x00007ffc367e9000 	C:\WINDOWS\System32\sechost.dll
0x00007ffc35500000 - 0x00007ffc35621000 	C:\WINDOWS\System32\RPCRT4.dll
0x00007ffc35800000 - 0x00007ffc35965000 	C:\WINDOWS\System32\USER32.dll
0x00007ffc33f20000 - 0x00007ffc33f3e000 	C:\WINDOWS\System32\win32u.dll
0x00007ffc36970000 - 0x00007ffc369a4000 	C:\WINDOWS\System32\GDI32.dll
0x00007ffc330d0000 - 0x00007ffc33252000 	C:\WINDOWS\System32\gdi32full.dll
0x00007ffc26130000 - 0x00007ffc263aa000 	C:\WINDOWS\WinSxS\amd64_microsoft.windows.common-controls_6595b64144ccf1df_6.0.14393.953_none_42151e83c686086b\COMCTL32.dll
0x00007ffc364c0000 - 0x00007ffc36788000 	C:\WINDOWS\System32\combase.dll
0x00007ffc33dd0000 - 0x00007ffc33ec5000 	C:\WINDOWS\System32\ucrtbase.dll
0x00007ffc32ea0000 - 0x00007ffc32f0a000 	C:\WINDOWS\System32\bcryptPrimitives.dll
0x00007ffc36330000 - 0x00007ffc3635e000 	C:\WINDOWS\System32\IMM32.DLL
0x000000006ec10000 - 0x000000006ece2000 	C:\Program Files\Java\jdk1.8.0_65\jre\bin\msvcr100.dll
0x000000006ecf0000 - 0x000000006f579000 	C:\Program Files\Java\jdk1.8.0_65\jre\bin\server\jvm.dll
0x00007ffc357f0000 - 0x00007ffc357f8000 	C:\WINDOWS\System32\PSAPI.DLL
0x00007ffc2d4c0000 - 0x00007ffc2d4c9000 	C:\WINDOWS\SYSTEM32\WSOCK32.dll
0x00007ffc30760000 - 0x00007ffc30783000 	C:\WINDOWS\SYSTEM32\WINMM.dll
0x00007ffc35cf0000 - 0x00007ffc35d5a000 	C:\WINDOWS\System32\WS2_32.dll
0x00007ffc31340000 - 0x00007ffc3134a000 	C:\WINDOWS\SYSTEM32\VERSION.dll
0x00007ffc30670000 - 0x00007ffc3069b000 	C:\WINDOWS\SYSTEM32\WINMMBASE.dll
0x00007ffc33ed0000 - 0x00007ffc33f12000 	C:\WINDOWS\System32\cfgmgr32.dll
0x000000006ebc0000 - 0x000000006ebcf000 	C:\Program Files\Java\jdk1.8.0_65\jre\bin\verify.dll
0x000000006eb90000 - 0x000000006ebb9000 	C:\Program Files\Java\jdk1.8.0_65\jre\bin\java.dll
0x000000006eb70000 - 0x000000006eb86000 	C:\Program Files\Java\jdk1.8.0_65\jre\bin\zip.dll
0x00007ffc33ff0000 - 0x00007ffc354f9000 	C:\WINDOWS\System32\SHELL32.dll
0x00007ffc33480000 - 0x00007ffc33b5a000 	C:\WINDOWS\System32\windows.storage.dll
0x00007ffc32e40000 - 0x00007ffc32e8c000 	C:\WINDOWS\System32\powrprof.dll
0x00007ffc35bf0000 - 0x00007ffc35c42000 	C:\WINDOWS\System32\shlwapi.dll
0x00007ffc32e10000 - 0x00007ffc32e1f000 	C:\WINDOWS\System32\kernel.appcore.dll
0x00007ffc33020000 - 0x00007ffc330c9000 	C:\WINDOWS\System32\shcore.dll
0x00007ffc32e20000 - 0x00007ffc32e34000 	C:\WINDOWS\System32\profapi.dll
0x000000006e990000 - 0x000000006eb28000 	C:\Program Files\Java\jdk1.8.0_65\jre\bin\awt.dll
0x00007ffc359d0000 - 0x00007ffc35a8f000 	C:\WINDOWS\System32\OLEAUT32.dll
0x00007ffc33d30000 - 0x00007ffc33dcc000 	C:\WINDOWS\System32\msvcp_win.dll
0x00007ffc306e0000 - 0x00007ffc3075a000 	C:\WINDOWS\SYSTEM32\apphelp.dll
0x00007ffc30be0000 - 0x00007ffc30c75000 	C:\WINDOWS\system32\uxtheme.dll
0x00007ffc36800000 - 0x00007ffc3695a000 	C:\WINDOWS\System32\MSCTF.dll
0x00007ffc305c0000 - 0x00007ffc305e6000 	C:\WINDOWS\system32\dwmapi.dll
0x00007ffc36380000 - 0x00007ffc364b7000 	C:\WINDOWS\System32\ole32.dll
0x000000006e940000 - 0x000000006e987000 	C:\Program Files\Java\jdk1.8.0_65\jre\bin\fontmanager.dll
0x000000006eb50000 - 0x000000006eb6a000 	C:\Program Files\Java\jdk1.8.0_65\jre\bin\net.dll
0x00007ffc323e0000 - 0x00007ffc3243c000 	C:\WINDOWS\system32\mswsock.dll
0x000000006eb30000 - 0x000000006eb41000 	C:\Program Files\Java\jdk1.8.0_65\jre\bin\nio.dll
0x00007ffc023f0000 - 0x00007ffc042e7000 	C:\opencv\build\java\x64\opencv_java320.dll
0x00007ffc2dd80000 - 0x00007ffc2dd98000 	C:\WINDOWS\SYSTEM32\AVICAP32.dll
0x00007ffc2dcd0000 - 0x00007ffc2dcf9000 	C:\WINDOWS\SYSTEM32\MSVFW32.dll
0x00007ffc298a0000 - 0x00007ffc298c0000 	C:\WINDOWS\SYSTEM32\AVIFIL32.dll
0x00007ffc15360000 - 0x00007ffc1537c000 	C:\WINDOWS\SYSTEM32\MSACM32.dll
0x000000006e8f0000 - 0x000000006e932000 	C:\Program Files\Java\jdk1.8.0_65\jre\bin\t2k.dll
0x00007ffc215e0000 - 0x00007ffc2168c000 	C:\WINDOWS\WinSxS\amd64_microsoft.windows.common-controls_6595b64144ccf1df_5.82.14393.447_none_0d5aa7fbb6d35646\comctl32.dll
0x00007ffc35c50000 - 0x00007ffc35cef000 	C:\WINDOWS\System32\clbcatq.dll
0x00007ffc2fde0000 - 0x00007ffc2ff65000 	C:\WINDOWS\system32\propsys.dll
0x00007ffc12d40000 - 0x00007ffc12e67000 	C:\WINDOWS\system32\NetworkExplorer.dll
0x00007ffc1ed90000 - 0x00007ffc1f0f5000 	C:\Windows\System32\ActXPrxy.dll
0x00007ffc2fba0000 - 0x00007ffc2fd48000 	C:\WINDOWS\SYSTEM32\WindowsCodecs.dll
0x00007ffc19750000 - 0x00007ffc197a3000 	C:\Windows\System32\thumbcache.dll
0x00007ffc29600000 - 0x00007ffc29643000 	C:\WINDOWS\SYSTEM32\policymanager.dll
0x00007ffc30e10000 - 0x00007ffc30ea1000 	C:\WINDOWS\SYSTEM32\msvcp110_win.dll
0x00007ffc20370000 - 0x00007ffc2038b000 	C:\WINDOWS\SYSTEM32\MPR.dll
0x00007ffc28a40000 - 0x00007ffc28a56000 	C:\WINDOWS\System32\ntlanman.dll
0x00007ffc28a30000 - 0x00007ffc28a3b000 	C:\WINDOWS\System32\drprov.dll
0x00007ffc32c50000 - 0x00007ffc32ca6000 	C:\WINDOWS\System32\WINSTA.dll
0x00007ffc28a10000 - 0x00007ffc28a30000 	C:\WINDOWS\System32\davclnt.dll
0x00007ffc28a00000 - 0x00007ffc28a0c000 	C:\WINDOWS\System32\DAVHLPR.dll
0x00007ffc32640000 - 0x00007ffc32656000 	C:\WINDOWS\System32\wkscli.dll
0x00007ffc32d50000 - 0x00007ffc32d7b000 	C:\WINDOWS\System32\bcrypt.dll
0x00007ffc1e6e0000 - 0x00007ffc1e6f2000 	C:\WINDOWS\SYSTEM32\cscapi.dll
0x00007ffc32250000 - 0x00007ffc3225d000 	C:\WINDOWS\System32\netutils.dll
0x00007ffc00970000 - 0x00007ffc009bd000 	C:\Windows\System32\dlnashext.dll
0x00007ffc252b0000 - 0x00007ffc25320000 	C:\Windows\System32\PlayToDevice.dll
0x00007ffc25540000 - 0x00007ffc2555e000 	C:\Windows\System32\DevDispItemProvider.dll
0x00007ffc2c0d0000 - 0x00007ffc2c141000 	C:\WINDOWS\System32\MMDevApi.dll
0x00007ffc310e0000 - 0x00007ffc31108000 	C:\WINDOWS\System32\DEVOBJ.dll
0x00007ffc07800000 - 0x00007ffc079ff000 	C:\WINDOWS\system32\wpdshext.dll
0x00007ffc21690000 - 0x00007ffc2182a000 	C:\WINDOWS\WinSxS\amd64_microsoft.windows.gdiplus_6595b64144ccf1df_1.1.14393.953_none_7300116921188239\gdiplus.dll
0x00007ffc2f410000 - 0x00007ffc2f4ae000 	C:\Windows\System32\PortableDeviceApi.dll
0x00007ffc35d60000 - 0x00007ffc36189000 	C:\WINDOWS\System32\SETUPAPI.dll
0x00007ffc32f10000 - 0x00007ffc32f65000 	C:\WINDOWS\System32\WINTRUST.dll
0x00007ffc32e90000 - 0x00007ffc32ea0000 	C:\WINDOWS\System32\MSASN1.dll
0x00007ffc33b60000 - 0x00007ffc33d29000 	C:\WINDOWS\System32\CRYPT32.dll
0x00007ffc1d190000 - 0x00007ffc1d1c6000 	C:\Windows\System32\EhStorShell.dll
0x00007ffc2ddc0000 - 0x00007ffc2dde5000 	C:\Windows\System32\EhStorAPI.dll
0x00007ffc2ff70000 - 0x00007ffc2ff83000 	C:\Windows\System32\WTSAPI32.dll
0x00007ffc31ab0000 - 0x00007ffc31ac0000 	C:\WINDOWS\SYSTEM32\LINKINFO.dll
0x00007ffc31360000 - 0x00007ffc3136c000 	C:\WINDOWS\SYSTEM32\Secur32.dll
0x00007ffc32830000 - 0x00007ffc3285c000 	C:\WINDOWS\SYSTEM32\SSPICLI.DLL
0x00007ffc28ef0000 - 0x00007ffc28f09000 	C:\WINDOWS\SYSTEM32\samcli.dll
0x00007ffc30460000 - 0x00007ffc30483000 	C:\WINDOWS\SYSTEM32\SAMLIB.dll
0x00007ffc197e0000 - 0x00007ffc19829000 	C:\WINDOWS\system32\dataexchange.dll
0x00007ffc2ecd0000 - 0x00007ffc2ef86000 	C:\WINDOWS\system32\d3d11.dll
0x00007ffc31b10000 - 0x00007ffc31baf000 	C:\WINDOWS\system32\dxgi.dll
0x00007ffc300c0000 - 0x00007ffc30211000 	C:\WINDOWS\system32\dcomp.dll
0x00007ffc30fa0000 - 0x00007ffc310bc000 	C:\WINDOWS\system32\twinapi.appcore.dll
0x00007ffc12010000 - 0x00007ffc12222000 	C:\Users\polina\AppData\Local\Microsoft\OneDrive\17.3.6798.0207\amd64\FileSyncShell64.dll
0x00007ffc11f60000 - 0x00007ffc12006000 	C:\Users\polina\AppData\Local\Microsoft\OneDrive\17.3.6798.0207\amd64\MSVCP120.dll
0x00007ffc25590000 - 0x00007ffc255af000 	C:\Users\polina\AppData\Local\Microsoft\OneDrive\17.3.6798.0207\amd64\LoggingPlatform64.DLL
0x00007ffc11e70000 - 0x00007ffc11f5f000 	C:\Users\polina\AppData\Local\Microsoft\OneDrive\17.3.6798.0207\amd64\MSVCR120.dll
0x00007ffc28110000 - 0x00007ffc283da000 	C:\WINDOWS\SYSTEM32\WININET.dll
0x00007ffc2b1b0000 - 0x00007ffc2b1bf000 	C:\WINDOWS\SYSTEM32\AcSignIcon.dll
0x00007ffc24320000 - 0x00007ffc243f4000 	C:\WINDOWS\SYSTEM32\MSVCR110.dll
0x00007ffc10e40000 - 0x00007ffc113a5000 	C:\WINDOWS\SYSTEM32\mfc110u.dll
0x00007ffc254b0000 - 0x00007ffc254b8000 	C:\Program Files (x86)\Internet Download Manager\IDMShellExt64.dll
0x000000006fa60000 - 0x000000006fa7d000 	C:\PROGRA~1\MICROS~1\Office12\MSOHEVI.DLL
0x000000006ff40000 - 0x0000000070009000 	C:\WINDOWS\WinSxS\amd64_microsoft.vc80.crt_1fc8b3b9a1e18e3b_8.0.50727.9268_none_88e0de612fadfb38\MSVCR80.dll
0x00007ffc28510000 - 0x00007ffc286d2000 	C:\Windows\System32\urlmon.dll
0x00007ffc28730000 - 0x00007ffc289d2000 	C:\Windows\System32\iertutil.dll
0x00007ffc1b8f0000 - 0x00007ffc1b9df000 	C:\Users\polina\.javacpp\cache\opencv-3.2.0-1.3-windows-x86_64.jar\org\bytedeco\javacpp\windows-x86_64\msvcr120.dll
0x00007ffc1bd30000 - 0x00007ffc1bdd6000 	C:\Users\polina\.javacpp\cache\opencv-3.2.0-1.3-windows-x86_64.jar\org\bytedeco\javacpp\windows-x86_64\msvcp120.dll
0x00007ffc074d0000 - 0x00007ffc07758000 	C:\Users\polina\.javacpp\cache\opencv-3.2.0-1.3-windows-x86_64.jar\org\bytedeco\javacpp\windows-x86_64\opencv_core320.dll
0x00007ffc07160000 - 0x00007ffc074c2000 	C:\Users\polina\.javacpp\cache\opencv-3.2.0-1.3-windows-x86_64.jar\org\bytedeco\javacpp\windows-x86_64\opencv_imgproc320.dll
0x00007ffc06f10000 - 0x00007ffc0715a000 	C:\Users\polina\.javacpp\cache\opencv-3.2.0-1.3-windows-x86_64.jar\org\bytedeco\javacpp\windows-x86_64\jniopencv_core.dll
0x00007ffc0d340000 - 0x00007ffc0d430000 	C:\Users\polina\.javacpp\cache\opencv-3.2.0-1.3-windows-x86_64.jar\org\bytedeco\javacpp\windows-x86_64\jniopencv_imgproc.dll
0x00007ffc06c40000 - 0x00007ffc06f0a000 	C:\Users\polina\.javacpp\cache\opencv-3.2.0-1.3-windows-x86_64.jar\org\bytedeco\javacpp\windows-x86_64\opencv_imgcodecs320.dll
0x00007ffc28ac0000 - 0x00007ffc28ae5000 	C:\Users\polina\.javacpp\cache\opencv-3.2.0-1.3-windows-x86_64.jar\org\bytedeco\javacpp\windows-x86_64\jniopencv_imgcodecs.dll
0x000000006c6d0000 - 0x000000006c701000 	C:\Program Files\Java\jdk1.8.0_65\jre\bin\jpeg.dll
0x00007ffc289e0000 - 0x00007ffc289fa000 	C:\WINDOWS\SYSTEM32\OpenCL.dll
0x00007ffc24660000 - 0x00007ffc246c7000 	C:\WINDOWS\SYSTEM32\IntelOpenCL64.dll
0x00007ffc0c930000 - 0x00007ffc0caf2000 	C:\Program Files (x86)\Common Files\Intel\OpenCL\bin\x64\intelocl64.dll
0x00007ffc1b850000 - 0x00007ffc1b8ed000 	C:\Program Files (x86)\Common Files\Intel\OpenCL\bin\x64\task_executor64.dll
0x00007ffc2a050000 - 0x00007ffc2a173000 	C:\WINDOWS\SYSTEM32\OPENGL32.dll
0x00007ffc305f0000 - 0x00007ffc3061d000 	C:\WINDOWS\SYSTEM32\GLU32.dll
0x00007ffc29f50000 - 0x00007ffc2a047000 	C:\WINDOWS\SYSTEM32\DDRAW.dll
0x00007ffc31440000 - 0x00007ffc31448000 	C:\WINDOWS\SYSTEM32\DCIMAN32.dll

VM Arguments:
jvm_args: -Djava.library.path=C:\opencv\build\java\x64;.\. 
java_command: com.talcorp.pfe.LanceurApplication
java_class_path (initial): C:\Users\polina\Documents\NetBeansProjects\PFE_Reconnaissance\target\classes;C:\Users\polina\.m2\repository\org\bytedeco\javacpp-presets\opencv\3.2.0-1.3\opencv-3.2.0-1.3.jar;C:\Users\polina\.m2\repository\org\bytedeco\javacpp\1.3\javacpp-1.3.jar;C:\Users\polina\.m2\repository\org\openpnp\opencv\3.2.0-1\opencv-3.2.0-1.jar;C:\Users\polina\.m2\repository\org\bytedeco\javacpp-presets\opencv-platform\3.2.0-1.3\opencv-platform-3.2.0-1.3.jar;C:\Users\polina\.m2\repository\org\bytedeco\javacpp-presets\opencv\3.2.0-1.3\opencv-3.2.0-1.3-android-arm.jar;C:\Users\polina\.m2\repository\org\bytedeco\javacpp-presets\opencv\3.2.0-1.3\opencv-3.2.0-1.3-android-x86.jar;C:\Users\polina\.m2\repository\org\bytedeco\javacpp-presets\opencv\3.2.0-1.3\opencv-3.2.0-1.3-linux-x86.jar;C:\Users\polina\.m2\repository\org\bytedeco\javacpp-presets\opencv\3.2.0-1.3\opencv-3.2.0-1.3-linux-x86_64.jar;C:\Users\polina\.m2\repository\org\bytedeco\javacpp-presets\opencv\3.2.0-1.3\opencv-3.2.0-1.3-linux-armhf.jar;C:\Users\polina\.m2\repository\org\bytedeco\javacpp-presets\opencv\3.2.0-1.3\opencv-3.2.0-1.3-linux-ppc64le.jar;C:\Users\polina\.m2\repository\org\bytedeco\javacpp-presets\opencv\3.2.0-1.3\opencv-3.2.0-1.3-macosx-x86_64.jar;C:\Users\polina\.m2\repository\org\bytedeco\javacpp-presets\opencv\3.2.0-1.3\opencv-3.2.0-1.3-windows-x86.jar;C:\Users\polina\.m2\repository\org\bytedeco\javacpp-presets\opencv\3.2.0-1.3\opencv-3.2.0-1.3-windows-x86_64.jar;C:\Users\polina\.m2\repository\org\bytedeco\javacv\1.3.2\javacv-1.3.2.jar;C:\Users\polina\.m2\repository\org\bytedeco\javacpp-presets\ffmpeg\3.2.1-1.3\ffmpeg-3.2.1-1.3.jar;C:\Users\polina\.m2\repository\org\bytedeco\javacpp-presets\flycapture\2.9.3.43-1.3\flycapture-2.9.3.43-1.3.jar;C:\Users\polina\.m2\repository\org\bytedeco\javacpp-presets\libdc1394\2.2.4-1.3\libdc1394-2.2.4-1.3.jar;C:\Users\polina\.m2\repository\org\bytedeco\javacpp-presets\libfreenect\0.5.3-1.3\libfreenect-0.5.3-1.3.jar;C:\Users\polina\.m2\repository\org\byte
Launcher Type: SUN_STANDARD

Environment Variables:
JAVA_HOME=C:\Program Files\Java\jdk1.8.0_65
CLASSPATH=.;C:\Program Files (x86)\Java\jre6\lib\ext\QTJava.zip;D:\Java\JDBC\mysql-connector-java-5.1.38-bin;C:\apache-ant-1.9.7-bin\apache-ant-1.9.7\bin
PATH=C:\oraclexe\app\oracle\product\11.2.0\server\bin;D:\Borland\Delphi7\Bin;D:\Borland\Delphi7\Projects\Bpl\;d:\Program Files (x86)\CollabNet;d:\Embarcadero\RAD Studio\12.0\bin;C:\Users\Public\Documents\RAD Studio\12.0\Bpl;d:\Embarcadero\RAD Studio\12.0\bin64;C:\Users\Public\Documents\RAD Studio\12.0\Bpl\Win64;C:\ProgramData\Oracle\Java\javapath;C:\Program Files (x86)\Intel\iCLS Client\;C:\Program Files\Intel\iCLS Client\;C:\WINDOWS\system32;C:\WINDOWS;C:\WINDOWS\System32\Wbem;C:\WINDOWS\System32\WindowsPowerShell\v1.0\;C:\Program Files\Intel\Intel(R) Management Engine Components\DAL;C:\Program Files\Intel\Intel(R) Management Engine Components\IPT;C:\Program Files (x86)\Intel\Intel(R) Management Engine Components\DAL;C:\Program Files (x86)\Intel\Intel(R) Management Engine Components\IPT;C:\Program Files (x86)\QuickTime\QTSystem\;C:\Program Files\Microsoft SQL Server\110\Tools\Binn\;C:\Program Files\Microsoft SQL Server\120\Tools\Binn\;C:\Program Files (x86)\CMake\bin;C:\Program Files (x86)\Windows Kits\8.1\Windows Performance Toolkit\;C:\Program Files (x86)\Microsoft SDKs\TypeScript\1.0\;C:\Users\polina\Downloads\Programs\opencv\build\java\x64;C:\Program Files\nodejs\;C:\Program Files (x86)\NVIDIA Corporation\PhysX\Common;C:\Program Files\MySQL\MySQL Server 5.0\bin;C:\WINDOWS\system32;C:\WINDOWS;C:\WINDOWS\System32\Wbem;C:\WINDOWS\System32\WindowsPowerShell\v1.0\;C:\apache-ant-1.9.7-bin\apache-ant-1.9.7\bin;C:\Program Files\Condusiv Technologies\ExpressCache\;D:\Borland\Embarcadero\RAD Studio\12.0\Bpl;C:\Users\Public\Documents\RAD Studio\12.0\Bpl;C:\Users\polina\AppData\Roaming\npm;C:\apache-maven-3.3.9\bin;C:\ant 197\bin;C:\Users\polina\Downloads\Programs\opencv\build\java\x64
USERNAME=Taleb
OS=Windows_NT
PROCESSOR_IDENTIFIER=Intel64 Family 6 Model 69 Stepping 1, GenuineIntel



---------------  S Y S T E M  ---------------

OS: Windows 10.0 , 64 bit Build 14393 (10.0.14393.0)

CPU:total 4 (2 cores per cpu, 2 threads per core) family 6 model 69 stepping 1, cmov, cx8, fxsr, mmx, sse, sse2, sse3, ssse3, sse4.1, sse4.2, popcnt, avx, avx2, aes, clmul, erms, lzcnt, ht, tsc, tscinvbit, bmi1, bmi2

Memory: 4k page, physical 8268888k(3841928k free), swap 9776216k(3617008k free)

vm_info: Java HotSpot(TM) 64-Bit Server VM (25.65-b01) for windows-amd64 JRE (1.8.0_65-b17), built on Oct  6 2015 16:39:20 by "java_re" with MS VC++ 10.0 (VS2010)

time: Wed Mar 22 01:32:08 2017
elapsed time: 16 seconds (0d 0h 0m 16s)

