#
# A fatal error has been detected by the Java Runtime Environment:
#
#  EXCEPTION_UNCAUGHT_CXX_EXCEPTION (0xe06d7363) at pc=0x00007ffc33277788, pid=3764, tid=13228
#
# JRE version: Java(TM) SE Runtime Environment (8.0_65-b17) (build 1.8.0_65-b17)
# Java VM: Java HotSpot(TM) 64-Bit Server VM (25.65-b01 mixed mode windows-amd64 compressed oops)
# Problematic frame:
# C  [KERNELBASE.dll+0x17788]
#
# Failed to write core dump. Minidumps are not enabled by default on client versions of Windows
#
# If you would like to submit a bug report, please visit:
#   http://bugreport.java.com/bugreport/crash.jsp
# The crash happened outside the Java Virtual Machine in native code.
# See problematic frame for where to report the bug.
#

---------------  T H R E A D  ---------------

Current thread (0x000000001920b800):  JavaThread "AWT-EventQueue-0" [_thread_in_native, id=13228, stack(0x000000001a130000,0x000000001a230000)]

siginfo: ExceptionCode=0xe06d7363, ExceptionInformation=0x0000000019930520 0x000000001a21c030 0x00007ffc0771cd78 0x00007ffc074d0000 

Registers:
RAX=0x000000006ed801fa, RBX=0x00007ffc0771cd78, RCX=0x00000000028c2e01, RDX=0x000000006ef0b202
RSP=0x000000001a21bea0, RBP=0x000000001a21bfe0, RSI=0x00007ffc0739bfc8, RDI=0x000000001a21c030
R8 =0x00000000171a19c0, R9 =0x0000000016dca468, R10=0x0000000016d8db78, R11=0x0000000000000000
R12=0x00000000ffffff29, R13=0x0000000000000000, R14=0x00007ffc0739bec0, R15=0x000000001a22c220
RIP=0x00007ffc33277788, EFLAGS=0x0000000000000202

Top of Stack: (sp=0x000000001a21bea0)
0x000000001a21bea0:   0000000000000000 00007ffc0771cd78
0x000000001a21beb0:   00007ffc0739bfc8 000000001a21c030
0x000000001a21bec0:   00000001e06d7363 0000000000000000
0x000000001a21bed0:   00007ffc33277788 0000000000000004
0x000000001a21bee0:   0000000019930520 000000001a21c030
0x000000001a21bef0:   00007ffc0771cd78 00007ffc074d0000
0x000000001a21bf00:   0000000000000000 00000000ffffff29
0x000000001a21bf10:   000000001a21c030 00007ffc0739bfc8
0x000000001a21bf20:   000000001a21bfe0 00007ffc369fc26f
0x000000001a21bf30:   000000001a21bff0 00007ffc00000000
0x000000001a21bf40:   000000001a21c030 00007ffc11ecd306
0x000000001a21bf50:   00007ffc0773f000 00007ffc074d0000
0x000000001a21bf60:   00001db972bcf339 00007ffc11f4c4d0
0x000000001a21bf70:   00007ffc0771cd78 00007ffc11ecef63
0x000000001a21bf80:   000000001a21c030 00007ffc11e9eb8d
0x000000001a21bf90:   00007ffc11f4c4d0 00007ffc0739bfc8 

Instructions: (pc=0x00007ffc33277788)
0x00007ffc33277768:   49 8b d1 44 0f 47 c0 44 89 44 24 38 49 c1 e0 03
0x00007ffc33277778:   e8 07 55 06 00 48 8d 4c 24 20 ff 15 e0 08 13 00
0x00007ffc33277788:   48 8b 8c 24 c0 00 00 00 48 33 cc e8 98 1a 06 00
0x00007ffc33277798:   48 81 c4 d8 00 00 00 c3 83 64 24 38 00 eb d6 cc 


Register to memory mapping:

RAX=0x000000006ed801fa is an unknown value
RBX=0x00007ffc0771cd78 is an unknown value
RCX=0x00000000028c2e01 is an unknown value
RDX=0x000000006ef0b202 is an unknown value
RSP=0x000000001a21bea0 is pointing into the stack for thread: 0x000000001920b800
RBP=0x000000001a21bfe0 is pointing into the stack for thread: 0x000000001920b800
RSI=0x00007ffc0739bfc8 is an unknown value
RDI=0x000000001a21c030 is pointing into the stack for thread: 0x000000001920b800
R8 =0x00000000171a19c0 is pointing into metadata
R9 =0x0000000016dca468 is pointing into metadata
R10=0x0000000016d8db78 is pointing into metadata
R11=0x0000000000000000 is an unknown value
R12=0x00000000ffffff29 is an unallocated location in the heap
R13=0x0000000000000000 is an unknown value
R14=0x00007ffc0739bec0 is an unknown value
R15=0x000000001a22c220 is pointing into the stack for thread: 0x000000001920b800


Stack: [0x000000001a130000,0x000000001a230000],  sp=0x000000001a21bea0,  free space=943k
Native frames: (J=compiled Java code, j=interpreted, Vv=VM code, C=native code)
C  [KERNELBASE.dll+0x17788]
C  [MSVCR120.dll+0x5ef63]
C  [opencv_core320.dll+0x1a2c34]
C  [opencv_core320.dll+0x1a2d76]
C  [opencv_imgproc320.dll+0x1c3045]
C  [opencv_imgproc320.dll+0x1c767d]
C  [jniopencv_imgproc.dll+0x79c68]
C  0x00000000029d5e34

Java frames: (J=compiled Java code, j=interpreted, Vv=VM code)
j  org.bytedeco.javacpp.opencv_imgproc.cvAdaptiveThreshold(Lorg/bytedeco/javacpp/helper/opencv_core$CvArr;Lorg/bytedeco/javacpp/helper/opencv_core$CvArr;DIIID)V+0
j  com.talcorp.pfe.Logique.toB_W(Ljavax/swing/JLabel;)V+95
j  fenetres.Principal.jLabelTransformeEnLigneMouseClicked(Ljava/awt/event/MouseEvent;)V+19
j  fenetres.Principal.access$200(Lfenetres/Principal;Ljava/awt/event/MouseEvent;)V+2
j  fenetres.Principal$3.mouseClicked(Ljava/awt/event/MouseEvent;)V+5
j  java.awt.AWTEventMulticaster.mouseClicked(Ljava/awt/event/MouseEvent;)V+21
j  java.awt.Component.processMouseEvent(Ljava/awt/event/MouseEvent;)V+74
j  javax.swing.JComponent.processMouseEvent(Ljava/awt/event/MouseEvent;)V+23
j  java.awt.Component.processEvent(Ljava/awt/AWTEvent;)V+81
j  java.awt.Container.processEvent(Ljava/awt/AWTEvent;)V+18
j  java.awt.Component.dispatchEventImpl(Ljava/awt/AWTEvent;)V+589
J 1495 C1 java.awt.Container.dispatchEventImpl(Ljava/awt/AWTEvent;)V (129 bytes) @ 0x0000000002e45784 [0x0000000002e45640+0x144]
J 1854 C1 java.awt.Component.dispatchEvent(Ljava/awt/AWTEvent;)V (6 bytes) @ 0x0000000002f6a2c4 [0x0000000002f6a1c0+0x104]
j  java.awt.LightweightDispatcher.retargetMouseEvent(Ljava/awt/Component;ILjava/awt/event/MouseEvent;)V+327
j  java.awt.LightweightDispatcher.processMouseEvent(Ljava/awt/event/MouseEvent;)Z+171
j  java.awt.LightweightDispatcher.dispatchEvent(Ljava/awt/AWTEvent;)Z+50
J 1495 C1 java.awt.Container.dispatchEventImpl(Ljava/awt/AWTEvent;)V (129 bytes) @ 0x0000000002e45724 [0x0000000002e45640+0xe4]
j  java.awt.Window.dispatchEventImpl(Ljava/awt/AWTEvent;)V+19
J 1298 C1 java.awt.EventQueue.dispatchEventImpl(Ljava/awt/AWTEvent;Ljava/lang/Object;)V (149 bytes) @ 0x0000000002dc95fc [0x0000000002dc7dc0+0x183c]
J 1462 C1 java.awt.EventQueue$3.run()Ljava/lang/Void; (60 bytes) @ 0x0000000002e307cc [0x0000000002e305c0+0x20c]
J 1461 C1 java.awt.EventQueue$3.run()Ljava/lang/Object; (5 bytes) @ 0x0000000002e2f38c [0x0000000002e2f300+0x8c]
v  ~StubRoutines::call_stub
J 1258  java.security.AccessController.doPrivileged(Ljava/security/PrivilegedAction;Ljava/security/AccessControlContext;)Ljava/lang/Object; (0 bytes) @ 0x0000000002db0be6 [0x0000000002db0b80+0x66]
J 1278 C1 java.security.ProtectionDomain$JavaSecurityAccessImpl.doIntersectionPrivilege(Ljava/security/PrivilegedAction;Ljava/security/AccessControlContext;Ljava/security/AccessControlContext;)Ljava/lang/Object; (22 bytes) @ 0x0000000002dbf06c [0x0000000002dbec00+0x46c]
j  java.security.ProtectionDomain$JavaSecurityAccessImpl.doIntersectionPrivilege(Ljava/security/PrivilegedAction;Ljava/security/AccessControlContext;)Ljava/lang/Object;+6
j  java.awt.EventQueue$4.run()Ljava/lang/Void;+11
j  java.awt.EventQueue$4.run()Ljava/lang/Object;+1
v  ~StubRoutines::call_stub
J 1258  java.security.AccessController.doPrivileged(Ljava/security/PrivilegedAction;Ljava/security/AccessControlContext;)Ljava/lang/Object; (0 bytes) @ 0x0000000002db0be6 [0x0000000002db0b80+0x66]
J 1296 C1 java.awt.EventQueue.dispatchEvent(Ljava/awt/AWTEvent;)V (80 bytes) @ 0x0000000002dc67fc [0x0000000002dc5980+0xe7c]
J 1307 C1 java.awt.EventDispatchThread.pumpOneEventForFilters(I)V (295 bytes) @ 0x0000000002dd0124 [0x0000000002dce5c0+0x1b64]
j  java.awt.EventDispatchThread.pumpEventsForFilter(ILjava/awt/Conditional;Ljava/awt/EventFilter;)V+35
j  java.awt.EventDispatchThread.pumpEventsForHierarchy(ILjava/awt/Conditional;Ljava/awt/Component;)V+11
j  java.awt.EventDispatchThread.pumpEvents(ILjava/awt/Conditional;)V+4
j  java.awt.EventDispatchThread.pumpEvents(Ljava/awt/Conditional;)V+3
j  java.awt.EventDispatchThread.run()V+9
v  ~StubRoutines::call_stub

---------------  P R O C E S S  ---------------

Java Threads: ( => current thread )
  0x000000001a9a1000 JavaThread "Image Fetcher 0" daemon [_thread_blocked, id=12000, stack(0x000000001e1b0000,0x000000001e2b0000)]
  0x000000001a2b8000 JavaThread "JavaCPP Deallocator" daemon [_thread_blocked, id=6548, stack(0x000000001d0e0000,0x000000001d1e0000)]
  0x000000001a417000 JavaThread "Swing-Shell" daemon [_thread_blocked, id=14748, stack(0x000000001b690000,0x000000001b790000)]
  0x000000001a3f3800 JavaThread "TimerQueue" daemon [_thread_blocked, id=13308, stack(0x000000001b370000,0x000000001b470000)]
  0x000000000279e800 JavaThread "DestroyJavaVM" [_thread_blocked, id=10984, stack(0x00000000027a0000,0x00000000028a0000)]
=>0x000000001920b800 JavaThread "AWT-EventQueue-0" [_thread_in_native, id=13228, stack(0x000000001a130000,0x000000001a230000)]
  0x0000000019183800 JavaThread "AWT-Windows" daemon [_thread_in_native, id=15036, stack(0x00000000199d0000,0x0000000019ad0000)]
  0x000000001919a800 JavaThread "AWT-Shutdown" [_thread_blocked, id=9076, stack(0x00000000198d0000,0x00000000199d0000)]
  0x0000000019199800 JavaThread "Java2D Disposer" daemon [_thread_blocked, id=8176, stack(0x00000000197d0000,0x00000000198d0000)]
  0x0000000018e8d000 JavaThread "Service Thread" daemon [_thread_blocked, id=2728, stack(0x0000000019250000,0x0000000019350000)]
  0x00000000174f8000 JavaThread "C1 CompilerThread2" daemon [_thread_blocked, id=13920, stack(0x0000000018d50000,0x0000000018e50000)]
  0x00000000174f3000 JavaThread "C2 CompilerThread1" daemon [_thread_blocked, id=10444, stack(0x0000000018c50000,0x0000000018d50000)]
  0x00000000174f1000 JavaThread "C2 CompilerThread0" daemon [_thread_in_native, id=11596, stack(0x0000000018b50000,0x0000000018c50000)]
  0x00000000174ef000 JavaThread "Attach Listener" daemon [_thread_blocked, id=10836, stack(0x0000000018a50000,0x0000000018b50000)]
  0x00000000174ed800 JavaThread "Signal Dispatcher" daemon [_thread_blocked, id=6940, stack(0x0000000018950000,0x0000000018a50000)]
  0x00000000029b8800 JavaThread "Finalizer" daemon [_thread_blocked, id=6772, stack(0x0000000018740000,0x0000000018840000)]
  0x00000000174b8800 JavaThread "Reference Handler" daemon [_thread_blocked, id=11328, stack(0x0000000018640000,0x0000000018740000)]

Other Threads:
  0x00000000174b7000 VMThread [stack: 0x0000000018540000,0x0000000018640000] [id=13588]
  0x0000000018ea1000 WatcherThread [stack: 0x0000000019350000,0x0000000019450000] [id=7576]

VM state:not at safepoint (normal execution)

VM Mutex/Monitor currently owned by a thread: None

Heap:
 PSYoungGen      total 38400K, used 20981K [0x00000000d5f00000, 0x00000000d8980000, 0x0000000100000000)
  eden space 33280K, 47% used [0x00000000d5f00000,0x00000000d6e81d58,0x00000000d7f80000)
  from space 5120K, 99% used [0x00000000d7f80000,0x00000000d847b810,0x00000000d8480000)
  to   space 5120K, 0% used [0x00000000d8480000,0x00000000d8480000,0x00000000d8980000)
 ParOldGen       total 87552K, used 17582K [0x0000000081c00000, 0x0000000087180000, 0x00000000d5f00000)
  object space 87552K, 20% used [0x0000000081c00000,0x0000000082d2bb38,0x0000000087180000)
 Metaspace       used 17983K, capacity 18234K, committed 18560K, reserved 1064960K
  class space    used 2216K, capacity 2316K, committed 2432K, reserved 1048576K

Card table byte_map: [0x0000000011d80000,0x0000000012180000] byte_map_base: 0x0000000011972000

Marking Bits: (ParMarkBitMap*) 0x000000006f4fa5b0
 Begin Bits: [0x0000000012830000, 0x00000000147c0000)
 End Bits:   [0x00000000147c0000, 0x0000000016750000)

Polling page: 0x0000000000f70000

CodeCache: size=245760Kb used=6316Kb max_used=6333Kb free=239443Kb
 bounds [0x00000000029c0000, 0x0000000003000000, 0x00000000119c0000]
 total_blobs=2694 nmethods=1949 adapters=656
 compilation: enabled

Compilation events (10 events):
Event: 14.583 Thread 0x00000000174f8000 1998       3       java.net.URI$Parser::scanEscape (109 bytes)
Event: 14.584 Thread 0x00000000174f8000 nmethod 1998 0x0000000002fe9150 code [0x0000000002fe93e0, 0x0000000002fea3c8]
Event: 14.584 Thread 0x00000000174f8000 2000       3       java.lang.Character::isLetterOrDigit (5 bytes)
Event: 14.585 Thread 0x00000000174f8000 nmethod 2000 0x0000000002b55810 code [0x0000000002b559a0, 0x0000000002b55cf8]
Event: 14.585 Thread 0x00000000174f8000 2001       3       java.lang.Character::isLetterOrDigit (19 bytes)
Event: 14.585 Thread 0x00000000174f8000 nmethod 2001 0x0000000002fead10 code [0x0000000002feaea0, 0x0000000002feb198]
Event: 14.586 Thread 0x00000000174f8000 2002       3       java.net.URLClassLoader::findResource (37 bytes)
Event: 14.587 Thread 0x00000000174f8000 nmethod 2002 0x0000000002feb2d0 code [0x0000000002feb480, 0x0000000002feb998]
Event: 14.587 Thread 0x00000000174f8000 2003       3       java.net.URLClassLoader$2::<init> (15 bytes)
Event: 14.587 Thread 0x00000000174f8000 nmethod 2003 0x0000000002febb90 code [0x0000000002febce0, 0x0000000002febeb0]

GC Heap History (2 events):
Event: 9.163 GC heap before
{Heap before GC invocations=1 (full 0):
 PSYoungGen      total 38400K, used 33280K [0x00000000d5f00000, 0x00000000d8980000, 0x0000000100000000)
  eden space 33280K, 100% used [0x00000000d5f00000,0x00000000d7f80000,0x00000000d7f80000)
  from space 5120K, 0% used [0x00000000d8480000,0x00000000d8480000,0x00000000d8980000)
  to   space 5120K, 0% used [0x00000000d7f80000,0x00000000d7f80000,0x00000000d8480000)
 ParOldGen       total 87552K, used 0K [0x0000000081c00000, 0x0000000087180000, 0x00000000d5f00000)
  object space 87552K, 0% used [0x0000000081c00000,0x0000000081c00000,0x0000000087180000)
 Metaspace       used 16581K, capacity 16794K, committed 17024K, reserved 1064960K
  class space    used 2083K, capacity 2156K, committed 2176K, reserved 1048576K
Event: 9.177 GC heap after
Heap after GC invocations=1 (full 0):
 PSYoungGen      total 38400K, used 5102K [0x00000000d5f00000, 0x00000000d8980000, 0x0000000100000000)
  eden space 33280K, 0% used [0x00000000d5f00000,0x00000000d5f00000,0x00000000d7f80000)
  from space 5120K, 99% used [0x00000000d7f80000,0x00000000d847b810,0x00000000d8480000)
  to   space 5120K, 0% used [0x00000000d8480000,0x00000000d8480000,0x00000000d8980000)
 ParOldGen       total 87552K, used 17582K [0x0000000081c00000, 0x0000000087180000, 0x00000000d5f00000)
  object space 87552K, 20% used [0x0000000081c00000,0x0000000082d2bb38,0x0000000087180000)
 Metaspace       used 16581K, capacity 16794K, committed 17024K, reserved 1064960K
  class space    used 2083K, capacity 2156K, committed 2176K, reserved 1048576K
}

Deoptimization events (10 events):
Event: 9.069 Thread 0x000000001920b800 Uncommon trap: reason=bimorphic action=maybe_recompile pc=0x0000000002d703c4 method=java.util.HashMap.putVal(ILjava/lang/Object;Ljava/lang/Object;ZZ)Ljava/lang/Object; @ 91
Event: 9.069 Thread 0x000000001920b800 Uncommon trap: reason=bimorphic action=maybe_recompile pc=0x0000000002d703c4 method=java.util.HashMap.putVal(ILjava/lang/Object;Ljava/lang/Object;ZZ)Ljava/lang/Object; @ 91
Event: 9.069 Thread 0x000000001920b800 Uncommon trap: reason=bimorphic action=maybe_recompile pc=0x0000000002d703c4 method=java.util.HashMap.putVal(ILjava/lang/Object;Ljava/lang/Object;ZZ)Ljava/lang/Object; @ 91
Event: 9.179 Thread 0x000000001920b800 Uncommon trap: reason=unstable_if action=reinterpret pc=0x0000000002d84940 method=java.lang.ref.SoftReference.get()Ljava/lang/Object; @ 17
Event: 9.226 Thread 0x000000001920b800 Uncommon trap: reason=unstable_if action=reinterpret pc=0x0000000002c37c90 method=java.lang.ThreadLocal$ThreadLocalMap.getEntry(Ljava/lang/ThreadLocal;)Ljava/lang/ThreadLocal$ThreadLocalMap$Entry; @ 21
Event: 9.313 Thread 0x000000001920b800 Uncommon trap: reason=class_check action=maybe_recompile pc=0x0000000002f3f8d8 method=sun.misc.URLClassPath.getLoader(I)Lsun/misc/URLClassPath$Loader; @ 94
Event: 9.315 Thread 0x000000001920b800 Uncommon trap: reason=class_check action=maybe_recompile pc=0x0000000002f3f8d8 method=sun.misc.URLClassPath.getLoader(I)Lsun/misc/URLClassPath$Loader; @ 94
Event: 9.316 Thread 0x000000001920b800 Uncommon trap: reason=class_check action=maybe_recompile pc=0x0000000002f3f8d8 method=sun.misc.URLClassPath.getLoader(I)Lsun/misc/URLClassPath$Loader; @ 94
Event: 9.318 Thread 0x000000001920b800 Uncommon trap: reason=class_check action=maybe_recompile pc=0x0000000002f3f8d8 method=sun.misc.URLClassPath.getLoader(I)Lsun/misc/URLClassPath$Loader; @ 94
Event: 9.320 Thread 0x000000001920b800 Uncommon trap: reason=class_check action=maybe_recompile pc=0x0000000002f461e4 method=sun.misc.URLClassPath.getLoader(I)Lsun/misc/URLClassPath$Loader; @ 94

Internal exceptions (10 events):
Event: 9.322 Thread 0x000000001920b800 Exception <a 'java/security/PrivilegedActionException'> (0x00000000d6511210) thrown at [C:\workspace\8-2-build-windows-amd64-cygwin\jdk8u65\4987\hotspot\src\share\vm\prims\jvm.cpp, line 1386]
Event: 9.322 Thread 0x000000001920b800 Exception <a 'java/security/PrivilegedActionException'> (0x00000000d6511608) thrown at [C:\workspace\8-2-build-windows-amd64-cygwin\jdk8u65\4987\hotspot\src\share\vm\prims\jvm.cpp, line 1386]
Event: 9.324 Thread 0x000000001920b800 Exception <a 'java/security/PrivilegedActionException'> (0x00000000d651a740) thrown at [C:\workspace\8-2-build-windows-amd64-cygwin\jdk8u65\4987\hotspot\src\share\vm\prims\jvm.cpp, line 1386]
Event: 9.324 Thread 0x000000001920b800 Exception <a 'java/security/PrivilegedActionException'> (0x00000000d651ab38) thrown at [C:\workspace\8-2-build-windows-amd64-cygwin\jdk8u65\4987\hotspot\src\share\vm\prims\jvm.cpp, line 1386]
Event: 9.325 Thread 0x000000001920b800 Exception <a 'java/security/PrivilegedActionException'> (0x00000000d6523738) thrown at [C:\workspace\8-2-build-windows-amd64-cygwin\jdk8u65\4987\hotspot\src\share\vm\prims\jvm.cpp, line 1386]
Event: 9.325 Thread 0x000000001920b800 Exception <a 'java/security/PrivilegedActionException'> (0x00000000d6523b30) thrown at [C:\workspace\8-2-build-windows-amd64-cygwin\jdk8u65\4987\hotspot\src\share\vm\prims\jvm.cpp, line 1386]
Event: 9.327 Thread 0x000000001920b800 Exception <a 'java/security/PrivilegedActionException'> (0x00000000d652c9d8) thrown at [C:\workspace\8-2-build-windows-amd64-cygwin\jdk8u65\4987\hotspot\src\share\vm\prims\jvm.cpp, line 1386]
Event: 9.327 Thread 0x000000001920b800 Exception <a 'java/security/PrivilegedActionException'> (0x00000000d652cdd0) thrown at [C:\workspace\8-2-build-windows-amd64-cygwin\jdk8u65\4987\hotspot\src\share\vm\prims\jvm.cpp, line 1386]
Event: 9.329 Thread 0x000000001920b800 Exception <a 'java/security/PrivilegedActionException'> (0x00000000d6535860) thrown at [C:\workspace\8-2-build-windows-amd64-cygwin\jdk8u65\4987\hotspot\src\share\vm\prims\jvm.cpp, line 1386]
Event: 9.329 Thread 0x000000001920b800 Exception <a 'java/security/PrivilegedActionException'> (0x00000000d6535c58) thrown at [C:\workspace\8-2-build-windows-amd64-cygwin\jdk8u65\4987\hotspot\src\share\vm\prims\jvm.cpp, line 1386]

Events (10 events):
Event: 13.414 Thread 0x00000000174f8000 flushing nmethod 0x0000000002be7e90
Event: 13.414 Thread 0x00000000174f8000 flushing nmethod 0x0000000002beb750
Event: 13.414 Thread 0x00000000174f8000 flushing nmethod 0x0000000002bf0990
Event: 13.414 Thread 0x00000000174f8000 flushing nmethod 0x0000000002bf2390
Event: 13.414 Thread 0x00000000174f8000 flushing nmethod 0x0000000002bf5f10
Event: 13.414 Thread 0x00000000174f8000 flushing nmethod 0x0000000002bf7490
Event: 14.569 Thread 0x000000001920b800 DEOPT PACKING pc=0x0000000002eb407d sp=0x000000001a22bdc0
Event: 14.569 Thread 0x000000001920b800 DEOPT UNPACKING pc=0x0000000002a0787f sp=0x000000001a22bb78 mode 0
Event: 14.588 loading class org/bytedeco/javacpp/helper/opencv_core$AbstractIplImage$ReleaseDeallocator
Event: 14.588 loading class org/bytedeco/javacpp/helper/opencv_core$AbstractIplImage$ReleaseDeallocator done


Dynamic libraries:
0x00007ff727660000 - 0x00007ff727697000 	C:\Program Files\Java\jdk1.8.0_65\bin\java.exe
0x00007ffc369b0000 - 0x00007ffc36b81000 	C:\WINDOWS\SYSTEM32\ntdll.dll
0x00007ffc33f40000 - 0x00007ffc33feb000 	C:\WINDOWS\System32\KERNEL32.DLL
0x00007ffc33260000 - 0x00007ffc3347d000 	C:\WINDOWS\System32\KERNELBASE.dll
0x00007ffc356a0000 - 0x00007ffc35742000 	C:\WINDOWS\System32\ADVAPI32.dll
0x00007ffc35750000 - 0x00007ffc357ee000 	C:\WINDOWS\System32\msvcrt.dll
0x00007ffc36790000 - 0x00007ffc367e9000 	C:\WINDOWS\System32\sechost.dll
0x00007ffc35500000 - 0x00007ffc35621000 	C:\WINDOWS\System32\RPCRT4.dll
0x00007ffc35800000 - 0x00007ffc35965000 	C:\WINDOWS\System32\USER32.dll
0x00007ffc33f20000 - 0x00007ffc33f3e000 	C:\WINDOWS\System32\win32u.dll
0x00007ffc36970000 - 0x00007ffc369a4000 	C:\WINDOWS\System32\GDI32.dll
0x00007ffc330d0000 - 0x00007ffc33252000 	C:\WINDOWS\System32\gdi32full.dll
0x00007ffc26130000 - 0x00007ffc263aa000 	C:\WINDOWS\WinSxS\amd64_microsoft.windows.common-controls_6595b64144ccf1df_6.0.14393.953_none_42151e83c686086b\COMCTL32.dll
0x00007ffc364c0000 - 0x00007ffc36788000 	C:\WINDOWS\System32\combase.dll
0x00007ffc33dd0000 - 0x00007ffc33ec5000 	C:\WINDOWS\System32\ucrtbase.dll
0x00007ffc32ea0000 - 0x00007ffc32f0a000 	C:\WINDOWS\System32\bcryptPrimitives.dll
0x00007ffc36330000 - 0x00007ffc3635e000 	C:\WINDOWS\System32\IMM32.DLL
0x000000006ec10000 - 0x000000006ece2000 	C:\Program Files\Java\jdk1.8.0_65\jre\bin\msvcr100.dll
0x000000006ecf0000 - 0x000000006f579000 	C:\Program Files\Java\jdk1.8.0_65\jre\bin\server\jvm.dll
0x00007ffc357f0000 - 0x00007ffc357f8000 	C:\WINDOWS\System32\PSAPI.DLL
0x00007ffc30760000 - 0x00007ffc30783000 	C:\WINDOWS\SYSTEM32\WINMM.dll
0x00007ffc31340000 - 0x00007ffc3134a000 	C:\WINDOWS\SYSTEM32\VERSION.dll
0x00007ffc2d4c0000 - 0x00007ffc2d4c9000 	C:\WINDOWS\SYSTEM32\WSOCK32.dll
0x00007ffc35cf0000 - 0x00007ffc35d5a000 	C:\WINDOWS\System32\WS2_32.dll
0x00007ffc30670000 - 0x00007ffc3069b000 	C:\WINDOWS\SYSTEM32\WINMMBASE.dll
0x00007ffc33ed0000 - 0x00007ffc33f12000 	C:\WINDOWS\System32\cfgmgr32.dll
0x000000006ebc0000 - 0x000000006ebcf000 	C:\Program Files\Java\jdk1.8.0_65\jre\bin\verify.dll
0x000000006eb90000 - 0x000000006ebb9000 	C:\Program Files\Java\jdk1.8.0_65\jre\bin\java.dll
0x000000006eb70000 - 0x000000006eb86000 	C:\Program Files\Java\jdk1.8.0_65\jre\bin\zip.dll
0x00007ffc33ff0000 - 0x00007ffc354f9000 	C:\WINDOWS\System32\SHELL32.dll
0x00007ffc33480000 - 0x00007ffc33b5a000 	C:\WINDOWS\System32\windows.storage.dll
0x00007ffc32e40000 - 0x00007ffc32e8c000 	C:\WINDOWS\System32\powrprof.dll
0x00007ffc35bf0000 - 0x00007ffc35c42000 	C:\WINDOWS\System32\shlwapi.dll
0x00007ffc32e10000 - 0x00007ffc32e1f000 	C:\WINDOWS\System32\kernel.appcore.dll
0x00007ffc33020000 - 0x00007ffc330c9000 	C:\WINDOWS\System32\shcore.dll
0x00007ffc32e20000 - 0x00007ffc32e34000 	C:\WINDOWS\System32\profapi.dll
0x000000006e990000 - 0x000000006eb28000 	C:\Program Files\Java\jdk1.8.0_65\jre\bin\awt.dll
0x00007ffc359d0000 - 0x00007ffc35a8f000 	C:\WINDOWS\System32\OLEAUT32.dll
0x00007ffc33d30000 - 0x00007ffc33dcc000 	C:\WINDOWS\System32\msvcp_win.dll
0x00007ffc306e0000 - 0x00007ffc3075a000 	C:\WINDOWS\SYSTEM32\apphelp.dll
0x00007ffc30be0000 - 0x00007ffc30c75000 	C:\WINDOWS\system32\uxtheme.dll
0x00007ffc36800000 - 0x00007ffc3695a000 	C:\WINDOWS\System32\MSCTF.dll
0x00007ffc305c0000 - 0x00007ffc305e6000 	C:\WINDOWS\system32\dwmapi.dll
0x00007ffc36380000 - 0x00007ffc364b7000 	C:\WINDOWS\System32\ole32.dll
0x000000006e940000 - 0x000000006e987000 	C:\Program Files\Java\jdk1.8.0_65\jre\bin\fontmanager.dll
0x000000006eb50000 - 0x000000006eb6a000 	C:\Program Files\Java\jdk1.8.0_65\jre\bin\net.dll
0x00007ffc323e0000 - 0x00007ffc3243c000 	C:\WINDOWS\system32\mswsock.dll
0x000000006eb30000 - 0x000000006eb41000 	C:\Program Files\Java\jdk1.8.0_65\jre\bin\nio.dll
0x00007ffc017e0000 - 0x00007ffc036d7000 	C:\opencv\build\java\x64\opencv_java320.dll
0x00007ffc298a0000 - 0x00007ffc298b8000 	C:\WINDOWS\SYSTEM32\AVICAP32.dll
0x00007ffc28ac0000 - 0x00007ffc28ae9000 	C:\WINDOWS\SYSTEM32\MSVFW32.dll
0x00007ffc289e0000 - 0x00007ffc28a00000 	C:\WINDOWS\SYSTEM32\AVIFIL32.dll
0x00007ffc15360000 - 0x00007ffc1537c000 	C:\WINDOWS\SYSTEM32\MSACM32.dll
0x000000006e8f0000 - 0x000000006e932000 	C:\Program Files\Java\jdk1.8.0_65\jre\bin\t2k.dll
0x00007ffc215e0000 - 0x00007ffc2168c000 	C:\WINDOWS\WinSxS\amd64_microsoft.windows.common-controls_6595b64144ccf1df_5.82.14393.447_none_0d5aa7fbb6d35646\comctl32.dll
0x00007ffc35c50000 - 0x00007ffc35cef000 	C:\WINDOWS\System32\clbcatq.dll
0x00007ffc2fde0000 - 0x00007ffc2ff65000 	C:\WINDOWS\system32\propsys.dll
0x00007ffc12d40000 - 0x00007ffc12e67000 	C:\WINDOWS\system32\NetworkExplorer.dll
0x00007ffc1ed90000 - 0x00007ffc1f0f5000 	C:\Windows\System32\ActXPrxy.dll
0x00007ffc2fba0000 - 0x00007ffc2fd48000 	C:\WINDOWS\SYSTEM32\WindowsCodecs.dll
0x00007ffc19750000 - 0x00007ffc197a3000 	C:\Windows\System32\thumbcache.dll
0x00007ffc29600000 - 0x00007ffc29643000 	C:\WINDOWS\SYSTEM32\policymanager.dll
0x00007ffc30e10000 - 0x00007ffc30ea1000 	C:\WINDOWS\SYSTEM32\msvcp110_win.dll
0x00007ffc20370000 - 0x00007ffc2038b000 	C:\WINDOWS\SYSTEM32\MPR.dll
0x00007ffc28a40000 - 0x00007ffc28a56000 	C:\WINDOWS\System32\ntlanman.dll
0x00007ffc28a30000 - 0x00007ffc28a3b000 	C:\WINDOWS\System32\drprov.dll
0x00007ffc32c50000 - 0x00007ffc32ca6000 	C:\WINDOWS\System32\WINSTA.dll
0x00007ffc28a10000 - 0x00007ffc28a30000 	C:\WINDOWS\System32\davclnt.dll
0x00007ffc28a00000 - 0x00007ffc28a0c000 	C:\WINDOWS\System32\DAVHLPR.dll
0x00007ffc32640000 - 0x00007ffc32656000 	C:\WINDOWS\System32\wkscli.dll
0x00007ffc32d50000 - 0x00007ffc32d7b000 	C:\WINDOWS\System32\bcrypt.dll
0x00007ffc1e6e0000 - 0x00007ffc1e6f2000 	C:\WINDOWS\SYSTEM32\cscapi.dll
0x00007ffc32250000 - 0x00007ffc3225d000 	C:\WINDOWS\System32\netutils.dll
0x00007ffc00970000 - 0x00007ffc009bd000 	C:\Windows\System32\dlnashext.dll
0x00007ffc1b840000 - 0x00007ffc1b8b0000 	C:\Windows\System32\PlayToDevice.dll
0x00007ffc25540000 - 0x00007ffc2555e000 	C:\Windows\System32\DevDispItemProvider.dll
0x00007ffc2c0d0000 - 0x00007ffc2c141000 	C:\WINDOWS\System32\MMDevApi.dll
0x00007ffc310e0000 - 0x00007ffc31108000 	C:\WINDOWS\System32\DEVOBJ.dll
0x00007ffc12300000 - 0x00007ffc124ff000 	C:\WINDOWS\system32\wpdshext.dll
0x00007ffc21690000 - 0x00007ffc2182a000 	C:\WINDOWS\WinSxS\amd64_microsoft.windows.gdiplus_6595b64144ccf1df_1.1.14393.953_none_7300116921188239\gdiplus.dll
0x00007ffc2f410000 - 0x00007ffc2f4ae000 	C:\Windows\System32\PortableDeviceApi.dll
0x00007ffc35d60000 - 0x00007ffc36189000 	C:\WINDOWS\System32\SETUPAPI.dll
0x00007ffc32f10000 - 0x00007ffc32f65000 	C:\WINDOWS\System32\WINTRUST.dll
0x00007ffc32e90000 - 0x00007ffc32ea0000 	C:\WINDOWS\System32\MSASN1.dll
0x00007ffc33b60000 - 0x00007ffc33d29000 	C:\WINDOWS\System32\CRYPT32.dll
0x00007ffc1d190000 - 0x00007ffc1d1c6000 	C:\Windows\System32\EhStorShell.dll
0x00007ffc264e0000 - 0x00007ffc26505000 	C:\Windows\System32\EhStorAPI.dll
0x00007ffc2ff70000 - 0x00007ffc2ff83000 	C:\Windows\System32\WTSAPI32.dll
0x00007ffc31ab0000 - 0x00007ffc31ac0000 	C:\WINDOWS\SYSTEM32\LINKINFO.dll
0x00007ffc31360000 - 0x00007ffc3136c000 	C:\WINDOWS\SYSTEM32\Secur32.dll
0x00007ffc32830000 - 0x00007ffc3285c000 	C:\WINDOWS\SYSTEM32\SSPICLI.DLL
0x00007ffc28ef0000 - 0x00007ffc28f09000 	C:\WINDOWS\SYSTEM32\samcli.dll
0x00007ffc30460000 - 0x00007ffc30483000 	C:\WINDOWS\SYSTEM32\SAMLIB.dll
0x00007ffc197e0000 - 0x00007ffc19829000 	C:\WINDOWS\system32\dataexchange.dll
0x00007ffc300c0000 - 0x00007ffc30211000 	C:\WINDOWS\system32\dcomp.dll
0x00007ffc2ecd0000 - 0x00007ffc2ef86000 	C:\WINDOWS\system32\d3d11.dll
0x00007ffc31b10000 - 0x00007ffc31baf000 	C:\WINDOWS\system32\dxgi.dll
0x00007ffc30fa0000 - 0x00007ffc310bc000 	C:\WINDOWS\system32\twinapi.appcore.dll
0x00007ffc12010000 - 0x00007ffc12222000 	C:\Users\polina\AppData\Local\Microsoft\OneDrive\17.3.6798.0207\amd64\FileSyncShell64.dll
0x00007ffc25590000 - 0x00007ffc255af000 	C:\Users\polina\AppData\Local\Microsoft\OneDrive\17.3.6798.0207\amd64\LoggingPlatform64.DLL
0x00007ffc11f60000 - 0x00007ffc12006000 	C:\Users\polina\AppData\Local\Microsoft\OneDrive\17.3.6798.0207\amd64\MSVCP120.dll
0x00007ffc11e70000 - 0x00007ffc11f5f000 	C:\Users\polina\AppData\Local\Microsoft\OneDrive\17.3.6798.0207\amd64\MSVCR120.dll
0x00007ffc28110000 - 0x00007ffc283da000 	C:\WINDOWS\SYSTEM32\WININET.dll
0x00007ffc2b1b0000 - 0x00007ffc2b1bf000 	C:\WINDOWS\SYSTEM32\AcSignIcon.dll
0x00007ffc10e40000 - 0x00007ffc113a5000 	C:\WINDOWS\SYSTEM32\mfc110u.dll
0x00007ffc24320000 - 0x00007ffc243f4000 	C:\WINDOWS\SYSTEM32\MSVCR110.dll
0x00007ffc254b0000 - 0x00007ffc254b8000 	C:\Program Files (x86)\Internet Download Manager\IDMShellExt64.dll
0x000000006fa60000 - 0x000000006fa7d000 	C:\PROGRA~1\MICROS~1\Office12\MSOHEVI.DLL
0x000000006ff40000 - 0x0000000070009000 	C:\WINDOWS\WinSxS\amd64_microsoft.vc80.crt_1fc8b3b9a1e18e3b_8.0.50727.9268_none_88e0de612fadfb38\MSVCR80.dll
0x00007ffc28510000 - 0x00007ffc286d2000 	C:\Windows\System32\urlmon.dll
0x00007ffc28730000 - 0x00007ffc289d2000 	C:\Windows\System32\iertutil.dll
0x00007ffc10820000 - 0x00007ffc1090f000 	C:\Users\polina\.javacpp\cache\opencv-3.2.0-1.3-windows-x86_64.jar\org\bytedeco\javacpp\windows-x86_64\msvcr120.dll
0x00007ffc10d90000 - 0x00007ffc10e36000 	C:\Users\polina\.javacpp\cache\opencv-3.2.0-1.3-windows-x86_64.jar\org\bytedeco\javacpp\windows-x86_64\msvcp120.dll
0x00007ffc074d0000 - 0x00007ffc07758000 	C:\Users\polina\.javacpp\cache\opencv-3.2.0-1.3-windows-x86_64.jar\org\bytedeco\javacpp\windows-x86_64\opencv_core320.dll
0x00007ffc07160000 - 0x00007ffc074c2000 	C:\Users\polina\.javacpp\cache\opencv-3.2.0-1.3-windows-x86_64.jar\org\bytedeco\javacpp\windows-x86_64\opencv_imgproc320.dll
0x00007ffc077b0000 - 0x00007ffc079fa000 	C:\Users\polina\.javacpp\cache\opencv-3.2.0-1.3-windows-x86_64.jar\org\bytedeco\javacpp\windows-x86_64\jniopencv_core.dll
0x00007ffc0d340000 - 0x00007ffc0d430000 	C:\Users\polina\.javacpp\cache\opencv-3.2.0-1.3-windows-x86_64.jar\org\bytedeco\javacpp\windows-x86_64\jniopencv_imgproc.dll
0x00007ffc06e90000 - 0x00007ffc0715a000 	C:\Users\polina\.javacpp\cache\opencv-3.2.0-1.3-windows-x86_64.jar\org\bytedeco\javacpp\windows-x86_64\opencv_imgcodecs320.dll
0x00007ffc250f0000 - 0x00007ffc25115000 	C:\Users\polina\.javacpp\cache\opencv-3.2.0-1.3-windows-x86_64.jar\org\bytedeco\javacpp\windows-x86_64\jniopencv_imgcodecs.dll
0x000000006c6b0000 - 0x000000006c6e1000 	C:\Program Files\Java\jdk1.8.0_65\jre\bin\jpeg.dll
0x00007ffc283e0000 - 0x00007ffc283fa000 	C:\WINDOWS\SYSTEM32\OpenCL.dll
0x00007ffc13240000 - 0x00007ffc132a7000 	C:\WINDOWS\SYSTEM32\IntelOpenCL64.dll
0x00007ffc06cc0000 - 0x00007ffc06e82000 	C:\Program Files (x86)\Common Files\Intel\OpenCL\bin\x64\intelocl64.dll
0x00007ffc0c4b0000 - 0x00007ffc0c54d000 	C:\Program Files (x86)\Common Files\Intel\OpenCL\bin\x64\task_executor64.dll
0x00007ffc2a050000 - 0x00007ffc2a173000 	C:\WINDOWS\SYSTEM32\OPENGL32.dll
0x00007ffc305f0000 - 0x00007ffc3061d000 	C:\WINDOWS\SYSTEM32\GLU32.dll
0x00007ffc29f50000 - 0x00007ffc2a047000 	C:\WINDOWS\SYSTEM32\DDRAW.dll
0x00007ffc31440000 - 0x00007ffc31448000 	C:\WINDOWS\SYSTEM32\DCIMAN32.dll

VM Arguments:
jvm_args: -Djava.library.path=C:\opencv\build\java\x64;.\. 
java_command: com.talcorp.pfe.LanceurApplication
java_class_path (initial): C:\Users\polina\Documents\NetBeansProjects\PFE_Reconnaissance\target\classes;C:\Users\polina\.m2\repository\org\bytedeco\javacpp-presets\opencv\3.2.0-1.3\opencv-3.2.0-1.3.jar;C:\Users\polina\.m2\repository\org\bytedeco\javacpp\1.3\javacpp-1.3.jar;C:\Users\polina\.m2\repository\org\openpnp\opencv\3.2.0-1\opencv-3.2.0-1.jar;C:\Users\polina\.m2\repository\org\bytedeco\javacpp-presets\opencv-platform\3.2.0-1.3\opencv-platform-3.2.0-1.3.jar;C:\Users\polina\.m2\repository\org\bytedeco\javacpp-presets\opencv\3.2.0-1.3\opencv-3.2.0-1.3-android-arm.jar;C:\Users\polina\.m2\repository\org\bytedeco\javacpp-presets\opencv\3.2.0-1.3\opencv-3.2.0-1.3-android-x86.jar;C:\Users\polina\.m2\repository\org\bytedeco\javacpp-presets\opencv\3.2.0-1.3\opencv-3.2.0-1.3-linux-x86.jar;C:\Users\polina\.m2\repository\org\bytedeco\javacpp-presets\opencv\3.2.0-1.3\opencv-3.2.0-1.3-linux-x86_64.jar;C:\Users\polina\.m2\repository\org\bytedeco\javacpp-presets\opencv\3.2.0-1.3\opencv-3.2.0-1.3-linux-armhf.jar;C:\Users\polina\.m2\repository\org\bytedeco\javacpp-presets\opencv\3.2.0-1.3\opencv-3.2.0-1.3-linux-ppc64le.jar;C:\Users\polina\.m2\repository\org\bytedeco\javacpp-presets\opencv\3.2.0-1.3\opencv-3.2.0-1.3-macosx-x86_64.jar;C:\Users\polina\.m2\repository\org\bytedeco\javacpp-presets\opencv\3.2.0-1.3\opencv-3.2.0-1.3-windows-x86.jar;C:\Users\polina\.m2\repository\org\bytedeco\javacpp-presets\opencv\3.2.0-1.3\opencv-3.2.0-1.3-windows-x86_64.jar;C:\Users\polina\.m2\repository\org\bytedeco\javacv\1.3.2\javacv-1.3.2.jar;C:\Users\polina\.m2\repository\org\bytedeco\javacpp-presets\ffmpeg\3.2.1-1.3\ffmpeg-3.2.1-1.3.jar;C:\Users\polina\.m2\repository\org\bytedeco\javacpp-presets\flycapture\2.9.3.43-1.3\flycapture-2.9.3.43-1.3.jar;C:\Users\polina\.m2\repository\org\bytedeco\javacpp-presets\libdc1394\2.2.4-1.3\libdc1394-2.2.4-1.3.jar;C:\Users\polina\.m2\repository\org\bytedeco\javacpp-presets\libfreenect\0.5.3-1.3\libfreenect-0.5.3-1.3.jar;C:\Users\polina\.m2\repository\org\byte
Launcher Type: SUN_STANDARD

Environment Variables:
JAVA_HOME=C:\Program Files\Java\jdk1.8.0_65
CLASSPATH=.;C:\Program Files (x86)\Java\jre6\lib\ext\QTJava.zip;D:\Java\JDBC\mysql-connector-java-5.1.38-bin;C:\apache-ant-1.9.7-bin\apache-ant-1.9.7\bin
PATH=C:\oraclexe\app\oracle\product\11.2.0\server\bin;D:\Borland\Delphi7\Bin;D:\Borland\Delphi7\Projects\Bpl\;d:\Program Files (x86)\CollabNet;d:\Embarcadero\RAD Studio\12.0\bin;C:\Users\Public\Documents\RAD Studio\12.0\Bpl;d:\Embarcadero\RAD Studio\12.0\bin64;C:\Users\Public\Documents\RAD Studio\12.0\Bpl\Win64;C:\ProgramData\Oracle\Java\javapath;C:\Program Files (x86)\Intel\iCLS Client\;C:\Program Files\Intel\iCLS Client\;C:\WINDOWS\system32;C:\WINDOWS;C:\WINDOWS\System32\Wbem;C:\WINDOWS\System32\WindowsPowerShell\v1.0\;C:\Program Files\Intel\Intel(R) Management Engine Components\DAL;C:\Program Files\Intel\Intel(R) Management Engine Components\IPT;C:\Program Files (x86)\Intel\Intel(R) Management Engine Components\DAL;C:\Program Files (x86)\Intel\Intel(R) Management Engine Components\IPT;C:\Program Files (x86)\QuickTime\QTSystem\;C:\Program Files\Microsoft SQL Server\110\Tools\Binn\;C:\Program Files\Microsoft SQL Server\120\Tools\Binn\;C:\Program Files (x86)\CMake\bin;C:\Program Files (x86)\Windows Kits\8.1\Windows Performance Toolkit\;C:\Program Files (x86)\Microsoft SDKs\TypeScript\1.0\;C:\Users\polina\Downloads\Programs\opencv\build\java\x64;C:\Program Files\nodejs\;C:\Program Files (x86)\NVIDIA Corporation\PhysX\Common;C:\Program Files\MySQL\MySQL Server 5.0\bin;C:\WINDOWS\system32;C:\WINDOWS;C:\WINDOWS\System32\Wbem;C:\WINDOWS\System32\WindowsPowerShell\v1.0\;C:\apache-ant-1.9.7-bin\apache-ant-1.9.7\bin;C:\Program Files\Condusiv Technologies\ExpressCache\;D:\Borland\Embarcadero\RAD Studio\12.0\Bpl;C:\Users\Public\Documents\RAD Studio\12.0\Bpl;C:\Users\polina\AppData\Roaming\npm;C:\apache-maven-3.3.9\bin;C:\ant 197\bin;C:\Users\polina\Downloads\Programs\opencv\build\java\x64
USERNAME=Taleb
OS=Windows_NT
PROCESSOR_IDENTIFIER=Intel64 Family 6 Model 69 Stepping 1, GenuineIntel



---------------  S Y S T E M  ---------------

OS: Windows 10.0 , 64 bit Build 14393 (10.0.14393.0)

CPU:total 4 (2 cores per cpu, 2 threads per core) family 6 model 69 stepping 1, cmov, cx8, fxsr, mmx, sse, sse2, sse3, ssse3, sse4.1, sse4.2, popcnt, avx, avx2, aes, clmul, erms, lzcnt, ht, tsc, tscinvbit, bmi1, bmi2

Memory: 4k page, physical 8268888k(3032284k free), swap 9776216k(1844560k free)

vm_info: Java HotSpot(TM) 64-Bit Server VM (25.65-b01) for windows-amd64 JRE (1.8.0_65-b17), built on Oct  6 2015 16:39:20 by "java_re" with MS VC++ 10.0 (VS2010)

time: Thu Mar 23 13:57:38 2017
elapsed time: 14 seconds (0d 0h 0m 14s)

