#
# A fatal error has been detected by the Java Runtime Environment:
#
#  EXCEPTION_UNCAUGHT_CXX_EXCEPTION (0xe06d7363) at pc=0x00007ffc33277788, pid=13476, tid=8104
#
# JRE version: Java(TM) SE Runtime Environment (8.0_65-b17) (build 1.8.0_65-b17)
# Java VM: Java HotSpot(TM) 64-Bit Server VM (25.65-b01 mixed mode windows-amd64 compressed oops)
# Problematic frame:
# C  [KERNELBASE.dll+0x17788]
#
# Failed to write core dump. Minidumps are not enabled by default on client versions of Windows
#
# If you would like to submit a bug report, please visit:
#   http://bugreport.java.com/bugreport/crash.jsp
# The crash happened outside the Java Virtual Machine in native code.
# See problematic frame for where to report the bug.
#

---------------  T H R E A D  ---------------

Current thread (0x0000000018e1e000):  JavaThread "AWT-EventQueue-0" [_thread_in_native, id=8104, stack(0x0000000019de0000,0x0000000019ee0000)]

siginfo: ExceptionCode=0xe06d7363, ExceptionInformation=0x0000000019930520 0x0000000019ecc5e0 0x00007ffc071ccd78 0x00007ffc06f80000 

Registers:
RAX=0x0000000016db2bd0, RBX=0x00007ffc071ccd78, RCX=0x00000000026fe490, RDX=0x0000000016974718
RSP=0x0000000019ecc450, RBP=0x0000000019ecc590, RSI=0x00007ffc06e4bfc8, RDI=0x0000000019ecc5e0
R8 =0x00000000026cf110, R9 =0x0000000000000000, R10=0x0000000019eccdf0, R11=0x0000000219eccc00
R12=0x00000000ffffff29, R13=0x0000000000000000, R14=0x00007ffc06e4bec0, R15=0x0000000019edc7b0
RIP=0x00007ffc33277788, EFLAGS=0x0000000000000202

Top of Stack: (sp=0x0000000019ecc450)
0x0000000019ecc450:   0000000018e1e000 00007ffc071ccd78
0x0000000019ecc460:   00007ffc06e4bfc8 0000000019ecc5e0
0x0000000019ecc470:   00000001e06d7363 0000000000000000
0x0000000019ecc480:   00007ffc33277788 0000000000000004
0x0000000019ecc490:   0000000019930520 0000000019ecc5e0
0x0000000019ecc4a0:   00007ffc071ccd78 00007ffc06f80000
0x0000000019ecc4b0:   0000000000000000 00000000ffffff29
0x0000000019ecc4c0:   0000000019ecc5e0 00007ffc06e4bfc8
0x0000000019ecc4d0:   0000000019ecc590 00007ffc369fc26f
0x0000000019ecc4e0:   0000000019ecc5a0 00007ffc00000000
0x0000000019ecc4f0:   0000000019ecc5e0 00007ffc11ecd306
0x0000000019ecc500:   00007ffc071ef000 00007ffc06f80000
0x0000000019ecc510:   0000c692b8a181ba 00007ffc11f4c4d0
0x0000000019ecc520:   00007ffc071ccd78 00007ffc11ecef63
0x0000000019ecc530:   0000000019ecc5e0 00007ffc11e9eb8d
0x0000000019ecc540:   00007ffc11f4c4d0 00007ffc06e4bfc8 

Instructions: (pc=0x00007ffc33277788)
0x00007ffc33277768:   49 8b d1 44 0f 47 c0 44 89 44 24 38 49 c1 e0 03
0x00007ffc33277778:   e8 07 55 06 00 48 8d 4c 24 20 ff 15 e0 08 13 00
0x00007ffc33277788:   48 8b 8c 24 c0 00 00 00 48 33 cc e8 98 1a 06 00
0x00007ffc33277798:   48 81 c4 d8 00 00 00 c3 83 64 24 38 00 eb d6 cc 


Register to memory mapping:

RAX=0x0000000016db2bd0 is pointing into metadata
RBX=0x00007ffc071ccd78 is an unknown value
RCX=0x00000000026fe490 is at entry_point+-432 in (nmethod*)0x00000000026fe490
RDX=0x0000000016974718 is pointing into metadata
RSP=0x0000000019ecc450 is pointing into the stack for thread: 0x0000000018e1e000
RBP=0x0000000019ecc590 is pointing into the stack for thread: 0x0000000018e1e000
RSI=0x00007ffc06e4bfc8 is an unknown value
RDI=0x0000000019ecc5e0 is pointing into the stack for thread: 0x0000000018e1e000
R8 =0x00000000026cf110 is at code_begin+-80 in 
[CodeBlob (0x00000000026cf110)]
Framesize: 64
Runtime Stub (0x00000000026cf110): counter_overflow Runtime1 stub
R9 =0x0000000000000000 is an unknown value
R10=0x0000000019eccdf0 is pointing into the stack for thread: 0x0000000018e1e000
R11=0x0000000219eccc00 is an unknown value
R12=0x00000000ffffff29 is an unallocated location in the heap
R13=0x0000000000000000 is an unknown value
R14=0x00007ffc06e4bec0 is an unknown value
R15=0x0000000019edc7b0 is pointing into the stack for thread: 0x0000000018e1e000


Stack: [0x0000000019de0000,0x0000000019ee0000],  sp=0x0000000019ecc450,  free space=945k
Native frames: (J=compiled Java code, j=interpreted, Vv=VM code, C=native code)
C  [KERNELBASE.dll+0x17788]
C  [MSVCR120.dll+0x5ef63]
C  [opencv_core320.dll+0x1a2c34]
C  [opencv_core320.dll+0x1a2d76]
C  [opencv_imgproc320.dll+0x1c2fb7]
C  [opencv_imgproc320.dll+0x1c767d]
C  [jniopencv_imgproc.dll+0x79c68]
C  0x00000000025e5e34

Java frames: (J=compiled Java code, j=interpreted, Vv=VM code)
j  org.bytedeco.javacpp.opencv_imgproc.cvAdaptiveThreshold(Lorg/bytedeco/javacpp/helper/opencv_core$CvArr;Lorg/bytedeco/javacpp/helper/opencv_core$CvArr;DIIID)V+0
j  com.talcorp.pfe.Logique.toB_W(Ljavax/swing/JLabel;)V+49
j  fenetres.Principal.jLabelTransformeEnLigneMouseClicked(Ljava/awt/event/MouseEvent;)V+19
j  fenetres.Principal.access$200(Lfenetres/Principal;Ljava/awt/event/MouseEvent;)V+2
j  fenetres.Principal$3.mouseClicked(Ljava/awt/event/MouseEvent;)V+5
j  java.awt.AWTEventMulticaster.mouseClicked(Ljava/awt/event/MouseEvent;)V+21
j  java.awt.Component.processMouseEvent(Ljava/awt/event/MouseEvent;)V+74
j  javax.swing.JComponent.processMouseEvent(Ljava/awt/event/MouseEvent;)V+23
j  java.awt.Component.processEvent(Ljava/awt/AWTEvent;)V+81
J 1797 C1 java.awt.Container.processEvent(Ljava/awt/AWTEvent;)V (22 bytes) @ 0x0000000002b6864c [0x0000000002b68320+0x32c]
J 1731 C1 java.awt.Component.dispatchEventImpl(Ljava/awt/AWTEvent;)V (883 bytes) @ 0x0000000002b2c6dc [0x0000000002b27200+0x54dc]
J 1477 C1 java.awt.Container.dispatchEventImpl(Ljava/awt/AWTEvent;)V (129 bytes) @ 0x0000000002a50944 [0x0000000002a50800+0x144]
J 1639 C1 java.awt.Component.dispatchEvent(Ljava/awt/AWTEvent;)V (6 bytes) @ 0x0000000002ab7c84 [0x0000000002ab7b80+0x104]
j  java.awt.LightweightDispatcher.retargetMouseEvent(Ljava/awt/Component;ILjava/awt/event/MouseEvent;)V+327
j  java.awt.LightweightDispatcher.processMouseEvent(Ljava/awt/event/MouseEvent;)Z+171
J 1824 C1 java.awt.LightweightDispatcher.dispatchEvent(Ljava/awt/AWTEvent;)Z (73 bytes) @ 0x0000000002b775fc [0x0000000002b771c0+0x43c]
J 1477 C1 java.awt.Container.dispatchEventImpl(Ljava/awt/AWTEvent;)V (129 bytes) @ 0x0000000002a508e4 [0x0000000002a50800+0xe4]
J 2138 C1 java.awt.Window.dispatchEventImpl(Ljava/awt/AWTEvent;)V (23 bytes) @ 0x0000000002c74aa4 [0x0000000002c744c0+0x5e4]
J 1361 C1 java.awt.EventQueue.dispatchEventImpl(Ljava/awt/AWTEvent;Ljava/lang/Object;)V (149 bytes) @ 0x0000000002a0407c [0x0000000002a02840+0x183c]
J 1363 C1 java.awt.EventQueue$3.run()Ljava/lang/Void; (60 bytes) @ 0x0000000002a0200c [0x0000000002a01e00+0x20c]
J 1279 C1 java.awt.EventQueue$3.run()Ljava/lang/Object; (5 bytes) @ 0x00000000029caccc [0x00000000029cac40+0x8c]
v  ~StubRoutines::call_stub
J 1239  java.security.AccessController.doPrivileged(Ljava/security/PrivilegedAction;Ljava/security/AccessControlContext;)Ljava/lang/Object; (0 bytes) @ 0x00000000029b57e6 [0x00000000029b5780+0x66]
J 1781 C1 java.awt.EventQueue$4.run()Ljava/lang/Object; (5 bytes) @ 0x0000000002b5742c [0x0000000002b57000+0x42c]
v  ~StubRoutines::call_stub
J 1239  java.security.AccessController.doPrivileged(Ljava/security/PrivilegedAction;Ljava/security/AccessControlContext;)Ljava/lang/Object; (0 bytes) @ 0x00000000029b57e6 [0x00000000029b5780+0x66]
J 1277 C1 java.awt.EventQueue.dispatchEvent(Ljava/awt/AWTEvent;)V (80 bytes) @ 0x00000000029c987c [0x00000000029c8a00+0xe7c]
J 1288 C1 java.awt.EventDispatchThread.pumpOneEventForFilters(I)V (295 bytes) @ 0x00000000029d00e4 [0x00000000029ce580+0x1b64]
j  java.awt.EventDispatchThread.pumpEventsForFilter(ILjava/awt/Conditional;Ljava/awt/EventFilter;)V+35
j  java.awt.EventDispatchThread.pumpEventsForHierarchy(ILjava/awt/Conditional;Ljava/awt/Component;)V+11
j  java.awt.EventDispatchThread.pumpEvents(ILjava/awt/Conditional;)V+4
j  java.awt.EventDispatchThread.pumpEvents(Ljava/awt/Conditional;)V+3
j  java.awt.EventDispatchThread.run()V+9
v  ~StubRoutines::call_stub

---------------  P R O C E S S  ---------------

Java Threads: ( => current thread )
  0x000000001a480000 JavaThread "Image Fetcher 0" daemon [_thread_blocked, id=9108, stack(0x000000001dfd0000,0x000000001e0d0000)]
  0x000000001a061000 JavaThread "JavaCPP Deallocator" daemon [_thread_blocked, id=708, stack(0x000000001cf00000,0x000000001d000000)]
  0x000000001a0d9000 JavaThread "Swing-Shell" daemon [_thread_blocked, id=7088, stack(0x000000001b360000,0x000000001b460000)]
  0x000000001a0de000 JavaThread "TimerQueue" daemon [_thread_blocked, id=9032, stack(0x000000001b020000,0x000000001b120000)]
  0x000000000235e800 JavaThread "DestroyJavaVM" [_thread_blocked, id=10020, stack(0x0000000002360000,0x0000000002460000)]
=>0x0000000018e1e000 JavaThread "AWT-EventQueue-0" [_thread_in_native, id=8104, stack(0x0000000019de0000,0x0000000019ee0000)]
  0x0000000018db0000 JavaThread "AWT-Windows" daemon [_thread_in_native, id=2212, stack(0x0000000019600000,0x0000000019700000)]
  0x0000000018daf000 JavaThread "AWT-Shutdown" [_thread_blocked, id=4740, stack(0x0000000019500000,0x0000000019600000)]
  0x0000000018dae800 JavaThread "Java2D Disposer" daemon [_thread_blocked, id=6464, stack(0x0000000019400000,0x0000000019500000)]
  0x0000000018a90800 JavaThread "Service Thread" daemon [_thread_blocked, id=9892, stack(0x0000000018e60000,0x0000000018f60000)]
  0x0000000017106000 JavaThread "C1 CompilerThread2" daemon [_thread_blocked, id=15044, stack(0x0000000018960000,0x0000000018a60000)]
  0x0000000017103000 JavaThread "C2 CompilerThread1" daemon [_thread_blocked, id=13568, stack(0x0000000018860000,0x0000000018960000)]
  0x0000000017101000 JavaThread "C2 CompilerThread0" daemon [_thread_in_native, id=10804, stack(0x0000000018760000,0x0000000018860000)]
  0x00000000170ff000 JavaThread "Attach Listener" daemon [_thread_blocked, id=3276, stack(0x0000000018660000,0x0000000018760000)]
  0x00000000170fd800 JavaThread "Signal Dispatcher" daemon [_thread_blocked, id=9396, stack(0x0000000018560000,0x0000000018660000)]
  0x00000000025c8800 JavaThread "Finalizer" daemon [_thread_blocked, id=6860, stack(0x0000000018350000,0x0000000018450000)]
  0x00000000170c8800 JavaThread "Reference Handler" daemon [_thread_blocked, id=10124, stack(0x0000000018250000,0x0000000018350000)]

Other Threads:
  0x00000000170c7000 VMThread [stack: 0x0000000018150000,0x0000000018250000] [id=13852]
  0x0000000018ac7800 WatcherThread [stack: 0x0000000018f60000,0x0000000019060000] [id=13964]

VM state:not at safepoint (normal execution)

VM Mutex/Monitor currently owned by a thread: None

Heap:
 PSYoungGen      total 38400K, used 21368K [0x00000000d5f00000, 0x00000000d8980000, 0x0000000100000000)
  eden space 33280K, 50% used [0x00000000d5f00000,0x00000000d6f44960,0x00000000d7f80000)
  from space 5120K, 91% used [0x00000000d7f80000,0x00000000d8419940,0x00000000d8480000)
  to   space 5120K, 0% used [0x00000000d8480000,0x00000000d8480000,0x00000000d8980000)
 ParOldGen       total 87552K, used 5668K [0x0000000081c00000, 0x0000000087180000, 0x00000000d5f00000)
  object space 87552K, 6% used [0x0000000081c00000,0x0000000082189060,0x0000000087180000)
 Metaspace       used 18340K, capacity 18546K, committed 18816K, reserved 1064960K
  class space    used 2229K, capacity 2316K, committed 2432K, reserved 1048576K

Card table byte_map: [0x0000000011990000,0x0000000011d90000] byte_map_base: 0x0000000011582000

Marking Bits: (ParMarkBitMap*) 0x000000006f4fa5b0
 Begin Bits: [0x0000000012440000, 0x00000000143d0000)
 End Bits:   [0x00000000143d0000, 0x0000000016360000)

Polling page: 0x0000000002340000

CodeCache: size=245760Kb used=7120Kb max_used=7128Kb free=238639Kb
 bounds [0x00000000025d0000, 0x0000000002cd0000, 0x00000000115d0000]
 total_blobs=2946 nmethods=2195 adapters=662
 compilation: enabled

Compilation events (10 events):
Event: 25.430 Thread 0x0000000017106000 nmethod 2214 0x0000000002cc7c50 code [0x0000000002cc7de0, 0x0000000002cc8138]
Event: 25.430 Thread 0x0000000017106000 2215       3       java.lang.Character::isLetterOrDigit (19 bytes)
Event: 25.430 Thread 0x0000000017106000 nmethod 2215 0x0000000002cc82d0 code [0x0000000002cc8460, 0x0000000002cc8758]
Event: 25.430 Thread 0x0000000017103000 nmethod 2216 0x00000000026f3a50 code [0x00000000026f3b80, 0x00000000026f3bd8]
Event: 25.430 Thread 0x0000000017103000 2217       4       java.lang.CharacterDataLatin1::toUpperCase (53 bytes)
Event: 25.431 Thread 0x0000000017103000 nmethod 2217 0x0000000002cafb90 code [0x0000000002cafcc0, 0x0000000002cafd98]
Event: 25.432 Thread 0x0000000017106000 2218       3       java.net.URLClassLoader::findResource (37 bytes)
Event: 25.432 Thread 0x0000000017106000 nmethod 2218 0x0000000002ccc410 code [0x0000000002ccc5c0, 0x0000000002cccad8]
Event: 25.432 Thread 0x0000000017106000 2219       3       java.net.URLClassLoader$2::<init> (15 bytes)
Event: 25.433 Thread 0x0000000017106000 nmethod 2219 0x00000000027cae10 code [0x00000000027caf60, 0x00000000027cb130]

GC Heap History (2 events):
Event: 19.225 GC heap before
{Heap before GC invocations=1 (full 0):
 PSYoungGen      total 38400K, used 33280K [0x00000000d5f00000, 0x00000000d8980000, 0x0000000100000000)
  eden space 33280K, 100% used [0x00000000d5f00000,0x00000000d7f80000,0x00000000d7f80000)
  from space 5120K, 0% used [0x00000000d8480000,0x00000000d8480000,0x00000000d8980000)
  to   space 5120K, 0% used [0x00000000d7f80000,0x00000000d7f80000,0x00000000d8480000)
 ParOldGen       total 87552K, used 0K [0x0000000081c00000, 0x0000000087180000, 0x00000000d5f00000)
  object space 87552K, 0% used [0x0000000081c00000,0x0000000081c00000,0x0000000087180000)
 Metaspace       used 16876K, capacity 17138K, committed 17280K, reserved 1064960K
  class space    used 2059K, capacity 2124K, committed 2176K, reserved 1048576K
Event: 19.233 GC heap after
Heap after GC invocations=1 (full 0):
 PSYoungGen      total 38400K, used 4710K [0x00000000d5f00000, 0x00000000d8980000, 0x0000000100000000)
  eden space 33280K, 0% used [0x00000000d5f00000,0x00000000d5f00000,0x00000000d7f80000)
  from space 5120K, 91% used [0x00000000d7f80000,0x00000000d8419940,0x00000000d8480000)
  to   space 5120K, 0% used [0x00000000d8480000,0x00000000d8480000,0x00000000d8980000)
 ParOldGen       total 87552K, used 5668K [0x0000000081c00000, 0x0000000087180000, 0x00000000d5f00000)
  object space 87552K, 6% used [0x0000000081c00000,0x0000000082189060,0x0000000087180000)
 Metaspace       used 16876K, capacity 17138K, committed 17280K, reserved 1064960K
  class space    used 2059K, capacity 2124K, committed 2176K, reserved 1048576K
}

Deoptimization events (10 events):
Event: 19.140 Thread 0x0000000018e1e000 Uncommon trap: reason=bimorphic action=maybe_recompile pc=0x000000000295edac method=java.util.HashMap.putVal(ILjava/lang/Object;Ljava/lang/Object;ZZ)Ljava/lang/Object; @ 91
Event: 19.141 Thread 0x0000000018e1e000 Uncommon trap: reason=bimorphic action=maybe_recompile pc=0x000000000295edac method=java.util.HashMap.putVal(ILjava/lang/Object;Ljava/lang/Object;ZZ)Ljava/lang/Object; @ 91
Event: 19.141 Thread 0x0000000018e1e000 Uncommon trap: reason=bimorphic action=maybe_recompile pc=0x000000000295edac method=java.util.HashMap.putVal(ILjava/lang/Object;Ljava/lang/Object;ZZ)Ljava/lang/Object; @ 91
Event: 19.233 Thread 0x0000000018e1e000 Uncommon trap: reason=unstable_if action=reinterpret pc=0x000000000295a340 method=java.lang.ref.SoftReference.get()Ljava/lang/Object; @ 17
Event: 19.287 Thread 0x0000000018e1e000 Uncommon trap: reason=unstable_if action=reinterpret pc=0x000000000283cd10 method=java.lang.ThreadLocal$ThreadLocalMap.getEntry(Ljava/lang/ThreadLocal;)Ljava/lang/ThreadLocal$ThreadLocalMap$Entry; @ 21
Event: 19.371 Thread 0x0000000018e1e000 Uncommon trap: reason=class_check action=maybe_recompile pc=0x0000000002c551d8 method=sun.misc.URLClassPath.getLoader(I)Lsun/misc/URLClassPath$Loader; @ 94
Event: 19.373 Thread 0x0000000018e1e000 Uncommon trap: reason=class_check action=maybe_recompile pc=0x0000000002c551d8 method=sun.misc.URLClassPath.getLoader(I)Lsun/misc/URLClassPath$Loader; @ 94
Event: 19.374 Thread 0x0000000018e1e000 Uncommon trap: reason=class_check action=maybe_recompile pc=0x0000000002c551d8 method=sun.misc.URLClassPath.getLoader(I)Lsun/misc/URLClassPath$Loader; @ 94
Event: 19.375 Thread 0x0000000018e1e000 Uncommon trap: reason=class_check action=maybe_recompile pc=0x0000000002c551d8 method=sun.misc.URLClassPath.getLoader(I)Lsun/misc/URLClassPath$Loader; @ 94
Event: 19.376 Thread 0x0000000018e1e000 Uncommon trap: reason=class_check action=maybe_recompile pc=0x0000000002c596a4 method=sun.misc.URLClassPath.getLoader(I)Lsun/misc/URLClassPath$Loader; @ 94

Internal exceptions (10 events):
Event: 19.378 Thread 0x0000000018e1e000 Exception <a 'java/security/PrivilegedActionException'> (0x00000000d65cda40) thrown at [C:\workspace\8-2-build-windows-amd64-cygwin\jdk8u65\4987\hotspot\src\share\vm\prims\jvm.cpp, line 1386]
Event: 19.378 Thread 0x0000000018e1e000 Exception <a 'java/security/PrivilegedActionException'> (0x00000000d65cde38) thrown at [C:\workspace\8-2-build-windows-amd64-cygwin\jdk8u65\4987\hotspot\src\share\vm\prims\jvm.cpp, line 1386]
Event: 19.379 Thread 0x0000000018e1e000 Exception <a 'java/security/PrivilegedActionException'> (0x00000000d65d6f70) thrown at [C:\workspace\8-2-build-windows-amd64-cygwin\jdk8u65\4987\hotspot\src\share\vm\prims\jvm.cpp, line 1386]
Event: 19.379 Thread 0x0000000018e1e000 Exception <a 'java/security/PrivilegedActionException'> (0x00000000d65d7368) thrown at [C:\workspace\8-2-build-windows-amd64-cygwin\jdk8u65\4987\hotspot\src\share\vm\prims\jvm.cpp, line 1386]
Event: 19.380 Thread 0x0000000018e1e000 Exception <a 'java/security/PrivilegedActionException'> (0x00000000d65dff68) thrown at [C:\workspace\8-2-build-windows-amd64-cygwin\jdk8u65\4987\hotspot\src\share\vm\prims\jvm.cpp, line 1386]
Event: 19.380 Thread 0x0000000018e1e000 Exception <a 'java/security/PrivilegedActionException'> (0x00000000d65e0360) thrown at [C:\workspace\8-2-build-windows-amd64-cygwin\jdk8u65\4987\hotspot\src\share\vm\prims\jvm.cpp, line 1386]
Event: 19.381 Thread 0x0000000018e1e000 Exception <a 'java/security/PrivilegedActionException'> (0x00000000d65e9208) thrown at [C:\workspace\8-2-build-windows-amd64-cygwin\jdk8u65\4987\hotspot\src\share\vm\prims\jvm.cpp, line 1386]
Event: 19.381 Thread 0x0000000018e1e000 Exception <a 'java/security/PrivilegedActionException'> (0x00000000d65e9600) thrown at [C:\workspace\8-2-build-windows-amd64-cygwin\jdk8u65\4987\hotspot\src\share\vm\prims\jvm.cpp, line 1386]
Event: 19.382 Thread 0x0000000018e1e000 Exception <a 'java/security/PrivilegedActionException'> (0x00000000d65f2090) thrown at [C:\workspace\8-2-build-windows-amd64-cygwin\jdk8u65\4987\hotspot\src\share\vm\prims\jvm.cpp, line 1386]
Event: 19.382 Thread 0x0000000018e1e000 Exception <a 'java/security/PrivilegedActionException'> (0x00000000d65f2488) thrown at [C:\workspace\8-2-build-windows-amd64-cygwin\jdk8u65\4987\hotspot\src\share\vm\prims\jvm.cpp, line 1386]

Events (10 events):
Event: 23.760 loading class javax/swing/JOptionPane$1
Event: 23.761 loading class javax/swing/JOptionPane$1 done
Event: 23.761 loading class javax/swing/JOptionPane$2
Event: 23.761 loading class javax/swing/JOptionPane$2 done
Event: 23.761 loading class javax/swing/JOptionPane$3
Event: 23.761 loading class javax/swing/JOptionPane$3 done
Event: 25.425 Thread 0x0000000018e1e000 DEOPT PACKING pc=0x0000000002bc4a3d sp=0x0000000019edc370
Event: 25.425 Thread 0x0000000018e1e000 DEOPT UNPACKING pc=0x000000000261787f sp=0x0000000019edc128 mode 0
Event: 25.433 loading class org/bytedeco/javacpp/helper/opencv_core$AbstractIplImage$ReleaseDeallocator
Event: 25.433 loading class org/bytedeco/javacpp/helper/opencv_core$AbstractIplImage$ReleaseDeallocator done


Dynamic libraries:
0x00007ff727660000 - 0x00007ff727697000 	C:\Program Files\Java\jdk1.8.0_65\bin\java.exe
0x00007ffc369b0000 - 0x00007ffc36b81000 	C:\WINDOWS\SYSTEM32\ntdll.dll
0x00007ffc33f40000 - 0x00007ffc33feb000 	C:\WINDOWS\System32\KERNEL32.DLL
0x00007ffc33260000 - 0x00007ffc3347d000 	C:\WINDOWS\System32\KERNELBASE.dll
0x00007ffc356a0000 - 0x00007ffc35742000 	C:\WINDOWS\System32\ADVAPI32.dll
0x00007ffc35750000 - 0x00007ffc357ee000 	C:\WINDOWS\System32\msvcrt.dll
0x00007ffc36790000 - 0x00007ffc367e9000 	C:\WINDOWS\System32\sechost.dll
0x00007ffc35500000 - 0x00007ffc35621000 	C:\WINDOWS\System32\RPCRT4.dll
0x00007ffc35800000 - 0x00007ffc35965000 	C:\WINDOWS\System32\USER32.dll
0x00007ffc33f20000 - 0x00007ffc33f3e000 	C:\WINDOWS\System32\win32u.dll
0x00007ffc36970000 - 0x00007ffc369a4000 	C:\WINDOWS\System32\GDI32.dll
0x00007ffc330d0000 - 0x00007ffc33252000 	C:\WINDOWS\System32\gdi32full.dll
0x00007ffc26130000 - 0x00007ffc263aa000 	C:\WINDOWS\WinSxS\amd64_microsoft.windows.common-controls_6595b64144ccf1df_6.0.14393.953_none_42151e83c686086b\COMCTL32.dll
0x00007ffc364c0000 - 0x00007ffc36788000 	C:\WINDOWS\System32\combase.dll
0x00007ffc33dd0000 - 0x00007ffc33ec5000 	C:\WINDOWS\System32\ucrtbase.dll
0x00007ffc32ea0000 - 0x00007ffc32f0a000 	C:\WINDOWS\System32\bcryptPrimitives.dll
0x00007ffc36330000 - 0x00007ffc3635e000 	C:\WINDOWS\System32\IMM32.DLL
0x000000006ec10000 - 0x000000006ece2000 	C:\Program Files\Java\jdk1.8.0_65\jre\bin\msvcr100.dll
0x000000006ecf0000 - 0x000000006f579000 	C:\Program Files\Java\jdk1.8.0_65\jre\bin\server\jvm.dll
0x00007ffc357f0000 - 0x00007ffc357f8000 	C:\WINDOWS\System32\PSAPI.DLL
0x00007ffc2d4c0000 - 0x00007ffc2d4c9000 	C:\WINDOWS\SYSTEM32\WSOCK32.dll
0x00007ffc30760000 - 0x00007ffc30783000 	C:\WINDOWS\SYSTEM32\WINMM.dll
0x00007ffc35cf0000 - 0x00007ffc35d5a000 	C:\WINDOWS\System32\WS2_32.dll
0x00007ffc31340000 - 0x00007ffc3134a000 	C:\WINDOWS\SYSTEM32\VERSION.dll
0x00007ffc30670000 - 0x00007ffc3069b000 	C:\WINDOWS\SYSTEM32\WINMMBASE.dll
0x00007ffc33ed0000 - 0x00007ffc33f12000 	C:\WINDOWS\System32\cfgmgr32.dll
0x000000006ebc0000 - 0x000000006ebcf000 	C:\Program Files\Java\jdk1.8.0_65\jre\bin\verify.dll
0x000000006eb90000 - 0x000000006ebb9000 	C:\Program Files\Java\jdk1.8.0_65\jre\bin\java.dll
0x000000006eb70000 - 0x000000006eb86000 	C:\Program Files\Java\jdk1.8.0_65\jre\bin\zip.dll
0x00007ffc33ff0000 - 0x00007ffc354f9000 	C:\WINDOWS\System32\SHELL32.dll
0x00007ffc33480000 - 0x00007ffc33b5a000 	C:\WINDOWS\System32\windows.storage.dll
0x00007ffc32e40000 - 0x00007ffc32e8c000 	C:\WINDOWS\System32\powrprof.dll
0x00007ffc35bf0000 - 0x00007ffc35c42000 	C:\WINDOWS\System32\shlwapi.dll
0x00007ffc32e10000 - 0x00007ffc32e1f000 	C:\WINDOWS\System32\kernel.appcore.dll
0x00007ffc33020000 - 0x00007ffc330c9000 	C:\WINDOWS\System32\shcore.dll
0x00007ffc32e20000 - 0x00007ffc32e34000 	C:\WINDOWS\System32\profapi.dll
0x000000006e990000 - 0x000000006eb28000 	C:\Program Files\Java\jdk1.8.0_65\jre\bin\awt.dll
0x00007ffc359d0000 - 0x00007ffc35a8f000 	C:\WINDOWS\System32\OLEAUT32.dll
0x00007ffc33d30000 - 0x00007ffc33dcc000 	C:\WINDOWS\System32\msvcp_win.dll
0x00007ffc306e0000 - 0x00007ffc3075a000 	C:\WINDOWS\SYSTEM32\apphelp.dll
0x00007ffc30be0000 - 0x00007ffc30c75000 	C:\WINDOWS\system32\uxtheme.dll
0x00007ffc36800000 - 0x00007ffc3695a000 	C:\WINDOWS\System32\MSCTF.dll
0x00007ffc305c0000 - 0x00007ffc305e6000 	C:\WINDOWS\system32\dwmapi.dll
0x00007ffc36380000 - 0x00007ffc364b7000 	C:\WINDOWS\System32\ole32.dll
0x000000006e940000 - 0x000000006e987000 	C:\Program Files\Java\jdk1.8.0_65\jre\bin\fontmanager.dll
0x000000006eb50000 - 0x000000006eb6a000 	C:\Program Files\Java\jdk1.8.0_65\jre\bin\net.dll
0x00007ffc323e0000 - 0x00007ffc3243c000 	C:\WINDOWS\system32\mswsock.dll
0x000000006eb30000 - 0x000000006eb41000 	C:\Program Files\Java\jdk1.8.0_65\jre\bin\nio.dll
0x00007ffc017e0000 - 0x00007ffc036d7000 	C:\opencv\build\java\x64\opencv_java320.dll
0x00007ffc28b50000 - 0x00007ffc28b70000 	C:\WINDOWS\SYSTEM32\AVIFIL32.dll
0x00007ffc264e0000 - 0x00007ffc26509000 	C:\WINDOWS\SYSTEM32\MSVFW32.dll
0x00007ffc28b30000 - 0x00007ffc28b48000 	C:\WINDOWS\SYSTEM32\AVICAP32.dll
0x00007ffc15360000 - 0x00007ffc1537c000 	C:\WINDOWS\SYSTEM32\MSACM32.dll
0x000000006e8f0000 - 0x000000006e932000 	C:\Program Files\Java\jdk1.8.0_65\jre\bin\t2k.dll
0x00007ffc215e0000 - 0x00007ffc2168c000 	C:\WINDOWS\WinSxS\amd64_microsoft.windows.common-controls_6595b64144ccf1df_5.82.14393.447_none_0d5aa7fbb6d35646\comctl32.dll
0x00007ffc35c50000 - 0x00007ffc35cef000 	C:\WINDOWS\System32\clbcatq.dll
0x00007ffc2fde0000 - 0x00007ffc2ff65000 	C:\WINDOWS\system32\propsys.dll
0x00007ffc12d40000 - 0x00007ffc12e67000 	C:\WINDOWS\system32\NetworkExplorer.dll
0x00007ffc1ed90000 - 0x00007ffc1f0f5000 	C:\Windows\System32\ActXPrxy.dll
0x00007ffc2fba0000 - 0x00007ffc2fd48000 	C:\WINDOWS\SYSTEM32\WindowsCodecs.dll
0x00007ffc19750000 - 0x00007ffc197a3000 	C:\Windows\System32\thumbcache.dll
0x00007ffc29600000 - 0x00007ffc29643000 	C:\WINDOWS\SYSTEM32\policymanager.dll
0x00007ffc30e10000 - 0x00007ffc30ea1000 	C:\WINDOWS\SYSTEM32\msvcp110_win.dll
0x00007ffc20370000 - 0x00007ffc2038b000 	C:\WINDOWS\SYSTEM32\MPR.dll
0x00007ffc28a40000 - 0x00007ffc28a56000 	C:\WINDOWS\System32\ntlanman.dll
0x00007ffc28a30000 - 0x00007ffc28a3b000 	C:\WINDOWS\System32\drprov.dll
0x00007ffc32c50000 - 0x00007ffc32ca6000 	C:\WINDOWS\System32\WINSTA.dll
0x00007ffc28a10000 - 0x00007ffc28a30000 	C:\WINDOWS\System32\davclnt.dll
0x00007ffc28a00000 - 0x00007ffc28a0c000 	C:\WINDOWS\System32\DAVHLPR.dll
0x00007ffc32640000 - 0x00007ffc32656000 	C:\WINDOWS\System32\wkscli.dll
0x00007ffc32d50000 - 0x00007ffc32d7b000 	C:\WINDOWS\System32\bcrypt.dll
0x00007ffc1e6e0000 - 0x00007ffc1e6f2000 	C:\WINDOWS\SYSTEM32\cscapi.dll
0x00007ffc32250000 - 0x00007ffc3225d000 	C:\WINDOWS\System32\netutils.dll
0x00007ffc00970000 - 0x00007ffc009bd000 	C:\Windows\System32\dlnashext.dll
0x00007ffc1be40000 - 0x00007ffc1beb0000 	C:\Windows\System32\PlayToDevice.dll
0x00007ffc25540000 - 0x00007ffc2555e000 	C:\Windows\System32\DevDispItemProvider.dll
0x00007ffc2c0d0000 - 0x00007ffc2c141000 	C:\WINDOWS\System32\MMDevApi.dll
0x00007ffc310e0000 - 0x00007ffc31108000 	C:\WINDOWS\System32\DEVOBJ.dll
0x00007ffc07800000 - 0x00007ffc079ff000 	C:\WINDOWS\system32\wpdshext.dll
0x00007ffc21690000 - 0x00007ffc2182a000 	C:\WINDOWS\WinSxS\amd64_microsoft.windows.gdiplus_6595b64144ccf1df_1.1.14393.953_none_7300116921188239\gdiplus.dll
0x00007ffc2f410000 - 0x00007ffc2f4ae000 	C:\Windows\System32\PortableDeviceApi.dll
0x00007ffc35d60000 - 0x00007ffc36189000 	C:\WINDOWS\System32\SETUPAPI.dll
0x00007ffc32f10000 - 0x00007ffc32f65000 	C:\WINDOWS\System32\WINTRUST.dll
0x00007ffc32e90000 - 0x00007ffc32ea0000 	C:\WINDOWS\System32\MSASN1.dll
0x00007ffc33b60000 - 0x00007ffc33d29000 	C:\WINDOWS\System32\CRYPT32.dll
0x00007ffc1d190000 - 0x00007ffc1d1c6000 	C:\Windows\System32\EhStorShell.dll
0x00007ffc24760000 - 0x00007ffc24785000 	C:\Windows\System32\EhStorAPI.dll
0x00007ffc2ff70000 - 0x00007ffc2ff83000 	C:\Windows\System32\WTSAPI32.dll
0x00007ffc31ab0000 - 0x00007ffc31ac0000 	C:\WINDOWS\SYSTEM32\LINKINFO.dll
0x00007ffc31360000 - 0x00007ffc3136c000 	C:\WINDOWS\SYSTEM32\Secur32.dll
0x00007ffc32830000 - 0x00007ffc3285c000 	C:\WINDOWS\SYSTEM32\SSPICLI.DLL
0x00007ffc28ef0000 - 0x00007ffc28f09000 	C:\WINDOWS\SYSTEM32\samcli.dll
0x00007ffc30460000 - 0x00007ffc30483000 	C:\WINDOWS\SYSTEM32\SAMLIB.dll
0x00007ffc197e0000 - 0x00007ffc19829000 	C:\WINDOWS\system32\dataexchange.dll
0x00007ffc300c0000 - 0x00007ffc30211000 	C:\WINDOWS\system32\dcomp.dll
0x00007ffc2ecd0000 - 0x00007ffc2ef86000 	C:\WINDOWS\system32\d3d11.dll
0x00007ffc31b10000 - 0x00007ffc31baf000 	C:\WINDOWS\system32\dxgi.dll
0x00007ffc30fa0000 - 0x00007ffc310bc000 	C:\WINDOWS\system32\twinapi.appcore.dll
0x00007ffc12010000 - 0x00007ffc12222000 	C:\Users\polina\AppData\Local\Microsoft\OneDrive\17.3.6798.0207\amd64\FileSyncShell64.dll
0x00007ffc11f60000 - 0x00007ffc12006000 	C:\Users\polina\AppData\Local\Microsoft\OneDrive\17.3.6798.0207\amd64\MSVCP120.dll
0x00007ffc25590000 - 0x00007ffc255af000 	C:\Users\polina\AppData\Local\Microsoft\OneDrive\17.3.6798.0207\amd64\LoggingPlatform64.DLL
0x00007ffc28110000 - 0x00007ffc283da000 	C:\WINDOWS\SYSTEM32\WININET.dll
0x00007ffc11e70000 - 0x00007ffc11f5f000 	C:\Users\polina\AppData\Local\Microsoft\OneDrive\17.3.6798.0207\amd64\MSVCR120.dll
0x00007ffc2b1b0000 - 0x00007ffc2b1bf000 	C:\WINDOWS\SYSTEM32\AcSignIcon.dll
0x00007ffc24320000 - 0x00007ffc243f4000 	C:\WINDOWS\SYSTEM32\MSVCR110.dll
0x00007ffc10e40000 - 0x00007ffc113a5000 	C:\WINDOWS\SYSTEM32\mfc110u.dll
0x00007ffc254b0000 - 0x00007ffc254b8000 	C:\Program Files (x86)\Internet Download Manager\IDMShellExt64.dll
0x000000006fa60000 - 0x000000006fa7d000 	C:\PROGRA~1\MICROS~1\Office12\MSOHEVI.DLL
0x000000006ff40000 - 0x0000000070009000 	C:\WINDOWS\WinSxS\amd64_microsoft.vc80.crt_1fc8b3b9a1e18e3b_8.0.50727.9268_none_88e0de612fadfb38\MSVCR80.dll
0x00007ffc28510000 - 0x00007ffc286d2000 	C:\Windows\System32\urlmon.dll
0x00007ffc28730000 - 0x00007ffc289d2000 	C:\Windows\System32\iertutil.dll
0x00007ffc122f0000 - 0x00007ffc123df000 	C:\Users\polina\.javacpp\cache\opencv-3.2.0-1.3-windows-x86_64.jar\org\bytedeco\javacpp\windows-x86_64\msvcr120.dll
0x00007ffc0d380000 - 0x00007ffc0d426000 	C:\Users\polina\.javacpp\cache\opencv-3.2.0-1.3-windows-x86_64.jar\org\bytedeco\javacpp\windows-x86_64\msvcp120.dll
0x00007ffc06f80000 - 0x00007ffc07208000 	C:\Users\polina\.javacpp\cache\opencv-3.2.0-1.3-windows-x86_64.jar\org\bytedeco\javacpp\windows-x86_64\opencv_core320.dll
0x00007ffc06c10000 - 0x00007ffc06f72000 	C:\Users\polina\.javacpp\cache\opencv-3.2.0-1.3-windows-x86_64.jar\org\bytedeco\javacpp\windows-x86_64\opencv_imgproc320.dll
0x00007ffc05c30000 - 0x00007ffc05e7a000 	C:\Users\polina\.javacpp\cache\opencv-3.2.0-1.3-windows-x86_64.jar\org\bytedeco\javacpp\windows-x86_64\jniopencv_core.dll
0x00007ffc0ca10000 - 0x00007ffc0cb00000 	C:\Users\polina\.javacpp\cache\opencv-3.2.0-1.3-windows-x86_64.jar\org\bytedeco\javacpp\windows-x86_64\jniopencv_imgproc.dll
0x00007ffc05960000 - 0x00007ffc05c2a000 	C:\Users\polina\.javacpp\cache\opencv-3.2.0-1.3-windows-x86_64.jar\org\bytedeco\javacpp\windows-x86_64\opencv_imgcodecs320.dll
0x00007ffc29890000 - 0x00007ffc298b5000 	C:\Users\polina\.javacpp\cache\opencv-3.2.0-1.3-windows-x86_64.jar\org\bytedeco\javacpp\windows-x86_64\jniopencv_imgcodecs.dll
0x000000006c6b0000 - 0x000000006c6e1000 	C:\Program Files\Java\jdk1.8.0_65\jre\bin\jpeg.dll
0x00007ffc289e0000 - 0x00007ffc289fa000 	C:\WINDOWS\SYSTEM32\OpenCL.dll
0x00007ffc1bcd0000 - 0x00007ffc1bd37000 	C:\WINDOWS\SYSTEM32\IntelOpenCL64.dll
0x00007ffc05790000 - 0x00007ffc05952000 	C:\Program Files (x86)\Common Files\Intel\OpenCL\bin\x64\intelocl64.dll
0x00007ffc0d2e0000 - 0x00007ffc0d37d000 	C:\Program Files (x86)\Common Files\Intel\OpenCL\bin\x64\task_executor64.dll
0x00007ffc2a050000 - 0x00007ffc2a173000 	C:\WINDOWS\SYSTEM32\OPENGL32.dll
0x00007ffc305f0000 - 0x00007ffc3061d000 	C:\WINDOWS\SYSTEM32\GLU32.dll
0x00007ffc29f50000 - 0x00007ffc2a047000 	C:\WINDOWS\SYSTEM32\DDRAW.dll
0x00007ffc31440000 - 0x00007ffc31448000 	C:\WINDOWS\SYSTEM32\DCIMAN32.dll

VM Arguments:
jvm_args: -Djava.library.path=C:\opencv\build\java\x64;.\. 
java_command: com.talcorp.pfe.LanceurApplication
java_class_path (initial): C:\Users\polina\Documents\NetBeansProjects\PFE_Reconnaissance\target\classes;C:\Users\polina\.m2\repository\org\bytedeco\javacpp-presets\opencv\3.2.0-1.3\opencv-3.2.0-1.3.jar;C:\Users\polina\.m2\repository\org\bytedeco\javacpp\1.3\javacpp-1.3.jar;C:\Users\polina\.m2\repository\org\openpnp\opencv\3.2.0-1\opencv-3.2.0-1.jar;C:\Users\polina\.m2\repository\org\bytedeco\javacpp-presets\opencv-platform\3.2.0-1.3\opencv-platform-3.2.0-1.3.jar;C:\Users\polina\.m2\repository\org\bytedeco\javacpp-presets\opencv\3.2.0-1.3\opencv-3.2.0-1.3-android-arm.jar;C:\Users\polina\.m2\repository\org\bytedeco\javacpp-presets\opencv\3.2.0-1.3\opencv-3.2.0-1.3-android-x86.jar;C:\Users\polina\.m2\repository\org\bytedeco\javacpp-presets\opencv\3.2.0-1.3\opencv-3.2.0-1.3-linux-x86.jar;C:\Users\polina\.m2\repository\org\bytedeco\javacpp-presets\opencv\3.2.0-1.3\opencv-3.2.0-1.3-linux-x86_64.jar;C:\Users\polina\.m2\repository\org\bytedeco\javacpp-presets\opencv\3.2.0-1.3\opencv-3.2.0-1.3-linux-armhf.jar;C:\Users\polina\.m2\repository\org\bytedeco\javacpp-presets\opencv\3.2.0-1.3\opencv-3.2.0-1.3-linux-ppc64le.jar;C:\Users\polina\.m2\repository\org\bytedeco\javacpp-presets\opencv\3.2.0-1.3\opencv-3.2.0-1.3-macosx-x86_64.jar;C:\Users\polina\.m2\repository\org\bytedeco\javacpp-presets\opencv\3.2.0-1.3\opencv-3.2.0-1.3-windows-x86.jar;C:\Users\polina\.m2\repository\org\bytedeco\javacpp-presets\opencv\3.2.0-1.3\opencv-3.2.0-1.3-windows-x86_64.jar;C:\Users\polina\.m2\repository\org\bytedeco\javacv\1.3.2\javacv-1.3.2.jar;C:\Users\polina\.m2\repository\org\bytedeco\javacpp-presets\ffmpeg\3.2.1-1.3\ffmpeg-3.2.1-1.3.jar;C:\Users\polina\.m2\repository\org\bytedeco\javacpp-presets\flycapture\2.9.3.43-1.3\flycapture-2.9.3.43-1.3.jar;C:\Users\polina\.m2\repository\org\bytedeco\javacpp-presets\libdc1394\2.2.4-1.3\libdc1394-2.2.4-1.3.jar;C:\Users\polina\.m2\repository\org\bytedeco\javacpp-presets\libfreenect\0.5.3-1.3\libfreenect-0.5.3-1.3.jar;C:\Users\polina\.m2\repository\org\byte
Launcher Type: SUN_STANDARD

Environment Variables:
JAVA_HOME=C:\Program Files\Java\jdk1.8.0_65
CLASSPATH=.;C:\Program Files (x86)\Java\jre6\lib\ext\QTJava.zip;D:\Java\JDBC\mysql-connector-java-5.1.38-bin;C:\apache-ant-1.9.7-bin\apache-ant-1.9.7\bin
PATH=C:\oraclexe\app\oracle\product\11.2.0\server\bin;D:\Borland\Delphi7\Bin;D:\Borland\Delphi7\Projects\Bpl\;d:\Program Files (x86)\CollabNet;d:\Embarcadero\RAD Studio\12.0\bin;C:\Users\Public\Documents\RAD Studio\12.0\Bpl;d:\Embarcadero\RAD Studio\12.0\bin64;C:\Users\Public\Documents\RAD Studio\12.0\Bpl\Win64;C:\ProgramData\Oracle\Java\javapath;C:\Program Files (x86)\Intel\iCLS Client\;C:\Program Files\Intel\iCLS Client\;C:\WINDOWS\system32;C:\WINDOWS;C:\WINDOWS\System32\Wbem;C:\WINDOWS\System32\WindowsPowerShell\v1.0\;C:\Program Files\Intel\Intel(R) Management Engine Components\DAL;C:\Program Files\Intel\Intel(R) Management Engine Components\IPT;C:\Program Files (x86)\Intel\Intel(R) Management Engine Components\DAL;C:\Program Files (x86)\Intel\Intel(R) Management Engine Components\IPT;C:\Program Files (x86)\QuickTime\QTSystem\;C:\Program Files\Microsoft SQL Server\110\Tools\Binn\;C:\Program Files\Microsoft SQL Server\120\Tools\Binn\;C:\Program Files (x86)\CMake\bin;C:\Program Files (x86)\Windows Kits\8.1\Windows Performance Toolkit\;C:\Program Files (x86)\Microsoft SDKs\TypeScript\1.0\;C:\Users\polina\Downloads\Programs\opencv\build\java\x64;C:\Program Files\nodejs\;C:\Program Files (x86)\NVIDIA Corporation\PhysX\Common;C:\Program Files\MySQL\MySQL Server 5.0\bin;C:\WINDOWS\system32;C:\WINDOWS;C:\WINDOWS\System32\Wbem;C:\WINDOWS\System32\WindowsPowerShell\v1.0\;C:\apache-ant-1.9.7-bin\apache-ant-1.9.7\bin;C:\Program Files\Condusiv Technologies\ExpressCache\;D:\Borland\Embarcadero\RAD Studio\12.0\Bpl;C:\Users\Public\Documents\RAD Studio\12.0\Bpl;C:\Users\polina\AppData\Roaming\npm;C:\apache-maven-3.3.9\bin;C:\ant 197\bin;C:\Users\polina\Downloads\Programs\opencv\build\java\x64
USERNAME=Taleb
OS=Windows_NT
PROCESSOR_IDENTIFIER=Intel64 Family 6 Model 69 Stepping 1, GenuineIntel



---------------  S Y S T E M  ---------------

OS: Windows 10.0 , 64 bit Build 14393 (10.0.14393.0)

CPU:total 4 (2 cores per cpu, 2 threads per core) family 6 model 69 stepping 1, cmov, cx8, fxsr, mmx, sse, sse2, sse3, ssse3, sse4.1, sse4.2, popcnt, avx, avx2, aes, clmul, erms, lzcnt, ht, tsc, tscinvbit, bmi1, bmi2

Memory: 4k page, physical 8268888k(2961500k free), swap 9776216k(1986000k free)

vm_info: Java HotSpot(TM) 64-Bit Server VM (25.65-b01) for windows-amd64 JRE (1.8.0_65-b17), built on Oct  6 2015 16:39:20 by "java_re" with MS VC++ 10.0 (VS2010)

time: Thu Mar 23 11:00:44 2017
elapsed time: 25 seconds (0d 0h 0m 25s)

