#
# A fatal error has been detected by the Java Runtime Environment:
#
#  EXCEPTION_UNCAUGHT_CXX_EXCEPTION (0xe06d7363) at pc=0x00007ffa30507788, pid=14360, tid=8388
#
# JRE version: Java(TM) SE Runtime Environment (8.0_65-b17) (build 1.8.0_65-b17)
# Java VM: Java HotSpot(TM) 64-Bit Server VM (25.65-b01 mixed mode windows-amd64 compressed oops)
# Problematic frame:
# C  [KERNELBASE.dll+0x17788]
#
# Failed to write core dump. Minidumps are not enabled by default on client versions of Windows
#
# If you would like to submit a bug report, please visit:
#   http://bugreport.java.com/bugreport/crash.jsp
# The crash happened outside the Java Virtual Machine in native code.
# See problematic frame for where to report the bug.
#

---------------  T H R E A D  ---------------

Current thread (0x00000000194c1000):  JavaThread "AWT-EventQueue-0" [_thread_in_native, id=8388, stack(0x000000001a4f0000,0x000000001a5f0000)]

siginfo: ExceptionCode=0xe06d7363, ExceptionInformation=0x0000000019930520 0x000000001a5dc850 0x00007ffa0759cd78 0x00007ffa07350000 

Registers:
RAX=0x0000000000000000, RBX=0x00007ffa0759cd78, RCX=0x00000001000c8508, RDX=0x0000000016fe42d0
RSP=0x000000001a5dc6c0, RBP=0x000000001a5dc800, RSI=0x00007ffa04dece50, RDI=0x000000001a5dc850
R8 =0x000000001a5dc250, R9 =0x00000000175314c8, R10=0x000000001a6d2b10, R11=0x0000000002d293f0
R12=0x00000000ffffff29, R13=0x0000000000000000, R14=0x00007ffa04decd10, R15=0x000000001a5ec9f0
RIP=0x00007ffa30507788, EFLAGS=0x0000000000000202

Top of Stack: (sp=0x000000001a5dc6c0)
0x000000001a5dc6c0:   03fd174ae1924cb8 00007ffa0759cd78
0x000000001a5dc6d0:   00007ffa04dece50 000000001a5dc850
0x000000001a5dc6e0:   00000001e06d7363 0000000000000000
0x000000001a5dc6f0:   00007ffa30507788 0000000000000004
0x000000001a5dc700:   0000000019930520 000000001a5dc850
0x000000001a5dc710:   00007ffa0759cd78 00007ffa07350000
0x000000001a5dc720:   0000000000000000 00000000ffffff29
0x000000001a5dc730:   000000001a5dc850 00007ffa04dece50
0x000000001a5dc740:   000000001a5dc800 00007ffa33d5c26f
0x000000001a5dc750:   000000001a5dc810 00007ffa00000000
0x000000001a5dc760:   000000001a5dc850 00007ffa111bd306
0x000000001a5dc770:   00007ffa075bf000 00007ffa07350000
0x000000001a5dc780:   00000f729565bfb9 00007ffa1123c4d0
0x000000001a5dc790:   00007ffa0759cd78 00007ffa111bef63
0x000000001a5dc7a0:   000000001a5dc850 00007ffa1118eb8d
0x000000001a5dc7b0:   00007ffa1123c4d0 00007ffa04dece50 

Instructions: (pc=0x00007ffa30507788)
0x00007ffa30507768:   49 8b d1 44 0f 47 c0 44 89 44 24 38 49 c1 e0 03
0x00007ffa30507778:   e8 07 55 06 00 48 8d 4c 24 20 ff 15 e0 08 13 00
0x00007ffa30507788:   48 8b 8c 24 c0 00 00 00 48 33 cc e8 98 1a 06 00
0x00007ffa30507798:   48 81 c4 d8 00 00 00 c3 83 64 24 38 00 eb d6 cc 


Register to memory mapping:

RAX=0x0000000000000000 is an unknown value
RBX=0x00007ffa0759cd78 is an unknown value
RCX=0x00000001000c8508 is pointing into metadata
RDX={method} {0x0000000016fe42d8} 'addClass' '(Ljava/lang/Class;)V' in 'java/lang/ClassLoader'
RSP=0x000000001a5dc6c0 is pointing into the stack for thread: 0x00000000194c1000
RBP=0x000000001a5dc800 is pointing into the stack for thread: 0x00000000194c1000
RSI=0x00007ffa04dece50 is an unknown value
RDI=0x000000001a5dc850 is pointing into the stack for thread: 0x00000000194c1000
R8 =0x000000001a5dc250 is pointing into the stack for thread: 0x00000000194c1000
R9 =0x00000000175314c8 is pointing into metadata
R10=0x000000001a6d2b10 is an unknown value
R11=0x0000000002d293f0 is an unknown value
R12=0x00000000ffffff29 is an unallocated location in the heap
R13=0x0000000000000000 is an unknown value
R14=0x00007ffa04decd10 is an unknown value
R15=0x000000001a5ec9f0 is pointing into the stack for thread: 0x00000000194c1000


Stack: [0x000000001a4f0000,0x000000001a5f0000],  sp=0x000000001a5dc6c0,  free space=945k
Native frames: (J=compiled Java code, j=interpreted, Vv=VM code, C=native code)
C  [KERNELBASE.dll+0x17788]
C  [MSVCR120.dll+0x5ef63]
C  [opencv_core320.dll+0x1a2c34]
C  [opencv_core320.dll+0x1a2d76]
C  [opencv_imgproc320.dll+0x1d755]
C  [jniopencv_imgproc.dll+0x1890c]
C  0x0000000002e55e34

Java frames: (J=compiled Java code, j=interpreted, Vv=VM code)
j  org.bytedeco.javacpp.opencv_imgproc.cvCanny(Lorg/bytedeco/javacpp/helper/opencv_core$CvArr;Lorg/bytedeco/javacpp/helper/opencv_core$CvArr;DDI)V+0
j  fenetres.Principal.jLabel3MouseClicked(Ljava/awt/event/MouseEvent;)V+68
j  fenetres.Principal.access$200(Lfenetres/Principal;Ljava/awt/event/MouseEvent;)V+2
j  fenetres.Principal$3.mouseClicked(Ljava/awt/event/MouseEvent;)V+5
j  java.awt.AWTEventMulticaster.mouseClicked(Ljava/awt/event/MouseEvent;)V+21
j  java.awt.Component.processMouseEvent(Ljava/awt/event/MouseEvent;)V+74
j  javax.swing.JComponent.processMouseEvent(Ljava/awt/event/MouseEvent;)V+23
j  java.awt.Component.processEvent(Ljava/awt/AWTEvent;)V+81
j  java.awt.Container.processEvent(Ljava/awt/AWTEvent;)V+18
J 1994 C1 java.awt.Component.dispatchEventImpl(Ljava/awt/AWTEvent;)V (883 bytes) @ 0x00000000034a0f5c [0x000000000349ba80+0x54dc]
J 1309 C1 java.awt.Container.dispatchEventImpl(Ljava/awt/AWTEvent;)V (129 bytes) @ 0x0000000003262c04 [0x0000000003262ac0+0x144]
J 1278 C1 java.awt.Component.dispatchEvent(Ljava/awt/AWTEvent;)V (6 bytes) @ 0x0000000003252a84 [0x0000000003252980+0x104]
j  java.awt.LightweightDispatcher.retargetMouseEvent(Ljava/awt/Component;ILjava/awt/event/MouseEvent;)V+327
j  java.awt.LightweightDispatcher.processMouseEvent(Ljava/awt/event/MouseEvent;)Z+171
j  java.awt.LightweightDispatcher.dispatchEvent(Ljava/awt/AWTEvent;)Z+50
J 1309 C1 java.awt.Container.dispatchEventImpl(Ljava/awt/AWTEvent;)V (129 bytes) @ 0x0000000003262ba4 [0x0000000003262ac0+0xe4]
j  java.awt.Window.dispatchEventImpl(Ljava/awt/AWTEvent;)V+19
J 1325 C1 java.awt.EventQueue.dispatchEventImpl(Ljava/awt/AWTEvent;Ljava/lang/Object;)V (149 bytes) @ 0x0000000003271afc [0x00000000032702c0+0x183c]
J 1323 C1 java.awt.EventQueue$3.run()Ljava/lang/Void; (60 bytes) @ 0x000000000326f6cc [0x000000000326f4c0+0x20c]
J 1322 C1 java.awt.EventQueue$3.run()Ljava/lang/Object; (5 bytes) @ 0x000000000326f14c [0x000000000326f0c0+0x8c]
v  ~StubRoutines::call_stub
J 1216  java.security.AccessController.doPrivileged(Ljava/security/PrivilegedAction;Ljava/security/AccessControlContext;)Ljava/lang/Object; (0 bytes) @ 0x000000000322ece6 [0x000000000322ec80+0x66]
J 2000 C1 java.awt.EventQueue$4.run()Ljava/lang/Object; (5 bytes) @ 0x000000000349152c [0x0000000003491100+0x42c]
v  ~StubRoutines::call_stub
J 1216  java.security.AccessController.doPrivileged(Ljava/security/PrivilegedAction;Ljava/security/AccessControlContext;)Ljava/lang/Object; (0 bytes) @ 0x000000000322ece6 [0x000000000322ec80+0x66]
J 1236 C1 java.awt.EventQueue.dispatchEvent(Ljava/awt/AWTEvent;)V (80 bytes) @ 0x00000000032396fc [0x0000000003238880+0xe7c]
J 1247 C1 java.awt.EventDispatchThread.pumpOneEventForFilters(I)V (295 bytes) @ 0x0000000003240264 [0x000000000323e700+0x1b64]
j  java.awt.EventDispatchThread.pumpEventsForFilter(ILjava/awt/Conditional;Ljava/awt/EventFilter;)V+35
j  java.awt.EventDispatchThread.pumpEventsForHierarchy(ILjava/awt/Conditional;Ljava/awt/Component;)V+11
j  java.awt.EventDispatchThread.pumpEvents(ILjava/awt/Conditional;)V+4
j  java.awt.EventDispatchThread.pumpEvents(Ljava/awt/Conditional;)V+3
j  java.awt.EventDispatchThread.run()V+9
v  ~StubRoutines::call_stub

---------------  P R O C E S S  ---------------

Java Threads: ( => current thread )
  0x000000001d474000 JavaThread "Image Fetcher 0" daemon [_thread_blocked, id=10244, stack(0x000000001e910000,0x000000001ea10000)]
  0x000000001a6b5000 JavaThread "JavaCPP Deallocator" daemon [_thread_blocked, id=12644, stack(0x000000001e110000,0x000000001e210000)]
  0x000000001a734000 JavaThread "Swing-Shell" daemon [_thread_blocked, id=12256, stack(0x000000001b830000,0x000000001b930000)]
  0x000000001a74b800 JavaThread "TimerQueue" daemon [_thread_blocked, id=15600, stack(0x000000001b730000,0x000000001b830000)]
  0x0000000002d45800 JavaThread "DestroyJavaVM" [_thread_blocked, id=5008, stack(0x0000000002b60000,0x0000000002c60000)]
=>0x00000000194c1000 JavaThread "AWT-EventQueue-0" [_thread_in_native, id=8388, stack(0x000000001a4f0000,0x000000001a5f0000)]
  0x000000001975e000 JavaThread "AWT-Windows" daemon [_thread_in_native, id=11004, stack(0x0000000019d30000,0x0000000019e30000)]
  0x000000001975b000 JavaThread "AWT-Shutdown" [_thread_blocked, id=6460, stack(0x0000000019c30000,0x0000000019d30000)]
  0x000000001975a800 JavaThread "Java2D Disposer" daemon [_thread_blocked, id=5368, stack(0x0000000019b30000,0x0000000019c30000)]
  0x0000000019401000 JavaThread "Service Thread" daemon [_thread_blocked, id=5076, stack(0x00000000197d0000,0x00000000198d0000)]
  0x000000001797f000 JavaThread "C1 CompilerThread2" daemon [_thread_blocked, id=9664, stack(0x00000000192d0000,0x00000000193d0000)]
  0x0000000017978000 JavaThread "C2 CompilerThread1" daemon [_thread_blocked, id=7000, stack(0x00000000191d0000,0x00000000192d0000)]
  0x0000000017976000 JavaThread "C2 CompilerThread0" daemon [_thread_blocked, id=14904, stack(0x00000000190d0000,0x00000000191d0000)]
  0x0000000017974000 JavaThread "Attach Listener" daemon [_thread_blocked, id=10652, stack(0x0000000018fd0000,0x00000000190d0000)]
  0x0000000017972800 JavaThread "Signal Dispatcher" daemon [_thread_blocked, id=8180, stack(0x0000000018ed0000,0x0000000018fd0000)]
  0x0000000002e3b800 JavaThread "Finalizer" daemon [_thread_blocked, id=15052, stack(0x0000000018bc0000,0x0000000018cc0000)]
  0x0000000017938800 JavaThread "Reference Handler" daemon [_thread_blocked, id=14032, stack(0x0000000018ac0000,0x0000000018bc0000)]

Other Threads:
  0x0000000017937000 VMThread [stack: 0x00000000189c0000,0x0000000018ac0000] [id=2680]
  0x0000000019428000 WatcherThread [stack: 0x00000000198d0000,0x00000000199d0000] [id=10552]

VM state:not at safepoint (normal execution)

VM Mutex/Monitor currently owned by a thread: None

Heap:
 PSYoungGen      total 38400K, used 29305K [0x00000000d5f00000, 0x00000000d8980000, 0x0000000100000000)
  eden space 33280K, 74% used [0x00000000d5f00000,0x00000000d773b808,0x00000000d7f80000)
  from space 5120K, 87% used [0x00000000d7f80000,0x00000000d83e2fc8,0x00000000d8480000)
  to   space 5120K, 0% used [0x00000000d8480000,0x00000000d8480000,0x00000000d8980000)
 ParOldGen       total 87552K, used 5673K [0x0000000081c00000, 0x0000000087180000, 0x00000000d5f00000)
  object space 87552K, 6% used [0x0000000081c00000,0x000000008218a6f8,0x0000000087180000)
 Metaspace       used 17500K, capacity 17706K, committed 17920K, reserved 1064960K
  class space    used 2172K, capacity 2252K, committed 2304K, reserved 1048576K

Card table byte_map: [0x0000000012200000,0x0000000012600000] byte_map_base: 0x0000000011df2000

Marking Bits: (ParMarkBitMap*) 0x00000000589fa5b0
 Begin Bits: [0x0000000012cb0000, 0x0000000014c40000)
 End Bits:   [0x0000000014c40000, 0x0000000016bd0000)

Polling page: 0x0000000002c60000

CodeCache: size=245760Kb used=6559Kb max_used=6559Kb free=239200Kb
 bounds [0x0000000002e40000, 0x00000000034b0000, 0x0000000011e40000]
 total_blobs=2615 nmethods=2003 adapters=523
 compilation: enabled

Compilation events (10 events):
Event: 11.144 Thread 0x000000001797f000 1999   !   3       java.awt.EventQueue::wakeup (79 bytes)
Event: 11.144 Thread 0x000000001797f000 nmethod 1999 0x0000000003491c50 code [0x0000000003491e60, 0x00000000034926d8]
Event: 11.246 Thread 0x000000001797f000 2000       3       java.awt.EventQueue$4::run (5 bytes)
Event: 11.246 Thread 0x000000001797f000 nmethod 2000 0x0000000003490f10 code [0x0000000003491100, 0x00000000034917b8]
Event: 11.246 Thread 0x000000001797f000 2001       3       java.awt.EventQueue$4::run (19 bytes)
Event: 11.247 Thread 0x000000001797f000 nmethod 2001 0x0000000003490310 code [0x0000000003490500, 0x0000000003490b38]
Event: 11.271 Thread 0x000000001797f000 2002       3       sun.awt.windows.WGlobalCursorManager::nativeUpdateCursor (8 bytes)
Event: 11.271 Thread 0x000000001797f000 nmethod 2002 0x000000000348f290 code [0x000000000348f4a0, 0x000000000348fde8]
Event: 11.271 Thread 0x000000001797f000 2003       3       sun.awt.GlobalCursorManager::updateCursorLater (23 bytes)
Event: 11.272 Thread 0x000000001797f000 nmethod 2003 0x00000000034abe90 code [0x00000000034ac060, 0x00000000034ac718]

GC Heap History (2 events):
Event: 7.973 GC heap before
{Heap before GC invocations=1 (full 0):
 PSYoungGen      total 38400K, used 33280K [0x00000000d5f00000, 0x00000000d8980000, 0x0000000100000000)
  eden space 33280K, 100% used [0x00000000d5f00000,0x00000000d7f80000,0x00000000d7f80000)
  from space 5120K, 0% used [0x00000000d8480000,0x00000000d8480000,0x00000000d8980000)
  to   space 5120K, 0% used [0x00000000d7f80000,0x00000000d7f80000,0x00000000d8480000)
 ParOldGen       total 87552K, used 0K [0x0000000081c00000, 0x0000000087180000, 0x00000000d5f00000)
  object space 87552K, 0% used [0x0000000081c00000,0x0000000081c00000,0x0000000087180000)
 Metaspace       used 16013K, capacity 16266K, committed 16512K, reserved 1062912K
  class space    used 2000K, capacity 2092K, committed 2176K, reserved 1048576K
Event: 7.981 GC heap after
Heap after GC invocations=1 (full 0):
 PSYoungGen      total 38400K, used 4491K [0x00000000d5f00000, 0x00000000d8980000, 0x0000000100000000)
  eden space 33280K, 0% used [0x00000000d5f00000,0x00000000d5f00000,0x00000000d7f80000)
  from space 5120K, 87% used [0x00000000d7f80000,0x00000000d83e2fc8,0x00000000d8480000)
  to   space 5120K, 0% used [0x00000000d8480000,0x00000000d8480000,0x00000000d8980000)
 ParOldGen       total 87552K, used 5673K [0x0000000081c00000, 0x0000000087180000, 0x00000000d5f00000)
  object space 87552K, 6% used [0x0000000081c00000,0x000000008218a6f8,0x0000000087180000)
 Metaspace       used 16013K, capacity 16266K, committed 16512K, reserved 1062912K
  class space    used 2000K, capacity 2092K, committed 2176K, reserved 1048576K
}

Deoptimization events (10 events):
Event: 2.724 Thread 0x00000000194c1000 Uncommon trap: reason=unstable_if action=reinterpret pc=0x000000000314dc24 method=java.util.Hashtable.get(Ljava/lang/Object;)Ljava/lang/Object; @ 48
Event: 2.890 Thread 0x00000000194c1000 Uncommon trap: reason=class_check action=maybe_recompile pc=0x000000000307199c method=java.util.HashMap.putVal(ILjava/lang/Object;Ljava/lang/Object;ZZ)Ljava/lang/Object; @ 203
Event: 2.890 Thread 0x00000000194c1000 Uncommon trap: reason=class_check action=maybe_recompile pc=0x000000000307199c method=java.util.HashMap.putVal(ILjava/lang/Object;Ljava/lang/Object;ZZ)Ljava/lang/Object; @ 203
Event: 2.890 Thread 0x00000000194c1000 Uncommon trap: reason=class_check action=maybe_recompile pc=0x000000000307199c method=java.util.HashMap.putVal(ILjava/lang/Object;Ljava/lang/Object;ZZ)Ljava/lang/Object; @ 203
Event: 2.890 Thread 0x00000000194c1000 Uncommon trap: reason=class_check action=maybe_recompile pc=0x000000000307199c method=java.util.HashMap.putVal(ILjava/lang/Object;Ljava/lang/Object;ZZ)Ljava/lang/Object; @ 203
Event: 7.834 Thread 0x00000000194c1000 Uncommon trap: reason=unstable_if action=reinterpret pc=0x00000000030d1940 method=java.util.HashMap.getNode(ILjava/lang/Object;)Ljava/util/HashMap$Node; @ 62
Event: 7.834 Thread 0x00000000194c1000 Uncommon trap: reason=unstable_if action=reinterpret pc=0x00000000031d7994 method=java.util.HashMap.putVal(ILjava/lang/Object;Ljava/lang/Object;ZZ)Ljava/lang/Object; @ 94
Event: 7.834 Thread 0x00000000194c1000 Uncommon trap: reason=unstable_if action=reinterpret pc=0x00000000030618b8 method=java.util.HashMap.getNode(ILjava/lang/Object;)Ljava/util/HashMap$Node; @ 62
Event: 7.982 Thread 0x00000000194c1000 Uncommon trap: reason=unstable_if action=reinterpret pc=0x0000000003258940 method=java.lang.ref.SoftReference.get()Ljava/lang/Object; @ 17
Event: 8.062 Thread 0x00000000194c1000 Uncommon trap: reason=unstable_if action=reinterpret pc=0x00000000030c7510 method=java.lang.ThreadLocal$ThreadLocalMap.getEntry(Ljava/lang/ThreadLocal;)Ljava/lang/ThreadLocal$ThreadLocalMap$Entry; @ 21

Internal exceptions (10 events):
Event: 8.237 Thread 0x00000000194c1000 Exception <a 'java/security/PrivilegedActionException'> (0x00000000d6a79008) thrown at [C:\workspace\8-2-build-windows-amd64-cygwin\jdk8u65\4987\hotspot\src\share\vm\prims\jvm.cpp, line 1386]
Event: 8.237 Thread 0x00000000194c1000 Exception <a 'java/security/PrivilegedActionException'> (0x00000000d6a79400) thrown at [C:\workspace\8-2-build-windows-amd64-cygwin\jdk8u65\4987\hotspot\src\share\vm\prims\jvm.cpp, line 1386]
Event: 8.237 Thread 0x00000000194c1000 Exception <a 'java/security/PrivilegedActionException'> (0x00000000d6a7ad60) thrown at [C:\workspace\8-2-build-windows-amd64-cygwin\jdk8u65\4987\hotspot\src\share\vm\prims\jvm.cpp, line 1386]
Event: 8.237 Thread 0x00000000194c1000 Exception <a 'java/security/PrivilegedActionException'> (0x00000000d6a7b158) thrown at [C:\workspace\8-2-build-windows-amd64-cygwin\jdk8u65\4987\hotspot\src\share\vm\prims\jvm.cpp, line 1386]
Event: 8.237 Thread 0x00000000194c1000 Exception <a 'java/security/PrivilegedActionException'> (0x00000000d6a7cab8) thrown at [C:\workspace\8-2-build-windows-amd64-cygwin\jdk8u65\4987\hotspot\src\share\vm\prims\jvm.cpp, line 1386]
Event: 8.237 Thread 0x00000000194c1000 Exception <a 'java/security/PrivilegedActionException'> (0x00000000d6a7ceb0) thrown at [C:\workspace\8-2-build-windows-amd64-cygwin\jdk8u65\4987\hotspot\src\share\vm\prims\jvm.cpp, line 1386]
Event: 8.237 Thread 0x00000000194c1000 Exception <a 'java/security/PrivilegedActionException'> (0x00000000d6a7e8d8) thrown at [C:\workspace\8-2-build-windows-amd64-cygwin\jdk8u65\4987\hotspot\src\share\vm\prims\jvm.cpp, line 1386]
Event: 8.237 Thread 0x00000000194c1000 Exception <a 'java/security/PrivilegedActionException'> (0x00000000d6a7ecd0) thrown at [C:\workspace\8-2-build-windows-amd64-cygwin\jdk8u65\4987\hotspot\src\share\vm\prims\jvm.cpp, line 1386]
Event: 8.237 Thread 0x00000000194c1000 Exception <a 'java/security/PrivilegedActionException'> (0x00000000d6a80650) thrown at [C:\workspace\8-2-build-windows-amd64-cygwin\jdk8u65\4987\hotspot\src\share\vm\prims\jvm.cpp, line 1386]
Event: 8.237 Thread 0x00000000194c1000 Exception <a 'java/security/PrivilegedActionException'> (0x00000000d6a80a48) thrown at [C:\workspace\8-2-build-windows-amd64-cygwin\jdk8u65\4987\hotspot\src\share\vm\prims\jvm.cpp, line 1386]

Events (10 events):
Event: 8.406 Executing VM operation: RevokeBias
Event: 8.406 Executing VM operation: RevokeBias done
Event: 10.449 Executing VM operation: RevokeBias
Event: 10.449 Executing VM operation: RevokeBias done
Event: 10.449 Executing VM operation: RevokeBias
Event: 10.449 Executing VM operation: RevokeBias done
Event: 10.449 Executing VM operation: RevokeBias
Event: 10.449 Executing VM operation: RevokeBias done
Event: 10.452 Executing VM operation: RevokeBias
Event: 10.452 Executing VM operation: RevokeBias done


Dynamic libraries:
0x00007ff717540000 - 0x00007ff717577000 	C:\Program Files\Java\jdk1.8.0_65\bin\java.exe
0x00007ffa33d10000 - 0x00007ffa33ee1000 	C:\WINDOWS\SYSTEM32\ntdll.dll
0x00007ffa33290000 - 0x00007ffa3333b000 	C:\WINDOWS\System32\KERNEL32.DLL
0x00007ffa304f0000 - 0x00007ffa3070d000 	C:\WINDOWS\System32\KERNELBASE.dll
0x00007ffa32e40000 - 0x00007ffa32ee2000 	C:\WINDOWS\System32\ADVAPI32.dll
0x00007ffa33920000 - 0x00007ffa339be000 	C:\WINDOWS\System32\msvcrt.dll
0x00007ffa338c0000 - 0x00007ffa33919000 	C:\WINDOWS\System32\sechost.dll
0x00007ffa31700000 - 0x00007ffa31821000 	C:\WINDOWS\System32\RPCRT4.dll
0x00007ffa336e0000 - 0x00007ffa33845000 	C:\WINDOWS\System32\USER32.dll
0x00007ffa302d0000 - 0x00007ffa302ee000 	C:\WINDOWS\System32\win32u.dll
0x00007ffa32ef0000 - 0x00007ffa32f24000 	C:\WINDOWS\System32\GDI32.dll
0x00007ffa31110000 - 0x00007ffa31292000 	C:\WINDOWS\System32\gdi32full.dll
0x00007ffa293d0000 - 0x00007ffa2964a000 	C:\WINDOWS\WinSxS\amd64_microsoft.windows.common-controls_6595b64144ccf1df_6.0.14393.953_none_42151e83c686086b\COMCTL32.dll
0x00007ffa333e0000 - 0x00007ffa336a8000 	C:\WINDOWS\System32\combase.dll
0x00007ffa302f0000 - 0x00007ffa303e5000 	C:\WINDOWS\System32\ucrtbase.dll
0x00007ffa30260000 - 0x00007ffa302ca000 	C:\WINDOWS\System32\bcryptPrimitives.dll
0x00007ffa336b0000 - 0x00007ffa336de000 	C:\WINDOWS\System32\IMM32.DLL
0x0000000058110000 - 0x00000000581e2000 	C:\Program Files\Java\jdk1.8.0_65\jre\bin\msvcr100.dll
0x00000000581f0000 - 0x0000000058a79000 	C:\Program Files\Java\jdk1.8.0_65\jre\bin\server\jvm.dll
0x00007ffa312a0000 - 0x00007ffa312a8000 	C:\WINDOWS\System32\PSAPI.DLL
0x00007ffa21c40000 - 0x00007ffa21c49000 	C:\WINDOWS\SYSTEM32\WSOCK32.dll
0x00007ffa2dea0000 - 0x00007ffa2dec3000 	C:\WINDOWS\SYSTEM32\WINMM.dll
0x00007ffa33a90000 - 0x00007ffa33afa000 	C:\WINDOWS\System32\WS2_32.dll
0x00007ffa22f20000 - 0x00007ffa22f2a000 	C:\WINDOWS\SYSTEM32\VERSION.dll
0x00007ffa2de70000 - 0x00007ffa2de9b000 	C:\WINDOWS\SYSTEM32\WINMMBASE.dll
0x00007ffa304a0000 - 0x00007ffa304e2000 	C:\WINDOWS\System32\cfgmgr32.dll
0x00000000580c0000 - 0x00000000580cf000 	C:\Program Files\Java\jdk1.8.0_65\jre\bin\verify.dll
0x0000000058090000 - 0x00000000580b9000 	C:\Program Files\Java\jdk1.8.0_65\jre\bin\java.dll
0x0000000058070000 - 0x0000000058086000 	C:\Program Files\Java\jdk1.8.0_65\jre\bin\zip.dll
0x00007ffa31930000 - 0x00007ffa32e39000 	C:\WINDOWS\System32\SHELL32.dll
0x00007ffa30860000 - 0x00007ffa30f3a000 	C:\WINDOWS\System32\windows.storage.dll
0x00007ffa301a0000 - 0x00007ffa301ec000 	C:\WINDOWS\System32\powrprof.dll
0x00007ffa330f0000 - 0x00007ffa33142000 	C:\WINDOWS\System32\shlwapi.dll
0x00007ffa30190000 - 0x00007ffa3019f000 	C:\WINDOWS\System32\kernel.appcore.dll
0x00007ffa303f0000 - 0x00007ffa30499000 	C:\WINDOWS\System32\shcore.dll
0x00007ffa30170000 - 0x00007ffa30184000 	C:\WINDOWS\System32\profapi.dll
0x0000000057e90000 - 0x0000000058028000 	C:\Program Files\Java\jdk1.8.0_65\jre\bin\awt.dll
0x00007ffa339d0000 - 0x00007ffa33a8f000 	C:\WINDOWS\System32\OLEAUT32.dll
0x00007ffa30710000 - 0x00007ffa307ac000 	C:\WINDOWS\System32\msvcp_win.dll
0x00007ffa2e610000 - 0x00007ffa2e68a000 	C:\WINDOWS\SYSTEM32\apphelp.dll
0x00007ffa2e970000 - 0x00007ffa2ea05000 	C:\WINDOWS\system32\uxtheme.dll
0x00007ffa32f90000 - 0x00007ffa330ea000 	C:\WINDOWS\System32\MSCTF.dll
0x00007ffa2d3f0000 - 0x00007ffa2d416000 	C:\WINDOWS\system32\dwmapi.dll
0x00007ffa33150000 - 0x00007ffa33287000 	C:\WINDOWS\System32\ole32.dll
0x0000000057e40000 - 0x0000000057e87000 	C:\Program Files\Java\jdk1.8.0_65\jre\bin\fontmanager.dll
0x0000000058050000 - 0x000000005806a000 	C:\Program Files\Java\jdk1.8.0_65\jre\bin\net.dll
0x00007ffa2fa40000 - 0x00007ffa2fa9c000 	C:\WINDOWS\system32\mswsock.dll
0x0000000058030000 - 0x0000000058041000 	C:\Program Files\Java\jdk1.8.0_65\jre\bin\nio.dll
0x0000000057df0000 - 0x0000000057e32000 	C:\Program Files\Java\jdk1.8.0_65\jre\bin\t2k.dll
0x00007ffa1bec0000 - 0x00007ffa1bf6c000 	C:\WINDOWS\WinSxS\amd64_microsoft.windows.common-controls_6595b64144ccf1df_5.82.14393.447_none_0d5aa7fbb6d35646\comctl32.dll
0x00007ffa33340000 - 0x00007ffa333df000 	C:\WINDOWS\System32\clbcatq.dll
0x00007ffa2d730000 - 0x00007ffa2d8b5000 	C:\WINDOWS\system32\propsys.dll
0x00007ffa219b0000 - 0x00007ffa21ad7000 	C:\WINDOWS\system32\NetworkExplorer.dll
0x00007ffa1c0a0000 - 0x00007ffa1c405000 	C:\Windows\System32\ActXPrxy.dll
0x00007ffa2a1a0000 - 0x00007ffa2a348000 	C:\WINDOWS\SYSTEM32\WindowsCodecs.dll
0x00007ffa28da0000 - 0x00007ffa28df3000 	C:\Windows\System32\thumbcache.dll
0x00007ffa2b380000 - 0x00007ffa2b3c3000 	C:\WINDOWS\SYSTEM32\policymanager.dll
0x00007ffa2ec10000 - 0x00007ffa2eca1000 	C:\WINDOWS\SYSTEM32\msvcp110_win.dll
0x00007ffa20a70000 - 0x00007ffa20a8b000 	C:\WINDOWS\SYSTEM32\MPR.dll
0x00007ffa28f10000 - 0x00007ffa28f26000 	C:\WINDOWS\System32\ntlanman.dll
0x00007ffa2c1f0000 - 0x00007ffa2c1fb000 	C:\WINDOWS\System32\drprov.dll
0x00007ffa30040000 - 0x00007ffa30096000 	C:\WINDOWS\System32\WINSTA.dll
0x00007ffa222b0000 - 0x00007ffa222d0000 	C:\WINDOWS\System32\davclnt.dll
0x00007ffa2b690000 - 0x00007ffa2b69c000 	C:\WINDOWS\System32\DAVHLPR.dll
0x00007ffa2bd40000 - 0x00007ffa2bd56000 	C:\WINDOWS\System32\wkscli.dll
0x00007ffa300b0000 - 0x00007ffa300db000 	C:\WINDOWS\System32\bcrypt.dll
0x00007ffa1e410000 - 0x00007ffa1e422000 	C:\WINDOWS\SYSTEM32\cscapi.dll
0x00007ffa2f8b0000 - 0x00007ffa2f8bd000 	C:\WINDOWS\System32\netutils.dll
0x00007ffa2a9b0000 - 0x00007ffa2a9fd000 	C:\Windows\System32\dlnashext.dll
0x00007ffa1d050000 - 0x00007ffa1d0c0000 	C:\Windows\System32\PlayToDevice.dll
0x00007ffa24050000 - 0x00007ffa2406e000 	C:\Windows\System32\DevDispItemProvider.dll
0x00007ffa2c2f0000 - 0x00007ffa2c361000 	C:\WINDOWS\System32\MMDevApi.dll
0x00007ffa2ed30000 - 0x00007ffa2ed58000 	C:\WINDOWS\System32\DEVOBJ.dll
0x00007ff9fe940000 - 0x00007ff9feb3f000 	C:\WINDOWS\system32\wpdshext.dll
0x00007ffa1bd20000 - 0x00007ffa1beba000 	C:\WINDOWS\WinSxS\amd64_microsoft.windows.gdiplus_6595b64144ccf1df_1.1.14393.953_none_7300116921188239\gdiplus.dll
0x00007ffa2d4c0000 - 0x00007ffa2d55e000 	C:\Windows\System32\PortableDeviceApi.dll
0x00007ffa312d0000 - 0x00007ffa316f9000 	C:\WINDOWS\System32\SETUPAPI.dll
0x00007ffa30200000 - 0x00007ffa30255000 	C:\WINDOWS\System32\WINTRUST.dll
0x00007ffa301f0000 - 0x00007ffa30200000 	C:\WINDOWS\System32\MSASN1.dll
0x00007ffa30f40000 - 0x00007ffa31109000 	C:\WINDOWS\System32\CRYPT32.dll
0x00007ffa283e0000 - 0x00007ffa28412000 	C:\Windows\System32\PortableDeviceTypes.dll
0x00007ffa24380000 - 0x00007ffa243b6000 	C:\Windows\System32\EhStorShell.dll
0x00007ffa2b5e0000 - 0x00007ffa2b605000 	C:\Windows\System32\EhStorAPI.dll
0x00007ffa2d200000 - 0x00007ffa2d213000 	C:\Windows\System32\WTSAPI32.dll
0x00007ffa23d60000 - 0x00007ffa23d70000 	C:\WINDOWS\SYSTEM32\LINKINFO.dll
0x00007ffa2dfb0000 - 0x00007ffa2dfbc000 	C:\WINDOWS\SYSTEM32\Secur32.dll
0x00007ffa2fdd0000 - 0x00007ffa2fdfc000 	C:\WINDOWS\SYSTEM32\SSPICLI.DLL
0x00007ffa2a630000 - 0x00007ffa2a649000 	C:\WINDOWS\SYSTEM32\samcli.dll
0x00007ffa2d430000 - 0x00007ffa2d453000 	C:\WINDOWS\SYSTEM32\SAMLIB.dll
0x00007ffa2c640000 - 0x00007ffa2c689000 	C:\WINDOWS\system32\dataexchange.dll
0x00007ffa2d9f0000 - 0x00007ffa2db41000 	C:\WINDOWS\system32\dcomp.dll
0x00007ffa26dd0000 - 0x00007ffa27086000 	C:\WINDOWS\system32\d3d11.dll
0x00007ffa2f090000 - 0x00007ffa2f12f000 	C:\WINDOWS\system32\dxgi.dll
0x00007ffa2eaf0000 - 0x00007ffa2ec0c000 	C:\WINDOWS\system32\twinapi.appcore.dll
0x00007ffa11250000 - 0x00007ffa11462000 	C:\Users\polina\AppData\Local\Microsoft\OneDrive\17.3.6798.0207\amd64\FileSyncShell64.dll
0x00007ffa2ba70000 - 0x00007ffa2ba8f000 	C:\Users\polina\AppData\Local\Microsoft\OneDrive\17.3.6798.0207\amd64\LoggingPlatform64.DLL
0x00007ffa11160000 - 0x00007ffa1124f000 	C:\Users\polina\AppData\Local\Microsoft\OneDrive\17.3.6798.0207\amd64\MSVCR120.dll
0x00007ffa16990000 - 0x00007ffa16a36000 	C:\Users\polina\AppData\Local\Microsoft\OneDrive\17.3.6798.0207\amd64\MSVCP120.dll
0x00007ffa258a0000 - 0x00007ffa25b6a000 	C:\WINDOWS\SYSTEM32\WININET.dll
0x00007ffa2cd70000 - 0x00007ffa2cd7f000 	C:\WINDOWS\SYSTEM32\AcSignIcon.dll
0x00007ffa22fa0000 - 0x00007ffa23074000 	C:\WINDOWS\SYSTEM32\MSVCR110.dll
0x00007ffa10bf0000 - 0x00007ffa11155000 	C:\WINDOWS\SYSTEM32\mfc110u.dll
0x00007ffa2ba60000 - 0x00007ffa2ba68000 	C:\Program Files (x86)\Internet Download Manager\IDMShellExt64.dll
0x0000000059420000 - 0x000000005943d000 	C:\PROGRA~1\MICROS~1\Office12\MSOHEVI.DLL
0x000000005a300000 - 0x000000005a3c9000 	C:\WINDOWS\WinSxS\amd64_microsoft.vc80.crt_1fc8b3b9a1e18e3b_8.0.50727.9268_none_88e0de612fadfb38\MSVCR80.dll
0x00007ffa281a0000 - 0x00007ffa28362000 	C:\Windows\System32\urlmon.dll
0x00007ffa28510000 - 0x00007ffa287b2000 	C:\Windows\System32\iertutil.dll
0x00007ffa1a440000 - 0x00007ffa1a52f000 	C:\Users\polina\.javacpp\cache\opencv-3.2.0-1.3-windows-x86_64.jar\org\bytedeco\javacpp\windows-x86_64\msvcr120.dll
0x00007ffa1a390000 - 0x00007ffa1a436000 	C:\Users\polina\.javacpp\cache\opencv-3.2.0-1.3-windows-x86_64.jar\org\bytedeco\javacpp\windows-x86_64\msvcp120.dll
0x00007ffa07350000 - 0x00007ffa075d8000 	C:\Users\polina\.javacpp\cache\opencv-3.2.0-1.3-windows-x86_64.jar\org\bytedeco\javacpp\windows-x86_64\opencv_core320.dll
0x00007ffa04bf0000 - 0x00007ffa04f52000 	C:\Users\polina\.javacpp\cache\opencv-3.2.0-1.3-windows-x86_64.jar\org\bytedeco\javacpp\windows-x86_64\opencv_imgproc320.dll
0x00007ffa07100000 - 0x00007ffa0734a000 	C:\Users\polina\.javacpp\cache\opencv-3.2.0-1.3-windows-x86_64.jar\org\bytedeco\javacpp\windows-x86_64\jniopencv_core.dll
0x00007ffa103e0000 - 0x00007ffa104d0000 	C:\Users\polina\.javacpp\cache\opencv-3.2.0-1.3-windows-x86_64.jar\org\bytedeco\javacpp\windows-x86_64\jniopencv_imgproc.dll
0x00007ffa04920000 - 0x00007ffa04bea000 	C:\Users\polina\.javacpp\cache\opencv-3.2.0-1.3-windows-x86_64.jar\org\bytedeco\javacpp\windows-x86_64\opencv_imgcodecs320.dll
0x00007ffa1aed0000 - 0x00007ffa1aef5000 	C:\Users\polina\.javacpp\cache\opencv-3.2.0-1.3-windows-x86_64.jar\org\bytedeco\javacpp\windows-x86_64\jniopencv_imgcodecs.dll
0x0000000055bb0000 - 0x0000000055be1000 	C:\Program Files\Java\jdk1.8.0_65\jre\bin\jpeg.dll
0x00007ffa2c690000 - 0x00007ffa2c822000 	C:\WINDOWS\SYSTEM32\dbghelp.dll

VM Arguments:
java_command: com.talcorp.pfe.LanceurApplication
java_class_path (initial): C:\Users\polina\Documents\NetBeansProjects\PFE_Reconnaissance\target\classes;C:\Users\polina\.m2\repository\org\openpnp\opencv\3.2.0-1\opencv-3.2.0-1.jar;C:\Users\polina\.m2\repository\org\bytedeco\javacv\1.3.2\javacv-1.3.2.jar;C:\Users\polina\.m2\repository\org\bytedeco\javacpp\1.3.2\javacpp-1.3.2.jar;C:\Users\polina\.m2\repository\org\bytedeco\javacpp-presets\opencv\3.2.0-1.3\opencv-3.2.0-1.3.jar;C:\Users\polina\.m2\repository\org\bytedeco\javacpp-presets\ffmpeg\3.2.1-1.3\ffmpeg-3.2.1-1.3.jar;C:\Users\polina\.m2\repository\org\bytedeco\javacpp-presets\flycapture\2.9.3.43-1.3\flycapture-2.9.3.43-1.3.jar;C:\Users\polina\.m2\repository\org\bytedeco\javacpp-presets\libdc1394\2.2.4-1.3\libdc1394-2.2.4-1.3.jar;C:\Users\polina\.m2\repository\org\bytedeco\javacpp-presets\libfreenect\0.5.3-1.3\libfreenect-0.5.3-1.3.jar;C:\Users\polina\.m2\repository\org\bytedeco\javacpp-presets\libfreenect2\0.2.0-1.3\libfreenect2-0.2.0-1.3.jar;C:\Users\polina\.m2\repository\org\bytedeco\javacpp-presets\librealsense\1.9.6-1.3\librealsense-1.9.6-1.3.jar;C:\Users\polina\.m2\repository\org\bytedeco\javacpp-presets\videoinput\0.200-1.3\videoinput-0.200-1.3.jar;C:\Users\polina\.m2\repository\org\bytedeco\javacpp-presets\artoolkitplus\2.3.1-1.3\artoolkitplus-2.3.1-1.3.jar;C:\Users\polina\.m2\repository\org\bytedeco\javacpp-presets\flandmark\1.07-1.3\flandmark-1.07-1.3.jar;C:\Users\polina\.m2\repository\org\bytedeco\javacv-platform\1.3.2\javacv-platform-1.3.2.jar;C:\Users\polina\.m2\repository\org\bytedeco\javacpp-presets\opencv-platform\3.2.0-1.3\opencv-platform-3.2.0-1.3.jar;C:\Users\polina\.m2\repository\org\bytedeco\javacpp-presets\opencv\3.2.0-1.3\opencv-3.2.0-1.3-android-arm.jar;C:\Users\polina\.m2\repository\org\bytedeco\javacpp-presets\opencv\3.2.0-1.3\opencv-3.2.0-1.3-android-x86.jar;C:\Users\polina\.m2\repository\org\bytedeco\javacpp-presets\opencv\3.2.0-1.3\opencv-3.2.0-1.3-linux-x86.jar;C:\Users\polina\.m2\repository\org\bytedeco\javacpp-presets\opencv\3.2.
Launcher Type: SUN_STANDARD

Environment Variables:
JAVA_HOME=C:\Program Files\Java\jdk1.8.0_65
CLASSPATH=.;C:\Program Files (x86)\Java\jre6\lib\ext\QTJava.zip;D:\Java\JDBC\mysql-connector-java-5.1.38-bin;C:\apache-ant-1.9.7-bin\apache-ant-1.9.7\bin
PATH=C:\oraclexe\app\oracle\product\11.2.0\server\bin;;D:\Borland\Delphi7\Bin;D:\Borland\Delphi7\Projects\Bpl\;d:\Program Files (x86)\CollabNet;d:\Embarcadero\RAD Studio\12.0\bin;C:\Users\Public\Documents\RAD Studio\12.0\Bpl;d:\Embarcadero\RAD Studio\12.0\bin64;C:\Users\Public\Documents\RAD Studio\12.0\Bpl\Win64;C:\ProgramData\Oracle\Java\javapath;C:\Program Files (x86)\Intel\iCLS Client\;C:\Program Files\Intel\iCLS Client\;C:\WINDOWS\system32;C:\WINDOWS;C:\WINDOWS\System32\Wbem;C:\WINDOWS\System32\WindowsPowerShell\v1.0\;C:\Program Files\Intel\Intel(R) Management Engine Components\DAL;C:\Program Files\Intel\Intel(R) Management Engine Components\IPT;C:\Program Files (x86)\Intel\Intel(R) Management Engine Components\DAL;C:\Program Files (x86)\Intel\Intel(R) Management Engine Components\IPT;C:\Program Files (x86)\QuickTime\QTSystem\;C:\Program Files\Microsoft SQL Server\110\Tools\Binn\;C:\Program Files\Microsoft SQL Server\120\Tools\Binn\;C:\Program Files (x86)\CMake\bin;C:\Program Files (x86)\Windows Kits\8.1\Windows Performance Toolkit\;C:\Program Files (x86)\Microsoft SDKs\TypeScript\1.0\;C:\Program Files\nodejs\;C:\Program Files (x86)\NVIDIA Corporation\PhysX\Common;C:\Program Files\MySQL\MySQL Server 5.0\bin;C:\WINDOWS\system32;C:\WINDOWS;C:\WINDOWS\System32\Wbem;C:\WINDOWS\System32\WindowsPowerShell\v1.0\;C:\apache-ant-1.9.7-bin\apache-ant-1.9.7\bin;C:\Program Files\Condusiv Technologies\ExpressCache\;D:\Borland\Embarcadero\RAD Studio\12.0\Bpl;C:\Users\Public\Documents\RAD Studio\12.0\Bpl;C:\Users\polina\AppData\Roaming\npm;C:\apache-maven-3.3.9\bin;"C:\ant 197\bin"
USERNAME=Taleb
OS=Windows_NT
PROCESSOR_IDENTIFIER=Intel64 Family 6 Model 69 Stepping 1, GenuineIntel



---------------  S Y S T E M  ---------------

OS: Windows 10.0 , 64 bit Build 14393 (10.0.14393.0)

CPU:total 4 (2 cores per cpu, 2 threads per core) family 6 model 69 stepping 1, cmov, cx8, fxsr, mmx, sse, sse2, sse3, ssse3, sse4.1, sse4.2, popcnt, avx, avx2, aes, clmul, erms, lzcnt, ht, tsc, tscinvbit, bmi1, bmi2

Memory: 4k page, physical 8268888k(2325980k free), swap 11516044k(1613332k free)

vm_info: Java HotSpot(TM) 64-Bit Server VM (25.65-b01) for windows-amd64 JRE (1.8.0_65-b17), built on Oct  6 2015 16:39:20 by "java_re" with MS VC++ 10.0 (VS2010)

time: Mon Mar 20 20:12:25 2017
elapsed time: 12 seconds (0d 0h 0m 12s)

